#-----------------------------------------------------------
# Vivado v2025.2 (64-bit)
# SW Build 6299465 on Fri Nov 14 19:35:11 GMT 2025
# IP Build 6300035 on Fri Nov 14 10:48:45 MST 2025
# SharedData Build 6298862 on Thu Nov 13 04:50:51 MST 2025
# Start of session at: Sat Apr 11 18:03:53 2026
# Process ID         : 44696
# Current directory  : C:/Users/aptay/Dropbox/adiuvo/f14-CADC/implementation/scripts
# Command line       : vivado.exe -mode gui -source create_project_tile.tcl
# Log file           : C:/Users/aptay/Dropbox/adiuvo/f14-CADC/implementation/scripts/vivado.log
# Journal file       : C:/Users/aptay/Dropbox/adiuvo/f14-CADC/implementation/scripts\vivado.jou
# Running On         : Adiuvo_Adam
# Platform           : Windows Server 2016 or Windows 10
# Operating System   : 26200
# Processor Detail   : Intel(R) Core(TM) Ultra 9 285H
# CPU Frequency      : 3686 MHz
# CPU Physical cores : 16
# CPU Logical cores  : 16
# Host memory        : 33777 MB
# Swap memory        : 36507 MB
# Total Virtual      : 70284 MB
# Available Virtual  : 35921 MB
#-----------------------------------------------------------
start_gui
source create_project_tile.tcl
# set project_name "cadc_tile"
# set project_dir "[file dirname [info script]]/../vivado_proj_tile"
# set src_dir "[file dirname [info script]]/../../hdl"
# set constraints_dir "[file dirname [info script]]/../constraints"
# set ip_axi_uart_dir "C:/GIT/ip_axi_uart/src"
# set ip_axi_protocol_lite_dir "C:/GIT/ip_axi_protocol_lite"
# set cl_axi_common_dir "C:/GIT/cl_axi_common"
# set cl_common_dir "C:/GIT/cl_common"
# set part "xc7s25csga225-1"
# create_project $project_name $project_dir -part $part -force
WARNING: [Board 49-26] cannot add Board Part trenz.biz:te0950_23_1lse:part0:1.0 available at C:/hdl_projects/TE0950_23_1LSE/1.0/board.xml as part xcve2302-sfva784-1lp-e-s-es1 specified in board_part file is either invalid or not available
WARNING: [Board 49-26] cannot add Board Part xilinx.com:vrk160:part0:1.0 available at C:/AMDDesignTools/2025.2/data/xhub/boards\XilinxBoardStore\boards\Xilinx\vrk160\1.0\board.xml as part xcvr1602-vsva2488-2mp-e-s-es1 specified in board_part file is either invalid or not available
WARNING: [Board 49-26] cannot add Board Part xilinx.com:vrk160:part0:1.1 available at C:/AMDDesignTools/2025.2/data/xhub/boards\XilinxBoardStore\boards\Xilinx\vrk160\1.1\board.xml as part xcvr1602-vsva2488-2mp-e-s-es1 specified in board_part file is either invalid or not available
WARNING: [Board 49-26] cannot add Board Part xilinx.com:zcu208ld:part0:2.0 available at C:/AMDDesignTools/2025.2/data/xhub/boards\XilinxBoardStore\boards\Xilinx\zcu208ld\production\2.0\board.xml as part xczu58dr-fsvg1517-2-i specified in board_part file is either invalid or not available
WARNING: [Board 49-26] cannot add Board Part xilinx.com:zcu216ld:part0:2.0 available at C:/AMDDesignTools/2025.2/data/xhub/boards\XilinxBoardStore\boards\Xilinx\zcu216ld\production\2.0\board.xml as part xczu59dr-ffvf1760-2-i specified in board_part file is either invalid or not available
WARNING: [Board 49-26] cannot add Board Part xilinx.com:zcu670ld:part0:1.0 available at C:/AMDDesignTools/2025.2/data/xhub/boards\XilinxBoardStore\boards\Xilinx\zcu670ld\1.0\board.xml as part xczu57dr-fsve1156-2-i specified in board_part file is either invalid or not available
INFO: [IP_Flow 19-234] Refreshing IP repositories
INFO: [IP_Flow 19-1704] No user IP repositories specified
INFO: [IP_Flow 19-2313] Loaded Vivado IP repository 'C:/AMDDesignTools/2025.2/Vivado/data/ip'.
create_project: Time (s): cpu = 00:00:22 ; elapsed = 00:00:16 . Memory (MB): peak = 1848.395 ; gain = 339.293
# set_property target_language VHDL [current_project]
# set_property simulator_language Mixed [current_project]
# add_files -norecurse [list \
#     "$src_dir/cadc_top.vhd" \
#     "$src_dir/cadc_wrapper.vhd" \
#     "$src_dir/clock_divider.vhd" \
#     "$src_dir/control_rom_sequencer.vhd" \
#     "$src_dir/io_bridge.vhd" \
#     "$src_dir/pdu.vhd" \
#     "$src_dir/pmu.vhd" \
#     "$src_dir/ras.vhd" \
#     "$src_dir/sl.vhd" \
#     "$src_dir/slf.vhd" \
#     "$src_dir/timing_generator.vhd" \
#     "$src_dir/axi_protocol_wrapper.vhd" \
# ]
# add_files -norecurse [list \
#     "$ip_axi_uart_dir/axi_uart_pkg.vhd" \
#     "$ip_axi_uart_dir/axi_uart_rx_fsm.vhd" \
#     "$ip_axi_uart_dir/axi_uart_tx_fsm.vhd" \
#     "$ip_axi_uart_dir/axi_uart.vhd" \
# ]
# add_files -norecurse [list \
#     "$ip_axi_protocol_lite_dir/protocol.vhd" \
# ]
# add_files -norecurse [list \
#     "$cl_axi_common_dir/cl_axi_common/cl_axi_common_pkg.vhd" \
#     "$cl_axi_common_dir/axis_slice/axis_slice.vhd" \
#     "$cl_axi_common_dir/axis_fifo/axis_fifo.vhd" \
# ]
ERROR: [Vivado 12-172] File or Directory 'C:/GIT/cl_axi_common/cl_axi_common/cl_axi_common_pkg.vhd' does not exist
exit
INFO: [Common 17-206] Exiting Vivado at Sat Apr 11 18:06:14 2026...
