#-----------------------------------------------------------
# Vivado v2025.2 (64-bit)
# SW Build 6299465 on Fri Nov 14 19:35:11 GMT 2025
# IP Build 6300035 on Fri Nov 14 10:48:45 MST 2025
# SharedData Build 6298862 on Thu Nov 13 04:50:51 MST 2025
# Start of session at: Wed Mar 18 14:44:21 2026
# Process ID         : 37128
# Current directory  : C:/Users/aptay/Dropbox/adiuvo/f14-CADC/implementation/scripts
# Command line       : vivado.exe -mode batch -source build_artys7.tcl
# Log file           : C:/Users/aptay/Dropbox/adiuvo/f14-CADC/implementation/scripts/vivado.log
# Journal file       : C:/Users/aptay/Dropbox/adiuvo/f14-CADC/implementation/scripts\vivado.jou
# Running On         : Adiuvo_Adam
# Platform           : Windows Server 2016 or Windows 10
# Operating System   : 26200
# Processor Detail   : Intel(R) Core(TM) Ultra 9 285H
# CPU Frequency      : 3686 MHz
# CPU Physical cores : 16
# CPU Logical cores  : 16
# Host memory        : 33777 MB
# Swap memory        : 61514 MB
# Total Virtual      : 95291 MB
# Available Virtual  : 594 MB
#-----------------------------------------------------------
source build_artys7.tcl
# open_project ../vivado_proj_artys7/cadc_artys7.xpr
Scanning sources...
Finished scanning sources
WARNING: [Board 49-26] cannot add Board Part xilinx.com:vrk160:part0:1.0 available at C:/AMDDesignTools/2025.2/data/xhub/boards\XilinxBoardStore\boards\Xilinx\vrk160\1.0\board.xml as part xcvr1602-vsva2488-2mp-e-s-es1 specified in board_part file is either invalid or not available
WARNING: [Board 49-26] cannot add Board Part xilinx.com:vrk160:part0:1.1 available at C:/AMDDesignTools/2025.2/data/xhub/boards\XilinxBoardStore\boards\Xilinx\vrk160\1.1\board.xml as part xcvr1602-vsva2488-2mp-e-s-es1 specified in board_part file is either invalid or not available
WARNING: [Board 49-26] cannot add Board Part xilinx.com:zcu208ld:part0:2.0 available at C:/AMDDesignTools/2025.2/data/xhub/boards\XilinxBoardStore\boards\Xilinx\zcu208ld\production\2.0\board.xml as part xczu58dr-fsvg1517-2-i specified in board_part file is either invalid or not available
WARNING: [Board 49-26] cannot add Board Part xilinx.com:zcu216ld:part0:2.0 available at C:/AMDDesignTools/2025.2/data/xhub/boards\XilinxBoardStore\boards\Xilinx\zcu216ld\production\2.0\board.xml as part xczu59dr-ffvf1760-2-i specified in board_part file is either invalid or not available
WARNING: [Board 49-26] cannot add Board Part xilinx.com:zcu670ld:part0:1.0 available at C:/AMDDesignTools/2025.2/data/xhub/boards\XilinxBoardStore\boards\Xilinx\zcu670ld\1.0\board.xml as part xczu57dr-fsve1156-2-i specified in board_part file is either invalid or not available
WARNING: [Project 1-5713] Board part '' set for the project  is not found. BoardPart property will be unset. Please select board from latest repo build 
INFO: [IP_Flow 19-234] Refreshing IP repositories
INFO: [IP_Flow 19-1704] No user IP repositories specified
INFO: [IP_Flow 19-2313] Loaded Vivado IP repository 'C:/AMDDesignTools/2025.2/Vivado/data/ip'.
WARNING: [IP_Flow 19-3664] IP 'cadc_system_cadc_top_0_0' generated file not found 'c:/Users/aptay/Dropbox/adiuvo/f14-CADC/implementation/vivado_proj_artys7/cadc_artys7.gen/sources_1/bd/cadc_system/ip/cadc_system_cadc_top_0_0/cadc_system_cadc_top_0_0.dcp'. Please regenerate to continue.
WARNING: [IP_Flow 19-3664] IP 'cadc_system_cadc_top_0_0' generated file not found 'c:/Users/aptay/Dropbox/adiuvo/f14-CADC/implementation/vivado_proj_artys7/cadc_artys7.gen/sources_1/bd/cadc_system/ip/cadc_system_cadc_top_0_0/cadc_system_cadc_top_0_0_stub.v'. Please regenerate to continue.
WARNING: [IP_Flow 19-3664] IP 'cadc_system_cadc_top_0_0' generated file not found 'c:/Users/aptay/Dropbox/adiuvo/f14-CADC/implementation/vivado_proj_artys7/cadc_artys7.gen/sources_1/bd/cadc_system/ip/cadc_system_cadc_top_0_0/cadc_system_cadc_top_0_0_stub.vhdl'. Please regenerate to continue.
WARNING: [IP_Flow 19-3664] IP 'cadc_system_cadc_top_0_0' generated file not found 'c:/Users/aptay/Dropbox/adiuvo/f14-CADC/implementation/vivado_proj_artys7/cadc_artys7.gen/sources_1/bd/cadc_system/ip/cadc_system_cadc_top_0_0/cadc_system_cadc_top_0_0_sim_netlist.v'. Please regenerate to continue.
WARNING: [IP_Flow 19-3664] IP 'cadc_system_cadc_top_0_0' generated file not found 'c:/Users/aptay/Dropbox/adiuvo/f14-CADC/implementation/vivado_proj_artys7/cadc_artys7.gen/sources_1/bd/cadc_system/ip/cadc_system_cadc_top_0_0/cadc_system_cadc_top_0_0_sim_netlist.vhdl'. Please regenerate to continue.
INFO: [Project 1-5698] Found the below utility IPs instantiated in block design C:/Users/aptay/Dropbox/adiuvo/f14-CADC/implementation/vivado_proj_artys7/cadc_artys7.srcs/sources_1/bd/cadc_system/cadc_system.bd which have equivalent inline hdl with improved performance and reduced diskspace.
It is recommended to migrate these utility IPs to inline hdl  using the command upgrade_project -migrate_to_inline_hdl.  The utility IPs may be deprecated in future releases.
More information on inline hdl is available in UG994.
Utility IP Component Instances:
 cadc_system_util_vector_logic_0_0
open_project: Time (s): cpu = 00:00:09 ; elapsed = 00:00:08 . Memory (MB): peak = 724.809 ; gain = 284.387
WARNING: [Vivado 12-818] No files matched '*'
# foreach f [get_files -of_objects [get_filesets sources_1] -filter {FILE_TYPE == VHDL && IS_GENERATED == 0 && IS_AUTO_DISABLED == 0}] {
#     if {[string match "*/hdl/*.vhd" $f] && ![string match "*wrapper*" $f] && ![string match "*clock_divider*" $f]} {
#         set_property file_type {VHDL 2008} $f
#     }
# }
# reset_run synth_1
# launch_runs synth_1 -jobs 8
WARNING: [Vivado 12-7122] Auto Incremental Compile:: No reference checkpoint was found in run synth_1. Auto-incremental flow will not be run, the standard flow will be run instead.
ERROR: [filemgmt 56-195] Reference 'cadc_wrapper' contains top file 'C:/Users/aptay/Dropbox/adiuvo/f14-CADC/hdl/cadc_wrapper.vhd' of type VHDL 2008. This type is not allowed as the top file in the reference.
ERROR: [Runs 36-346] File 'C:/Users/aptay/Dropbox/adiuvo/f14-CADC/implementation/vivado_proj_artys7/cadc_artys7.srcs/sources_1/bd/cadc_system/ip/cadc_system_cadc_top_0_0/cadc_system_cadc_top_0_0.xci' needed for run contains invalid reference(s).
INFO: [Common 17-206] Exiting Vivado at Wed Mar 18 14:44:38 2026...
