#-----------------------------------------------------------
# Vivado v2025.2 (64-bit)
# SW Build 6299465 on Fri Nov 14 19:35:11 GMT 2025
# IP Build 6300035 on Fri Nov 14 10:48:45 MST 2025
# SharedData Build 6298862 on Thu Nov 13 04:50:51 MST 2025
# Start of session at: Wed Mar 18 14:45:01 2026
# Process ID         : 33524
# Current directory  : C:/Users/aptay/Dropbox/adiuvo/f14-CADC/implementation/scripts
# Command line       : vivado.exe -mode batch -source build_artys7.tcl
# Log file           : C:/Users/aptay/Dropbox/adiuvo/f14-CADC/implementation/scripts/vivado.log
# Journal file       : C:/Users/aptay/Dropbox/adiuvo/f14-CADC/implementation/scripts\vivado.jou
# Running On         : Adiuvo_Adam
# Platform           : Windows Server 2016 or Windows 10
# Operating System   : 26200
# Processor Detail   : Intel(R) Core(TM) Ultra 9 285H
# CPU Frequency      : 3686 MHz
# CPU Physical cores : 16
# CPU Logical cores  : 16
# Host memory        : 33777 MB
# Swap memory        : 67989 MB
# Total Virtual      : 101767 MB
# Available Virtual  : 218 MB
#-----------------------------------------------------------
source build_artys7.tcl
# open_project ../vivado_proj_artys7/cadc_artys7.xpr
Scanning sources...
Finished scanning sources
WARNING: [Board 49-26] cannot add Board Part xilinx.com:vrk160:part0:1.0 available at C:/AMDDesignTools/2025.2/data/xhub/boards\XilinxBoardStore\boards\Xilinx\vrk160\1.0\board.xml as part xcvr1602-vsva2488-2mp-e-s-es1 specified in board_part file is either invalid or not available
WARNING: [Board 49-26] cannot add Board Part xilinx.com:vrk160:part0:1.1 available at C:/AMDDesignTools/2025.2/data/xhub/boards\XilinxBoardStore\boards\Xilinx\vrk160\1.1\board.xml as part xcvr1602-vsva2488-2mp-e-s-es1 specified in board_part file is either invalid or not available
WARNING: [Board 49-26] cannot add Board Part xilinx.com:zcu208ld:part0:2.0 available at C:/AMDDesignTools/2025.2/data/xhub/boards\XilinxBoardStore\boards\Xilinx\zcu208ld\production\2.0\board.xml as part xczu58dr-fsvg1517-2-i specified in board_part file is either invalid or not available
WARNING: [Board 49-26] cannot add Board Part xilinx.com:zcu216ld:part0:2.0 available at C:/AMDDesignTools/2025.2/data/xhub/boards\XilinxBoardStore\boards\Xilinx\zcu216ld\production\2.0\board.xml as part xczu59dr-ffvf1760-2-i specified in board_part file is either invalid or not available
WARNING: [Board 49-26] cannot add Board Part xilinx.com:zcu670ld:part0:1.0 available at C:/AMDDesignTools/2025.2/data/xhub/boards\XilinxBoardStore\boards\Xilinx\zcu670ld\1.0\board.xml as part xczu57dr-fsve1156-2-i specified in board_part file is either invalid or not available
WARNING: [Project 1-5713] Board part '' set for the project  is not found. BoardPart property will be unset. Please select board from latest repo build 
INFO: [IP_Flow 19-234] Refreshing IP repositories
INFO: [IP_Flow 19-1704] No user IP repositories specified
INFO: [IP_Flow 19-2313] Loaded Vivado IP repository 'C:/AMDDesignTools/2025.2/Vivado/data/ip'.
WARNING: [IP_Flow 19-3664] IP 'cadc_system_cadc_top_0_0' generated file not found 'c:/Users/aptay/Dropbox/adiuvo/f14-CADC/implementation/vivado_proj_artys7/cadc_artys7.gen/sources_1/bd/cadc_system/ip/cadc_system_cadc_top_0_0/cadc_system_cadc_top_0_0.dcp'. Please regenerate to continue.
WARNING: [IP_Flow 19-3664] IP 'cadc_system_cadc_top_0_0' generated file not found 'c:/Users/aptay/Dropbox/adiuvo/f14-CADC/implementation/vivado_proj_artys7/cadc_artys7.gen/sources_1/bd/cadc_system/ip/cadc_system_cadc_top_0_0/cadc_system_cadc_top_0_0_stub.v'. Please regenerate to continue.
WARNING: [IP_Flow 19-3664] IP 'cadc_system_cadc_top_0_0' generated file not found 'c:/Users/aptay/Dropbox/adiuvo/f14-CADC/implementation/vivado_proj_artys7/cadc_artys7.gen/sources_1/bd/cadc_system/ip/cadc_system_cadc_top_0_0/cadc_system_cadc_top_0_0_stub.vhdl'. Please regenerate to continue.
WARNING: [IP_Flow 19-3664] IP 'cadc_system_cadc_top_0_0' generated file not found 'c:/Users/aptay/Dropbox/adiuvo/f14-CADC/implementation/vivado_proj_artys7/cadc_artys7.gen/sources_1/bd/cadc_system/ip/cadc_system_cadc_top_0_0/cadc_system_cadc_top_0_0_sim_netlist.v'. Please regenerate to continue.
WARNING: [IP_Flow 19-3664] IP 'cadc_system_cadc_top_0_0' generated file not found 'c:/Users/aptay/Dropbox/adiuvo/f14-CADC/implementation/vivado_proj_artys7/cadc_artys7.gen/sources_1/bd/cadc_system/ip/cadc_system_cadc_top_0_0/cadc_system_cadc_top_0_0_sim_netlist.vhdl'. Please regenerate to continue.
INFO: [Project 1-5698] Found the below utility IPs instantiated in block design C:/Users/aptay/Dropbox/adiuvo/f14-CADC/implementation/vivado_proj_artys7/cadc_artys7.srcs/sources_1/bd/cadc_system/cadc_system.bd which have equivalent inline hdl with improved performance and reduced diskspace.
It is recommended to migrate these utility IPs to inline hdl  using the command upgrade_project -migrate_to_inline_hdl.  The utility IPs may be deprecated in future releases.
More information on inline hdl is available in UG994.
Utility IP Component Instances:
 cadc_system_util_vector_logic_0_0
open_project: Time (s): cpu = 00:00:09 ; elapsed = 00:00:08 . Memory (MB): peak = 724.316 ; gain = 281.902
# set_property file_type VHDL [get_files */hdl/cadc_wrapper.vhd]
# set_property file_type VHDL [get_files */hdl/clock_divider.vhd]
# foreach f [get_files */hdl/*.vhd] {
#     if {![string match "*wrapper*" $f] && ![string match "*clock_divider*" $f]} {
#         set_property file_type {VHDL 2008} $f
#     }
# }
CRITICAL WARNING: [filemgmt 20-1702] Unable to set property on the file: c:/Users/aptay/Dropbox/adiuvo/f14-CADC/implementation/vivado_proj_artys7/cadc_artys7.gen/sources_1/bd/cadc_system/ipshared/9438/hdl/proc_sys_reset_v5_0_vh_rfs.vhd
File is managed as part of sub-design (IP, Block Design, DSP Design, etc.) file: C:/Users/aptay/Dropbox/adiuvo/f14-CADC/implementation/vivado_proj_artys7/cadc_artys7.srcs/sources_1/bd/cadc_system/ip/cadc_system_proc_sys_reset_0_0/cadc_system_proc_sys_reset_0_0.xci
CRITICAL WARNING: [filemgmt 20-1702] Unable to set property on the file: c:/Users/aptay/Dropbox/adiuvo/f14-CADC/implementation/vivado_proj_artys7/cadc_artys7.gen/sources_1/bd/cadc_system/ipshared/66ea/hdl/axi_lite_ipif_v3_0_vh_rfs.vhd
File is managed as part of sub-design (IP, Block Design, DSP Design, etc.) file: C:/Users/aptay/Dropbox/adiuvo/f14-CADC/implementation/vivado_proj_artys7/cadc_artys7.srcs/sources_1/bd/cadc_system/ip/cadc_system_axi_gpio_ps_0/cadc_system_axi_gpio_ps_0.xci
CRITICAL WARNING: [filemgmt 20-1702] Unable to set property on the file: c:/Users/aptay/Dropbox/adiuvo/f14-CADC/implementation/vivado_proj_artys7/cadc_artys7.gen/sources_1/bd/cadc_system/ipshared/d8cc/hdl/interrupt_control_v3_1_vh_rfs.vhd
File is managed as part of sub-design (IP, Block Design, DSP Design, etc.) file: C:/Users/aptay/Dropbox/adiuvo/f14-CADC/implementation/vivado_proj_artys7/cadc_artys7.srcs/sources_1/bd/cadc_system/ip/cadc_system_axi_gpio_ps_0/cadc_system_axi_gpio_ps_0.xci
CRITICAL WARNING: [filemgmt 20-1702] Unable to set property on the file: c:/Users/aptay/Dropbox/adiuvo/f14-CADC/implementation/vivado_proj_artys7/cadc_artys7.gen/sources_1/bd/cadc_system/ipshared/0271/hdl/axi_gpio_v2_0_vh_rfs.vhd
File is managed as part of sub-design (IP, Block Design, DSP Design, etc.) file: C:/Users/aptay/Dropbox/adiuvo/f14-CADC/implementation/vivado_proj_artys7/cadc_artys7.srcs/sources_1/bd/cadc_system/ip/cadc_system_axi_gpio_ps_0/cadc_system_axi_gpio_ps_0.xci
CRITICAL WARNING: [filemgmt 20-1702] Unable to set property on the file: c:/Users/aptay/Dropbox/adiuvo/f14-CADC/implementation/vivado_proj_artys7/cadc_artys7.gen/sources_1/bd/cadc_system/ipshared/66ea/hdl/axi_lite_ipif_v3_0_vh_rfs.vhd
File is managed as part of sub-design (IP, Block Design, DSP Design, etc.) file: C:/Users/aptay/Dropbox/adiuvo/f14-CADC/implementation/vivado_proj_artys7/cadc_artys7.srcs/sources_1/bd/cadc_system/ip/cadc_system_axi_gpio_qc_0/cadc_system_axi_gpio_qc_0.xci
CRITICAL WARNING: [filemgmt 20-1702] Unable to set property on the file: c:/Users/aptay/Dropbox/adiuvo/f14-CADC/implementation/vivado_proj_artys7/cadc_artys7.gen/sources_1/bd/cadc_system/ipshared/d8cc/hdl/interrupt_control_v3_1_vh_rfs.vhd
File is managed as part of sub-design (IP, Block Design, DSP Design, etc.) file: C:/Users/aptay/Dropbox/adiuvo/f14-CADC/implementation/vivado_proj_artys7/cadc_artys7.srcs/sources_1/bd/cadc_system/ip/cadc_system_axi_gpio_qc_0/cadc_system_axi_gpio_qc_0.xci
CRITICAL WARNING: [filemgmt 20-1702] Unable to set property on the file: c:/Users/aptay/Dropbox/adiuvo/f14-CADC/implementation/vivado_proj_artys7/cadc_artys7.gen/sources_1/bd/cadc_system/ipshared/0271/hdl/axi_gpio_v2_0_vh_rfs.vhd
File is managed as part of sub-design (IP, Block Design, DSP Design, etc.) file: C:/Users/aptay/Dropbox/adiuvo/f14-CADC/implementation/vivado_proj_artys7/cadc_artys7.srcs/sources_1/bd/cadc_system/ip/cadc_system_axi_gpio_qc_0/cadc_system_axi_gpio_qc_0.xci
CRITICAL WARNING: [filemgmt 20-1702] Unable to set property on the file: c:/Users/aptay/Dropbox/adiuvo/f14-CADC/implementation/vivado_proj_artys7/cadc_artys7.gen/sources_1/bd/cadc_system/ipshared/66ea/hdl/axi_lite_ipif_v3_0_vh_rfs.vhd
File is managed as part of sub-design (IP, Block Design, DSP Design, etc.) file: C:/Users/aptay/Dropbox/adiuvo/f14-CADC/implementation/vivado_proj_artys7/cadc_artys7.srcs/sources_1/bd/cadc_system/ip/cadc_system_axi_gpio_tat_0/cadc_system_axi_gpio_tat_0.xci
CRITICAL WARNING: [filemgmt 20-1702] Unable to set property on the file: c:/Users/aptay/Dropbox/adiuvo/f14-CADC/implementation/vivado_proj_artys7/cadc_artys7.gen/sources_1/bd/cadc_system/ipshared/d8cc/hdl/interrupt_control_v3_1_vh_rfs.vhd
File is managed as part of sub-design (IP, Block Design, DSP Design, etc.) file: C:/Users/aptay/Dropbox/adiuvo/f14-CADC/implementation/vivado_proj_artys7/cadc_artys7.srcs/sources_1/bd/cadc_system/ip/cadc_system_axi_gpio_tat_0/cadc_system_axi_gpio_tat_0.xci
CRITICAL WARNING: [filemgmt 20-1702] Unable to set property on the file: c:/Users/aptay/Dropbox/adiuvo/f14-CADC/implementation/vivado_proj_artys7/cadc_artys7.gen/sources_1/bd/cadc_system/ipshared/0271/hdl/axi_gpio_v2_0_vh_rfs.vhd
File is managed as part of sub-design (IP, Block Design, DSP Design, etc.) file: C:/Users/aptay/Dropbox/adiuvo/f14-CADC/implementation/vivado_proj_artys7/cadc_artys7.srcs/sources_1/bd/cadc_system/ip/cadc_system_axi_gpio_tat_0/cadc_system_axi_gpio_tat_0.xci
CRITICAL WARNING: [filemgmt 20-1702] Unable to set property on the file: c:/Users/aptay/Dropbox/adiuvo/f14-CADC/implementation/vivado_proj_artys7/cadc_artys7.gen/sources_1/bd/cadc_system/ipshared/66ea/hdl/axi_lite_ipif_v3_0_vh_rfs.vhd
File is managed as part of sub-design (IP, Block Design, DSP Design, etc.) file: C:/Users/aptay/Dropbox/adiuvo/f14-CADC/implementation/vivado_proj_artys7/cadc_artys7.srcs/sources_1/bd/cadc_system/ip/cadc_system_axi_gpio_analog_0/cadc_system_axi_gpio_analog_0.xci
CRITICAL WARNING: [filemgmt 20-1702] Unable to set property on the file: c:/Users/aptay/Dropbox/adiuvo/f14-CADC/implementation/vivado_proj_artys7/cadc_artys7.gen/sources_1/bd/cadc_system/ipshared/d8cc/hdl/interrupt_control_v3_1_vh_rfs.vhd
File is managed as part of sub-design (IP, Block Design, DSP Design, etc.) file: C:/Users/aptay/Dropbox/adiuvo/f14-CADC/implementation/vivado_proj_artys7/cadc_artys7.srcs/sources_1/bd/cadc_system/ip/cadc_system_axi_gpio_analog_0/cadc_system_axi_gpio_analog_0.xci
CRITICAL WARNING: [filemgmt 20-1702] Unable to set property on the file: c:/Users/aptay/Dropbox/adiuvo/f14-CADC/implementation/vivado_proj_artys7/cadc_artys7.gen/sources_1/bd/cadc_system/ipshared/0271/hdl/axi_gpio_v2_0_vh_rfs.vhd
File is managed as part of sub-design (IP, Block Design, DSP Design, etc.) file: C:/Users/aptay/Dropbox/adiuvo/f14-CADC/implementation/vivado_proj_artys7/cadc_artys7.srcs/sources_1/bd/cadc_system/ip/cadc_system_axi_gpio_analog_0/cadc_system_axi_gpio_analog_0.xci
CRITICAL WARNING: [filemgmt 20-1702] Unable to set property on the file: c:/Users/aptay/Dropbox/adiuvo/f14-CADC/implementation/vivado_proj_artys7/cadc_artys7.gen/sources_1/bd/cadc_system/ipshared/66ea/hdl/axi_lite_ipif_v3_0_vh_rfs.vhd
File is managed as part of sub-design (IP, Block Design, DSP Design, etc.) file: C:/Users/aptay/Dropbox/adiuvo/f14-CADC/implementation/vivado_proj_artys7/cadc_artys7.srcs/sources_1/bd/cadc_system/ip/cadc_system_axi_gpio_digital_0/cadc_system_axi_gpio_digital_0.xci
CRITICAL WARNING: [filemgmt 20-1702] Unable to set property on the file: c:/Users/aptay/Dropbox/adiuvo/f14-CADC/implementation/vivado_proj_artys7/cadc_artys7.gen/sources_1/bd/cadc_system/ipshared/d8cc/hdl/interrupt_control_v3_1_vh_rfs.vhd
File is managed as part of sub-design (IP, Block Design, DSP Design, etc.) file: C:/Users/aptay/Dropbox/adiuvo/f14-CADC/implementation/vivado_proj_artys7/cadc_artys7.srcs/sources_1/bd/cadc_system/ip/cadc_system_axi_gpio_digital_0/cadc_system_axi_gpio_digital_0.xci
CRITICAL WARNING: [filemgmt 20-1702] Unable to set property on the file: c:/Users/aptay/Dropbox/adiuvo/f14-CADC/implementation/vivado_proj_artys7/cadc_artys7.gen/sources_1/bd/cadc_system/ipshared/0271/hdl/axi_gpio_v2_0_vh_rfs.vhd
File is managed as part of sub-design (IP, Block Design, DSP Design, etc.) file: C:/Users/aptay/Dropbox/adiuvo/f14-CADC/implementation/vivado_proj_artys7/cadc_artys7.srcs/sources_1/bd/cadc_system/ip/cadc_system_axi_gpio_digital_0/cadc_system_axi_gpio_digital_0.xci
# generate_target all [get_files */cadc_system.bd]
INFO: [BD 41-1637] Generated targets are already up-to-date for block design 'cadc_system' - hence not re-generating.
# reset_run synth_1
# launch_runs synth_1 -jobs 8
WARNING: [Vivado 12-7122] Auto Incremental Compile:: No reference checkpoint was found in run synth_1. Auto-incremental flow will not be run, the standard flow will be run instead.
[Wed Mar 18 14:45:18 2026] Launched cadc_system_cadc_top_0_0_synth_1...
Run output will be captured here: C:/Users/aptay/Dropbox/adiuvo/f14-CADC/implementation/vivado_proj_artys7/cadc_artys7.runs/cadc_system_cadc_top_0_0_synth_1/runme.log
[Wed Mar 18 14:45:18 2026] Launched synth_1...
Run output will be captured here: C:/Users/aptay/Dropbox/adiuvo/f14-CADC/implementation/vivado_proj_artys7/cadc_artys7.runs/synth_1/runme.log
# wait_on_run synth_1
[Wed Mar 18 14:45:18 2026] Waiting for synth_1 to finish...

*** Running vivado
    with args -log cadc_system_wrapper.vds -m64 -product Vivado -mode batch -messageDb vivado.pb -notrace -source cadc_system_wrapper.tcl



****** Vivado v2025.2 (64-bit)
  **** SW Build 6299465 on Fri Nov 14 19:35:11 GMT 2025
  **** IP Build 6300035 on Fri Nov 14 10:48:45 MST 2025
  **** SharedData Build 6298862 on Thu Nov 13 04:50:51 MST 2025
  **** Start of session at: Wed Mar 18 14:46:01 2026
    ** Copyright 1986-2022 Xilinx, Inc. All Rights Reserved.
    ** Copyright 2022-2025 Advanced Micro Devices, Inc. All Rights Reserved.

source cadc_system_wrapper.tcl -notrace
create_project: Time (s): cpu = 00:00:07 ; elapsed = 00:00:05 . Memory (MB): peak = 661.730 ; gain = 219.777
INFO: [IP_Flow 19-234] Refreshing IP repositories
INFO: [IP_Flow 19-1704] No user IP repositories specified
INFO: [IP_Flow 19-2313] Loaded Vivado IP repository 'C:/AMDDesignTools/2025.2/Vivado/data/ip'.
INFO: [Project 1-5698] Found the below utility IPs instantiated in block design C:/Users/aptay/Dropbox/adiuvo/f14-CADC/implementation/vivado_proj_artys7/cadc_artys7.srcs/sources_1/bd/cadc_system/cadc_system.bd which have equivalent inline hdl with improved performance and reduced diskspace.
It is recommended to migrate these utility IPs to inline hdl  using the command upgrade_project -migrate_to_inline_hdl.  The utility IPs may be deprecated in future releases.
More information on inline hdl is available in UG994.
Utility IP Component Instances:
 cadc_system_util_vector_logic_0_0
Command: synth_design -top cadc_system_wrapper -part xc7s50csga324-1
Starting synth_design
Attempting to get a license for feature 'Synthesis' and/or device 'xc7s50'
INFO: [Common 17-349] Got license for feature 'Synthesis' and/or device 'xc7s50'
INFO: [Device 21-403] Loading part xc7s50csga324-1
INFO: [Synth 8-7079] Multithreading enabled for synth_design using a maximum of 2 processes.
INFO: [Synth 8-7078] Launching helper process for spawning children vivado processes
INFO: [Synth 8-7075] Helper process launched with PID 14896
---------------------------------------------------------------------------------
Starting RTL Elaboration : Time (s): cpu = 00:00:04 ; elapsed = 00:00:05 . Memory (MB): peak = 1423.680 ; gain = 541.883
---------------------------------------------------------------------------------
INFO: [Synth 8-638] synthesizing module 'cadc_system_wrapper' [C:/Users/aptay/Dropbox/adiuvo/f14-CADC/implementation/vivado_proj_artys7/cadc_artys7.gen/sources_1/bd/cadc_system/hdl/cadc_system_wrapper.vhd:22]
INFO: [Synth 8-3491] module 'cadc_system' declared at 'c:/Users/aptay/Dropbox/adiuvo/f14-CADC/implementation/vivado_proj_artys7/cadc_artys7.gen/sources_1/bd/cadc_system/synth/cadc_system.vhd:1272' bound to instance 'cadc_system_i' of component 'cadc_system' [C:/Users/aptay/Dropbox/adiuvo/f14-CADC/implementation/vivado_proj_artys7/cadc_artys7.gen/sources_1/bd/cadc_system/hdl/cadc_system_wrapper.vhd:30]
INFO: [Synth 8-638] synthesizing module 'cadc_system' [c:/Users/aptay/Dropbox/adiuvo/f14-CADC/implementation/vivado_proj_artys7/cadc_artys7.gen/sources_1/bd/cadc_system/synth/cadc_system.vhd:1283]
INFO: [Synth 8-3491] module 'cadc_system_axi_gpio_analog_0' declared at 'C:/Users/aptay/Dropbox/adiuvo/f14-CADC/implementation/vivado_proj_artys7/cadc_artys7.runs/synth_1/.Xil/Vivado-23600-Adiuvo_Adam/realtime/cadc_system_axi_gpio_analog_0_stub.vhdl:6' bound to instance 'axi_gpio_analog' of component 'cadc_system_axi_gpio_analog_0' [c:/Users/aptay/Dropbox/adiuvo/f14-CADC/implementation/vivado_proj_artys7/cadc_artys7.gen/sources_1/bd/cadc_system/synth/cadc_system.vhd:1672]
INFO: [Synth 8-638] synthesizing module 'cadc_system_axi_gpio_analog_0' [C:/Users/aptay/Dropbox/adiuvo/f14-CADC/implementation/vivado_proj_artys7/cadc_artys7.runs/synth_1/.Xil/Vivado-23600-Adiuvo_Adam/realtime/cadc_system_axi_gpio_analog_0_stub.vhdl:38]
INFO: [Synth 8-3491] module 'cadc_system_axi_gpio_digital_0' declared at 'C:/Users/aptay/Dropbox/adiuvo/f14-CADC/implementation/vivado_proj_artys7/cadc_artys7.runs/synth_1/.Xil/Vivado-23600-Adiuvo_Adam/realtime/cadc_system_axi_gpio_digital_0_stub.vhdl:6' bound to instance 'axi_gpio_digital' of component 'cadc_system_axi_gpio_digital_0' [c:/Users/aptay/Dropbox/adiuvo/f14-CADC/implementation/vivado_proj_artys7/cadc_artys7.gen/sources_1/bd/cadc_system/synth/cadc_system.vhd:1695]
INFO: [Synth 8-638] synthesizing module 'cadc_system_axi_gpio_digital_0' [C:/Users/aptay/Dropbox/adiuvo/f14-CADC/implementation/vivado_proj_artys7/cadc_artys7.runs/synth_1/.Xil/Vivado-23600-Adiuvo_Adam/realtime/cadc_system_axi_gpio_digital_0_stub.vhdl:39]
INFO: [Synth 8-3491] module 'cadc_system_axi_gpio_ps_0' declared at 'C:/Users/aptay/Dropbox/adiuvo/f14-CADC/implementation/vivado_proj_artys7/cadc_artys7.runs/synth_1/.Xil/Vivado-23600-Adiuvo_Adam/realtime/cadc_system_axi_gpio_ps_0_stub.vhdl:6' bound to instance 'axi_gpio_ps' of component 'cadc_system_axi_gpio_ps_0' [c:/Users/aptay/Dropbox/adiuvo/f14-CADC/implementation/vivado_proj_artys7/cadc_artys7.gen/sources_1/bd/cadc_system/synth/cadc_system.vhd:1719]
INFO: [Synth 8-638] synthesizing module 'cadc_system_axi_gpio_ps_0' [C:/Users/aptay/Dropbox/adiuvo/f14-CADC/implementation/vivado_proj_artys7/cadc_artys7.runs/synth_1/.Xil/Vivado-23600-Adiuvo_Adam/realtime/cadc_system_axi_gpio_ps_0_stub.vhdl:38]
INFO: [Synth 8-3491] module 'cadc_system_axi_gpio_qc_0' declared at 'C:/Users/aptay/Dropbox/adiuvo/f14-CADC/implementation/vivado_proj_artys7/cadc_artys7.runs/synth_1/.Xil/Vivado-23600-Adiuvo_Adam/realtime/cadc_system_axi_gpio_qc_0_stub.vhdl:6' bound to instance 'axi_gpio_qc' of component 'cadc_system_axi_gpio_qc_0' [c:/Users/aptay/Dropbox/adiuvo/f14-CADC/implementation/vivado_proj_artys7/cadc_artys7.gen/sources_1/bd/cadc_system/synth/cadc_system.vhd:1742]
INFO: [Synth 8-638] synthesizing module 'cadc_system_axi_gpio_qc_0' [C:/Users/aptay/Dropbox/adiuvo/f14-CADC/implementation/vivado_proj_artys7/cadc_artys7.runs/synth_1/.Xil/Vivado-23600-Adiuvo_Adam/realtime/cadc_system_axi_gpio_qc_0_stub.vhdl:38]
INFO: [Synth 8-3491] module 'cadc_system_axi_gpio_tat_0' declared at 'C:/Users/aptay/Dropbox/adiuvo/f14-CADC/implementation/vivado_proj_artys7/cadc_artys7.runs/synth_1/.Xil/Vivado-23600-Adiuvo_Adam/realtime/cadc_system_axi_gpio_tat_0_stub.vhdl:6' bound to instance 'axi_gpio_tat' of component 'cadc_system_axi_gpio_tat_0' [c:/Users/aptay/Dropbox/adiuvo/f14-CADC/implementation/vivado_proj_artys7/cadc_artys7.gen/sources_1/bd/cadc_system/synth/cadc_system.vhd:1765]
INFO: [Synth 8-638] synthesizing module 'cadc_system_axi_gpio_tat_0' [C:/Users/aptay/Dropbox/adiuvo/f14-CADC/implementation/vivado_proj_artys7/cadc_artys7.runs/synth_1/.Xil/Vivado-23600-Adiuvo_Adam/realtime/cadc_system_axi_gpio_tat_0_stub.vhdl:38]
INFO: [Synth 8-638] synthesizing module 'cadc_system_axi_interconnect_0_0' [c:/Users/aptay/Dropbox/adiuvo/f14-CADC/implementation/vivado_proj_artys7/cadc_artys7.gen/sources_1/bd/cadc_system/synth/cadc_system.vhd:754]
INFO: [Synth 8-638] synthesizing module 'm00_couplers_imp_1D76A4Z' [c:/Users/aptay/Dropbox/adiuvo/f14-CADC/implementation/vivado_proj_artys7/cadc_artys7.gen/sources_1/bd/cadc_system/synth/cadc_system.vhd:58]
INFO: [Synth 8-256] done synthesizing module 'm00_couplers_imp_1D76A4Z' (0#1) [c:/Users/aptay/Dropbox/adiuvo/f14-CADC/implementation/vivado_proj_artys7/cadc_artys7.gen/sources_1/bd/cadc_system/synth/cadc_system.vhd:58]
INFO: [Synth 8-638] synthesizing module 'm01_couplers_imp_CWXMJ1' [c:/Users/aptay/Dropbox/adiuvo/f14-CADC/implementation/vivado_proj_artys7/cadc_artys7.gen/sources_1/bd/cadc_system/synth/cadc_system.vhd:159]
INFO: [Synth 8-256] done synthesizing module 'm01_couplers_imp_CWXMJ1' (0#1) [c:/Users/aptay/Dropbox/adiuvo/f14-CADC/implementation/vivado_proj_artys7/cadc_artys7.gen/sources_1/bd/cadc_system/synth/cadc_system.vhd:159]
INFO: [Synth 8-638] synthesizing module 'm02_couplers_imp_NQV5BI' [c:/Users/aptay/Dropbox/adiuvo/f14-CADC/implementation/vivado_proj_artys7/cadc_artys7.gen/sources_1/bd/cadc_system/synth/cadc_system.vhd:260]
INFO: [Synth 8-256] done synthesizing module 'm02_couplers_imp_NQV5BI' (0#1) [c:/Users/aptay/Dropbox/adiuvo/f14-CADC/implementation/vivado_proj_artys7/cadc_artys7.gen/sources_1/bd/cadc_system/synth/cadc_system.vhd:260]
INFO: [Synth 8-638] synthesizing module 'm03_couplers_imp_1K4U0C0' [c:/Users/aptay/Dropbox/adiuvo/f14-CADC/implementation/vivado_proj_artys7/cadc_artys7.gen/sources_1/bd/cadc_system/synth/cadc_system.vhd:361]
INFO: [Synth 8-256] done synthesizing module 'm03_couplers_imp_1K4U0C0' (0#1) [c:/Users/aptay/Dropbox/adiuvo/f14-CADC/implementation/vivado_proj_artys7/cadc_artys7.gen/sources_1/bd/cadc_system/synth/cadc_system.vhd:361]
INFO: [Synth 8-638] synthesizing module 'm04_couplers_imp_19EQ6W8' [c:/Users/aptay/Dropbox/adiuvo/f14-CADC/implementation/vivado_proj_artys7/cadc_artys7.gen/sources_1/bd/cadc_system/synth/cadc_system.vhd:462]
INFO: [Synth 8-256] done synthesizing module 'm04_couplers_imp_19EQ6W8' (0#1) [c:/Users/aptay/Dropbox/adiuvo/f14-CADC/implementation/vivado_proj_artys7/cadc_artys7.gen/sources_1/bd/cadc_system/synth/cadc_system.vhd:462]
INFO: [Synth 8-638] synthesizing module 's00_couplers_imp_PW3YDF' [c:/Users/aptay/Dropbox/adiuvo/f14-CADC/implementation/vivado_proj_artys7/cadc_artys7.gen/sources_1/bd/cadc_system/synth/cadc_system.vhd:567]
INFO: [Synth 8-256] done synthesizing module 's00_couplers_imp_PW3YDF' (0#1) [c:/Users/aptay/Dropbox/adiuvo/f14-CADC/implementation/vivado_proj_artys7/cadc_artys7.gen/sources_1/bd/cadc_system/synth/cadc_system.vhd:567]
INFO: [Synth 8-3491] module 'cadc_system_axi_interconnect_0_imp_xbar_0' declared at 'C:/Users/aptay/Dropbox/adiuvo/f14-CADC/implementation/vivado_proj_artys7/cadc_artys7.runs/synth_1/.Xil/Vivado-23600-Adiuvo_Adam/realtime/cadc_system_axi_interconnect_0_imp_xbar_0_stub.vhdl:6' bound to instance 'xbar' of component 'cadc_system_axi_interconnect_0_imp_xbar_0' [c:/Users/aptay/Dropbox/adiuvo/f14-CADC/implementation/vivado_proj_artys7/cadc_artys7.gen/sources_1/bd/cadc_system/synth/cadc_system.vhd:1156]
INFO: [Synth 8-638] synthesizing module 'cadc_system_axi_interconnect_0_imp_xbar_0' [C:/Users/aptay/Dropbox/adiuvo/f14-CADC/implementation/vivado_proj_artys7/cadc_artys7.runs/synth_1/.Xil/Vivado-23600-Adiuvo_Adam/realtime/cadc_system_axi_interconnect_0_imp_xbar_0_stub.vhdl:58]
INFO: [Synth 8-256] done synthesizing module 'cadc_system_axi_interconnect_0_0' (0#1) [c:/Users/aptay/Dropbox/adiuvo/f14-CADC/implementation/vivado_proj_artys7/cadc_artys7.gen/sources_1/bd/cadc_system/synth/cadc_system.vhd:754]
INFO: [Synth 8-3491] module 'cadc_system_cadc_top_0_0' declared at 'C:/Users/aptay/Dropbox/adiuvo/f14-CADC/implementation/vivado_proj_artys7/cadc_artys7.runs/synth_1/.Xil/Vivado-23600-Adiuvo_Adam/realtime/cadc_system_cadc_top_0_0_stub.vhdl:6' bound to instance 'cadc_top_0' of component 'cadc_system_cadc_top_0_0' [c:/Users/aptay/Dropbox/adiuvo/f14-CADC/implementation/vivado_proj_artys7/cadc_artys7.gen/sources_1/bd/cadc_system/synth/cadc_system.vhd:1909]
INFO: [Synth 8-638] synthesizing module 'cadc_system_cadc_top_0_0' [C:/Users/aptay/Dropbox/adiuvo/f14-CADC/implementation/vivado_proj_artys7/cadc_artys7.runs/synth_1/.Xil/Vivado-23600-Adiuvo_Adam/realtime/cadc_system_cadc_top_0_0_stub.vhdl:37]
INFO: [Synth 8-3491] module 'cadc_system_clk_wiz_0_0' declared at 'C:/Users/aptay/Dropbox/adiuvo/f14-CADC/implementation/vivado_proj_artys7/cadc_artys7.runs/synth_1/.Xil/Vivado-23600-Adiuvo_Adam/realtime/cadc_system_clk_wiz_0_0_stub.vhdl:6' bound to instance 'clk_wiz_0' of component 'cadc_system_clk_wiz_0_0' [c:/Users/aptay/Dropbox/adiuvo/f14-CADC/implementation/vivado_proj_artys7/cadc_artys7.gen/sources_1/bd/cadc_system/synth/cadc_system.vhd:1929]
INFO: [Synth 8-638] synthesizing module 'cadc_system_clk_wiz_0_0' [C:/Users/aptay/Dropbox/adiuvo/f14-CADC/implementation/vivado_proj_artys7/cadc_artys7.runs/synth_1/.Xil/Vivado-23600-Adiuvo_Adam/realtime/cadc_system_clk_wiz_0_0_stub.vhdl:19]
INFO: [Synth 8-3491] module 'cadc_system_clock_divider_0_0' declared at 'C:/Users/aptay/Dropbox/adiuvo/f14-CADC/implementation/vivado_proj_artys7/cadc_artys7.runs/synth_1/.Xil/Vivado-23600-Adiuvo_Adam/realtime/cadc_system_clock_divider_0_0_stub.vhdl:6' bound to instance 'clock_divider_0' of component 'cadc_system_clock_divider_0_0' [c:/Users/aptay/Dropbox/adiuvo/f14-CADC/implementation/vivado_proj_artys7/cadc_artys7.gen/sources_1/bd/cadc_system/synth/cadc_system.vhd:1937]
INFO: [Synth 8-638] synthesizing module 'cadc_system_clock_divider_0_0' [C:/Users/aptay/Dropbox/adiuvo/f14-CADC/implementation/vivado_proj_artys7/cadc_artys7.runs/synth_1/.Xil/Vivado-23600-Adiuvo_Adam/realtime/cadc_system_clock_divider_0_0_stub.vhdl:23]
INFO: [Synth 8-3491] module 'cadc_system_ila_0_0' declared at 'C:/Users/aptay/Dropbox/adiuvo/f14-CADC/implementation/vivado_proj_artys7/cadc_artys7.runs/synth_1/.Xil/Vivado-23600-Adiuvo_Adam/realtime/cadc_system_ila_0_0_stub.vhdl:6' bound to instance 'ila_0' of component 'cadc_system_ila_0_0' [c:/Users/aptay/Dropbox/adiuvo/f14-CADC/implementation/vivado_proj_artys7/cadc_artys7.gen/sources_1/bd/cadc_system/synth/cadc_system.vhd:1943]
INFO: [Synth 8-638] synthesizing module 'cadc_system_ila_0_0' [C:/Users/aptay/Dropbox/adiuvo/f14-CADC/implementation/vivado_proj_artys7/cadc_artys7.runs/synth_1/.Xil/Vivado-23600-Adiuvo_Adam/realtime/cadc_system_ila_0_0_stub.vhdl:63]
INFO: [Synth 8-3491] module 'cadc_system_jtag_axi_0_0' declared at 'C:/Users/aptay/Dropbox/adiuvo/f14-CADC/implementation/vivado_proj_artys7/cadc_artys7.runs/synth_1/.Xil/Vivado-23600-Adiuvo_Adam/realtime/cadc_system_jtag_axi_0_0_stub.vhdl:6' bound to instance 'jtag_axi_0' of component 'cadc_system_jtag_axi_0_0' [c:/Users/aptay/Dropbox/adiuvo/f14-CADC/implementation/vivado_proj_artys7/cadc_artys7.gen/sources_1/bd/cadc_system/synth/cadc_system.vhd:1993]
INFO: [Synth 8-638] synthesizing module 'cadc_system_jtag_axi_0_0' [C:/Users/aptay/Dropbox/adiuvo/f14-CADC/implementation/vivado_proj_artys7/cadc_artys7.runs/synth_1/.Xil/Vivado-23600-Adiuvo_Adam/realtime/cadc_system_jtag_axi_0_0_stub.vhdl:39]
INFO: [Synth 8-3491] module 'cadc_system_proc_sys_reset_0_0' declared at 'C:/Users/aptay/Dropbox/adiuvo/f14-CADC/implementation/vivado_proj_artys7/cadc_artys7.runs/synth_1/.Xil/Vivado-23600-Adiuvo_Adam/realtime/cadc_system_proc_sys_reset_0_0_stub.vhdl:6' bound to instance 'proc_sys_reset_0' of component 'cadc_system_proc_sys_reset_0_0' [c:/Users/aptay/Dropbox/adiuvo/f14-CADC/implementation/vivado_proj_artys7/cadc_artys7.gen/sources_1/bd/cadc_system/synth/cadc_system.vhd:2017]
INFO: [Synth 8-638] synthesizing module 'cadc_system_proc_sys_reset_0_0' [C:/Users/aptay/Dropbox/adiuvo/f14-CADC/implementation/vivado_proj_artys7/cadc_artys7.runs/synth_1/.Xil/Vivado-23600-Adiuvo_Adam/realtime/cadc_system_proc_sys_reset_0_0_stub.vhdl:28]
INFO: [Synth 8-3491] module 'cadc_system_util_vector_logic_0_0' declared at 'C:/Users/aptay/Dropbox/adiuvo/f14-CADC/implementation/vivado_proj_artys7/cadc_artys7.runs/synth_1/.Xil/Vivado-23600-Adiuvo_Adam/realtime/cadc_system_util_vector_logic_0_0_stub.vhdl:6' bound to instance 'util_vector_logic_0' of component 'cadc_system_util_vector_logic_0_0' [c:/Users/aptay/Dropbox/adiuvo/f14-CADC/implementation/vivado_proj_artys7/cadc_artys7.gen/sources_1/bd/cadc_system/synth/cadc_system.vhd:2030]
INFO: [Synth 8-638] synthesizing module 'cadc_system_util_vector_logic_0_0' [C:/Users/aptay/Dropbox/adiuvo/f14-CADC/implementation/vivado_proj_artys7/cadc_artys7.runs/synth_1/.Xil/Vivado-23600-Adiuvo_Adam/realtime/cadc_system_util_vector_logic_0_0_stub.vhdl:20]
INFO: [Synth 8-256] done synthesizing module 'cadc_system' (0#1) [c:/Users/aptay/Dropbox/adiuvo/f14-CADC/implementation/vivado_proj_artys7/cadc_artys7.gen/sources_1/bd/cadc_system/synth/cadc_system.vhd:1283]
INFO: [Synth 8-256] done synthesizing module 'cadc_system_wrapper' (0#1) [C:/Users/aptay/Dropbox/adiuvo/f14-CADC/implementation/vivado_proj_artys7/cadc_artys7.gen/sources_1/bd/cadc_system/hdl/cadc_system_wrapper.vhd:22]
WARNING: [Synth 8-7129] Port M_ACLK in module s00_couplers_imp_PW3YDF is either unconnected or has no load
WARNING: [Synth 8-7129] Port M_ARESETN in module s00_couplers_imp_PW3YDF is either unconnected or has no load
WARNING: [Synth 8-7129] Port S_ACLK in module s00_couplers_imp_PW3YDF is either unconnected or has no load
WARNING: [Synth 8-7129] Port S_ARESETN in module s00_couplers_imp_PW3YDF is either unconnected or has no load
WARNING: [Synth 8-7129] Port M_ACLK in module m04_couplers_imp_19EQ6W8 is either unconnected or has no load
WARNING: [Synth 8-7129] Port M_ARESETN in module m04_couplers_imp_19EQ6W8 is either unconnected or has no load
WARNING: [Synth 8-7129] Port S_ACLK in module m04_couplers_imp_19EQ6W8 is either unconnected or has no load
WARNING: [Synth 8-7129] Port S_ARESETN in module m04_couplers_imp_19EQ6W8 is either unconnected or has no load
WARNING: [Synth 8-7129] Port M_ACLK in module m03_couplers_imp_1K4U0C0 is either unconnected or has no load
WARNING: [Synth 8-7129] Port M_ARESETN in module m03_couplers_imp_1K4U0C0 is either unconnected or has no load
WARNING: [Synth 8-7129] Port S_ACLK in module m03_couplers_imp_1K4U0C0 is either unconnected or has no load
WARNING: [Synth 8-7129] Port S_ARESETN in module m03_couplers_imp_1K4U0C0 is either unconnected or has no load
WARNING: [Synth 8-7129] Port M_ACLK in module m02_couplers_imp_NQV5BI is either unconnected or has no load
WARNING: [Synth 8-7129] Port M_ARESETN in module m02_couplers_imp_NQV5BI is either unconnected or has no load
WARNING: [Synth 8-7129] Port S_ACLK in module m02_couplers_imp_NQV5BI is either unconnected or has no load
WARNING: [Synth 8-7129] Port S_ARESETN in module m02_couplers_imp_NQV5BI is either unconnected or has no load
WARNING: [Synth 8-7129] Port M_ACLK in module m01_couplers_imp_CWXMJ1 is either unconnected or has no load
WARNING: [Synth 8-7129] Port M_ARESETN in module m01_couplers_imp_CWXMJ1 is either unconnected or has no load
WARNING: [Synth 8-7129] Port S_ACLK in module m01_couplers_imp_CWXMJ1 is either unconnected or has no load
WARNING: [Synth 8-7129] Port S_ARESETN in module m01_couplers_imp_CWXMJ1 is either unconnected or has no load
WARNING: [Synth 8-7129] Port M_ACLK in module m00_couplers_imp_1D76A4Z is either unconnected or has no load
WARNING: [Synth 8-7129] Port M_ARESETN in module m00_couplers_imp_1D76A4Z is either unconnected or has no load
WARNING: [Synth 8-7129] Port S_ACLK in module m00_couplers_imp_1D76A4Z is either unconnected or has no load
WARNING: [Synth 8-7129] Port S_ARESETN in module m00_couplers_imp_1D76A4Z is either unconnected or has no load
---------------------------------------------------------------------------------
Finished RTL Elaboration : Time (s): cpu = 00:00:06 ; elapsed = 00:00:07 . Memory (MB): peak = 1558.406 ; gain = 676.609
---------------------------------------------------------------------------------
---------------------------------------------------------------------------------
Start Handling Custom Attributes
---------------------------------------------------------------------------------
---------------------------------------------------------------------------------
Finished Handling Custom Attributes : Time (s): cpu = 00:00:06 ; elapsed = 00:00:07 . Memory (MB): peak = 1558.406 ; gain = 676.609
---------------------------------------------------------------------------------
---------------------------------------------------------------------------------
Finished RTL Optimization Phase 1 : Time (s): cpu = 00:00:06 ; elapsed = 00:00:07 . Memory (MB): peak = 1558.406 ; gain = 676.609
---------------------------------------------------------------------------------
Netlist sorting complete. Time (s): cpu = 00:00:00 ; elapsed = 00:00:00.015 . Memory (MB): peak = 1558.406 ; gain = 0.000
INFO: [Project 1-570] Preparing netlist for logic optimization

Processing XDC Constraints
Initializing timing engine
Parsing XDC File [c:/Users/aptay/Dropbox/adiuvo/f14-CADC/implementation/vivado_proj_artys7/cadc_artys7.gen/sources_1/bd/cadc_system/ip/cadc_system_clk_wiz_0_0/cadc_system_clk_wiz_0_0/cadc_system_clk_wiz_0_0_in_context.xdc] for cell 'cadc_system_i/clk_wiz_0'
Finished Parsing XDC File [c:/Users/aptay/Dropbox/adiuvo/f14-CADC/implementation/vivado_proj_artys7/cadc_artys7.gen/sources_1/bd/cadc_system/ip/cadc_system_clk_wiz_0_0/cadc_system_clk_wiz_0_0/cadc_system_clk_wiz_0_0_in_context.xdc] for cell 'cadc_system_i/clk_wiz_0'
Parsing XDC File [c:/Users/aptay/Dropbox/adiuvo/f14-CADC/implementation/vivado_proj_artys7/cadc_artys7.gen/sources_1/bd/cadc_system/ip/cadc_system_proc_sys_reset_0_0/cadc_system_proc_sys_reset_0_0/cadc_system_proc_sys_reset_0_0_in_context.xdc] for cell 'cadc_system_i/proc_sys_reset_0'
Finished Parsing XDC File [c:/Users/aptay/Dropbox/adiuvo/f14-CADC/implementation/vivado_proj_artys7/cadc_artys7.gen/sources_1/bd/cadc_system/ip/cadc_system_proc_sys_reset_0_0/cadc_system_proc_sys_reset_0_0/cadc_system_proc_sys_reset_0_0_in_context.xdc] for cell 'cadc_system_i/proc_sys_reset_0'
Parsing XDC File [c:/Users/aptay/Dropbox/adiuvo/f14-CADC/implementation/vivado_proj_artys7/cadc_artys7.gen/sources_1/bd/cadc_system/ip/cadc_system_jtag_axi_0_0/cadc_system_jtag_axi_0_0/cadc_system_jtag_axi_0_0_in_context.xdc] for cell 'cadc_system_i/jtag_axi_0'
Finished Parsing XDC File [c:/Users/aptay/Dropbox/adiuvo/f14-CADC/implementation/vivado_proj_artys7/cadc_artys7.gen/sources_1/bd/cadc_system/ip/cadc_system_jtag_axi_0_0/cadc_system_jtag_axi_0_0/cadc_system_jtag_axi_0_0_in_context.xdc] for cell 'cadc_system_i/jtag_axi_0'
Parsing XDC File [c:/Users/aptay/Dropbox/adiuvo/f14-CADC/implementation/vivado_proj_artys7/cadc_artys7.gen/sources_1/bd/cadc_system/ip/cadc_system_axi_interconnect_0_imp_xbar_0/cadc_system_axi_interconnect_0_imp_xbar_0/cadc_system_axi_interconnect_0_imp_xbar_0_in_context.xdc] for cell 'cadc_system_i/axi_interconnect_0/xbar'
Finished Parsing XDC File [c:/Users/aptay/Dropbox/adiuvo/f14-CADC/implementation/vivado_proj_artys7/cadc_artys7.gen/sources_1/bd/cadc_system/ip/cadc_system_axi_interconnect_0_imp_xbar_0/cadc_system_axi_interconnect_0_imp_xbar_0/cadc_system_axi_interconnect_0_imp_xbar_0_in_context.xdc] for cell 'cadc_system_i/axi_interconnect_0/xbar'
Parsing XDC File [c:/Users/aptay/Dropbox/adiuvo/f14-CADC/implementation/vivado_proj_artys7/cadc_artys7.gen/sources_1/bd/cadc_system/ip/cadc_system_axi_gpio_ps_0/cadc_system_axi_gpio_ps_0/cadc_system_axi_gpio_tat_0_in_context.xdc] for cell 'cadc_system_i/axi_gpio_ps'
Finished Parsing XDC File [c:/Users/aptay/Dropbox/adiuvo/f14-CADC/implementation/vivado_proj_artys7/cadc_artys7.gen/sources_1/bd/cadc_system/ip/cadc_system_axi_gpio_ps_0/cadc_system_axi_gpio_ps_0/cadc_system_axi_gpio_tat_0_in_context.xdc] for cell 'cadc_system_i/axi_gpio_ps'
Parsing XDC File [c:/Users/aptay/Dropbox/adiuvo/f14-CADC/implementation/vivado_proj_artys7/cadc_artys7.gen/sources_1/bd/cadc_system/ip/cadc_system_axi_gpio_qc_0/cadc_system_axi_gpio_qc_0/cadc_system_axi_gpio_tat_0_in_context.xdc] for cell 'cadc_system_i/axi_gpio_qc'
Finished Parsing XDC File [c:/Users/aptay/Dropbox/adiuvo/f14-CADC/implementation/vivado_proj_artys7/cadc_artys7.gen/sources_1/bd/cadc_system/ip/cadc_system_axi_gpio_qc_0/cadc_system_axi_gpio_qc_0/cadc_system_axi_gpio_tat_0_in_context.xdc] for cell 'cadc_system_i/axi_gpio_qc'
Parsing XDC File [c:/Users/aptay/Dropbox/adiuvo/f14-CADC/implementation/vivado_proj_artys7/cadc_artys7.gen/sources_1/bd/cadc_system/ip/cadc_system_axi_gpio_tat_0/cadc_system_axi_gpio_tat_0/cadc_system_axi_gpio_tat_0_in_context.xdc] for cell 'cadc_system_i/axi_gpio_tat'
Finished Parsing XDC File [c:/Users/aptay/Dropbox/adiuvo/f14-CADC/implementation/vivado_proj_artys7/cadc_artys7.gen/sources_1/bd/cadc_system/ip/cadc_system_axi_gpio_tat_0/cadc_system_axi_gpio_tat_0/cadc_system_axi_gpio_tat_0_in_context.xdc] for cell 'cadc_system_i/axi_gpio_tat'
Parsing XDC File [c:/Users/aptay/Dropbox/adiuvo/f14-CADC/implementation/vivado_proj_artys7/cadc_artys7.gen/sources_1/bd/cadc_system/ip/cadc_system_axi_gpio_analog_0/cadc_system_axi_gpio_analog_0/cadc_system_axi_gpio_tat_0_in_context.xdc] for cell 'cadc_system_i/axi_gpio_analog'
Finished Parsing XDC File [c:/Users/aptay/Dropbox/adiuvo/f14-CADC/implementation/vivado_proj_artys7/cadc_artys7.gen/sources_1/bd/cadc_system/ip/cadc_system_axi_gpio_analog_0/cadc_system_axi_gpio_analog_0/cadc_system_axi_gpio_tat_0_in_context.xdc] for cell 'cadc_system_i/axi_gpio_analog'
Parsing XDC File [c:/Users/aptay/Dropbox/adiuvo/f14-CADC/implementation/vivado_proj_artys7/cadc_artys7.gen/sources_1/bd/cadc_system/ip/cadc_system_axi_gpio_digital_0/cadc_system_axi_gpio_digital_0/cadc_system_axi_gpio_digital_0_in_context.xdc] for cell 'cadc_system_i/axi_gpio_digital'
Finished Parsing XDC File [c:/Users/aptay/Dropbox/adiuvo/f14-CADC/implementation/vivado_proj_artys7/cadc_artys7.gen/sources_1/bd/cadc_system/ip/cadc_system_axi_gpio_digital_0/cadc_system_axi_gpio_digital_0/cadc_system_axi_gpio_digital_0_in_context.xdc] for cell 'cadc_system_i/axi_gpio_digital'
Parsing XDC File [c:/Users/aptay/Dropbox/adiuvo/f14-CADC/implementation/vivado_proj_artys7/cadc_artys7.gen/sources_1/bd/cadc_system/ip/cadc_system_clock_divider_0_0/cadc_system_clock_divider_0_0/cadc_system_clock_divider_0_0_in_context.xdc] for cell 'cadc_system_i/clock_divider_0'
Finished Parsing XDC File [c:/Users/aptay/Dropbox/adiuvo/f14-CADC/implementation/vivado_proj_artys7/cadc_artys7.gen/sources_1/bd/cadc_system/ip/cadc_system_clock_divider_0_0/cadc_system_clock_divider_0_0/cadc_system_clock_divider_0_0_in_context.xdc] for cell 'cadc_system_i/clock_divider_0'
Parsing XDC File [c:/Users/aptay/Dropbox/adiuvo/f14-CADC/implementation/vivado_proj_artys7/cadc_artys7.gen/sources_1/bd/cadc_system/ip/cadc_system_cadc_top_0_0/cadc_system_cadc_top_0_0/cadc_system_cadc_top_0_0_in_context.xdc] for cell 'cadc_system_i/cadc_top_0'
Finished Parsing XDC File [c:/Users/aptay/Dropbox/adiuvo/f14-CADC/implementation/vivado_proj_artys7/cadc_artys7.gen/sources_1/bd/cadc_system/ip/cadc_system_cadc_top_0_0/cadc_system_cadc_top_0_0/cadc_system_cadc_top_0_0_in_context.xdc] for cell 'cadc_system_i/cadc_top_0'
Parsing XDC File [c:/Users/aptay/Dropbox/adiuvo/f14-CADC/implementation/vivado_proj_artys7/cadc_artys7.gen/sources_1/bd/cadc_system/ip/cadc_system_ila_0_0/cadc_system_ila_0_0/cadc_system_ila_0_0_in_context.xdc] for cell 'cadc_system_i/ila_0'
Finished Parsing XDC File [c:/Users/aptay/Dropbox/adiuvo/f14-CADC/implementation/vivado_proj_artys7/cadc_artys7.gen/sources_1/bd/cadc_system/ip/cadc_system_ila_0_0/cadc_system_ila_0_0/cadc_system_ila_0_0_in_context.xdc] for cell 'cadc_system_i/ila_0'
Parsing XDC File [c:/Users/aptay/Dropbox/adiuvo/f14-CADC/implementation/vivado_proj_artys7/cadc_artys7.gen/sources_1/bd/cadc_system/ip/cadc_system_util_vector_logic_0_0/cadc_system_util_vector_logic_0_0/cadc_system_util_vector_logic_0_0_in_context.xdc] for cell 'cadc_system_i/util_vector_logic_0'
Finished Parsing XDC File [c:/Users/aptay/Dropbox/adiuvo/f14-CADC/implementation/vivado_proj_artys7/cadc_artys7.gen/sources_1/bd/cadc_system/ip/cadc_system_util_vector_logic_0_0/cadc_system_util_vector_logic_0_0/cadc_system_util_vector_logic_0_0_in_context.xdc] for cell 'cadc_system_i/util_vector_logic_0'
Parsing XDC File [C:/Users/aptay/Dropbox/adiuvo/f14-CADC/implementation/constraints/cadc_artys7.xdc]
WARNING: [Vivado 12-508] No pins matched 'cadc_system_i/clock_divider_0/inst/clk_reg_reg/Q'. [C:/Users/aptay/Dropbox/adiuvo/f14-CADC/implementation/constraints/cadc_artys7.xdc:30]
Finished Parsing XDC File [C:/Users/aptay/Dropbox/adiuvo/f14-CADC/implementation/constraints/cadc_artys7.xdc]
WARNING: [Project 1-498] One or more constraints failed evaluation while reading constraint file [C:/Users/aptay/Dropbox/adiuvo/f14-CADC/implementation/constraints/cadc_artys7.xdc] and the design contains unresolved black boxes. These constraints will be read post-synthesis (as long as their source constraint file is marked as used_in_implementation) and should be applied correctly then. You should review the constraints listed in the file [.Xil/cadc_system_wrapper_propImpl.xdc] and check the run log file to verify that these constraints were correctly applied.
INFO: [Project 1-236] Implementation specific constraints were found while reading constraint file [C:/Users/aptay/Dropbox/adiuvo/f14-CADC/implementation/constraints/cadc_artys7.xdc]. These constraints will be ignored for synthesis but will be used in implementation. Impacted constraints are listed in the file [.Xil/cadc_system_wrapper_propImpl.xdc].
Resolution: To avoid this warning, move constraints listed in [.Xil/cadc_system_wrapper_propImpl.xdc] to another XDC file and exclude this new file from synthesis with the used_in_synthesis property (File Properties dialog in GUI) and re-run elaboration/synthesis.
Parsing XDC File [C:/Users/aptay/Dropbox/adiuvo/f14-CADC/implementation/vivado_proj_artys7/cadc_artys7.runs/synth_1/dont_touch.xdc]
Finished Parsing XDC File [C:/Users/aptay/Dropbox/adiuvo/f14-CADC/implementation/vivado_proj_artys7/cadc_artys7.runs/synth_1/dont_touch.xdc]
Completed Processing XDC Constraints

Netlist sorting complete. Time (s): cpu = 00:00:00 ; elapsed = 00:00:00.001 . Memory (MB): peak = 1615.297 ; gain = 0.000
INFO: [Project 1-111] Unisim Transformation Summary:
No Unisim elements were transformed.

Constraint Validation Runtime : Time (s): cpu = 00:00:00 ; elapsed = 00:00:00.011 . Memory (MB): peak = 1615.297 ; gain = 0.000
---------------------------------------------------------------------------------
Finished Constraint Validation : Time (s): cpu = 00:00:11 ; elapsed = 00:00:13 . Memory (MB): peak = 1615.297 ; gain = 733.500
---------------------------------------------------------------------------------
---------------------------------------------------------------------------------
Start Loading Part and Timing Information
---------------------------------------------------------------------------------
Loading part: xc7s50csga324-1
---------------------------------------------------------------------------------
Finished Loading Part and Timing Information : Time (s): cpu = 00:00:11 ; elapsed = 00:00:13 . Memory (MB): peak = 1615.297 ; gain = 733.500
---------------------------------------------------------------------------------
---------------------------------------------------------------------------------
Start Applying 'set_property' XDC Constraints
---------------------------------------------------------------------------------
---------------------------------------------------------------------------------
Finished applying 'set_property' XDC Constraints : Time (s): cpu = 00:00:11 ; elapsed = 00:00:13 . Memory (MB): peak = 1615.297 ; gain = 733.500
---------------------------------------------------------------------------------
---------------------------------------------------------------------------------
Finished RTL Optimization Phase 2 : Time (s): cpu = 00:00:11 ; elapsed = 00:00:13 . Memory (MB): peak = 1615.297 ; gain = 733.500
---------------------------------------------------------------------------------
---------------------------------------------------------------------------------
Start RTL Component Statistics 
---------------------------------------------------------------------------------
Detailed RTL Component Info : 
---------------------------------------------------------------------------------
Finished RTL Component Statistics 
---------------------------------------------------------------------------------
---------------------------------------------------------------------------------
Start Part Resource Summary
---------------------------------------------------------------------------------
Part Resources:
DSPs: 120 (col length:60)
BRAMs: 150 (col length: RAMB18 60 RAMB36 30)
---------------------------------------------------------------------------------
Finished Part Resource Summary
---------------------------------------------------------------------------------
---------------------------------------------------------------------------------
Start Cross Boundary and Area Optimization
---------------------------------------------------------------------------------
WARNING: [Synth 8-7129] Port M00_ACLK in module cadc_system_axi_interconnect_0_0 is either unconnected or has no load
WARNING: [Synth 8-7129] Port M00_ARESETN in module cadc_system_axi_interconnect_0_0 is either unconnected or has no load
WARNING: [Synth 8-7129] Port M01_ACLK in module cadc_system_axi_interconnect_0_0 is either unconnected or has no load
WARNING: [Synth 8-7129] Port M01_ARESETN in module cadc_system_axi_interconnect_0_0 is either unconnected or has no load
WARNING: [Synth 8-7129] Port M02_ACLK in module cadc_system_axi_interconnect_0_0 is either unconnected or has no load
WARNING: [Synth 8-7129] Port M02_ARESETN in module cadc_system_axi_interconnect_0_0 is either unconnected or has no load
WARNING: [Synth 8-7129] Port M03_ACLK in module cadc_system_axi_interconnect_0_0 is either unconnected or has no load
WARNING: [Synth 8-7129] Port M03_ARESETN in module cadc_system_axi_interconnect_0_0 is either unconnected or has no load
WARNING: [Synth 8-7129] Port M04_ACLK in module cadc_system_axi_interconnect_0_0 is either unconnected or has no load
WARNING: [Synth 8-7129] Port M04_ARESETN in module cadc_system_axi_interconnect_0_0 is either unconnected or has no load
WARNING: [Synth 8-7129] Port S00_ACLK in module cadc_system_axi_interconnect_0_0 is either unconnected or has no load
WARNING: [Synth 8-7129] Port S00_ARESETN in module cadc_system_axi_interconnect_0_0 is either unconnected or has no load
---------------------------------------------------------------------------------
Finished Cross Boundary and Area Optimization : Time (s): cpu = 00:00:13 ; elapsed = 00:00:14 . Memory (MB): peak = 1615.297 ; gain = 733.500
---------------------------------------------------------------------------------
---------------------------------------------------------------------------------
Start Applying XDC Timing Constraints
---------------------------------------------------------------------------------
---------------------------------------------------------------------------------
Finished Applying XDC Timing Constraints : Time (s): cpu = 00:00:16 ; elapsed = 00:00:18 . Memory (MB): peak = 1726.742 ; gain = 844.945
---------------------------------------------------------------------------------
---------------------------------------------------------------------------------
Start Timing Optimization
---------------------------------------------------------------------------------
---------------------------------------------------------------------------------
Finished Timing Optimization : Time (s): cpu = 00:00:16 ; elapsed = 00:00:18 . Memory (MB): peak = 1726.742 ; gain = 844.945
---------------------------------------------------------------------------------
---------------------------------------------------------------------------------
Start Technology Mapping
---------------------------------------------------------------------------------
---------------------------------------------------------------------------------
Finished Technology Mapping : Time (s): cpu = 00:00:16 ; elapsed = 00:00:18 . Memory (MB): peak = 1737.543 ; gain = 855.746
---------------------------------------------------------------------------------
---------------------------------------------------------------------------------
Start IO Insertion
---------------------------------------------------------------------------------
---------------------------------------------------------------------------------
Start Flattening Before IO Insertion
---------------------------------------------------------------------------------
---------------------------------------------------------------------------------
Finished Flattening Before IO Insertion
---------------------------------------------------------------------------------
---------------------------------------------------------------------------------
Start Final Netlist Cleanup
---------------------------------------------------------------------------------
---------------------------------------------------------------------------------
Finished Final Netlist Cleanup
---------------------------------------------------------------------------------
---------------------------------------------------------------------------------
Finished IO Insertion : Time (s): cpu = 00:00:19 ; elapsed = 00:00:21 . Memory (MB): peak = 1987.023 ; gain = 1105.227
---------------------------------------------------------------------------------
---------------------------------------------------------------------------------
Start Renaming Generated Instances
---------------------------------------------------------------------------------
---------------------------------------------------------------------------------
Finished Renaming Generated Instances : Time (s): cpu = 00:00:19 ; elapsed = 00:00:21 . Memory (MB): peak = 1987.023 ; gain = 1105.227
---------------------------------------------------------------------------------
---------------------------------------------------------------------------------
Start Rebuilding User Hierarchy
---------------------------------------------------------------------------------
---------------------------------------------------------------------------------
Finished Rebuilding User Hierarchy : Time (s): cpu = 00:00:19 ; elapsed = 00:00:21 . Memory (MB): peak = 1987.023 ; gain = 1105.227
---------------------------------------------------------------------------------
---------------------------------------------------------------------------------
Start Renaming Generated Ports
---------------------------------------------------------------------------------
---------------------------------------------------------------------------------
Finished Renaming Generated Ports : Time (s): cpu = 00:00:19 ; elapsed = 00:00:21 . Memory (MB): peak = 1987.023 ; gain = 1105.227
---------------------------------------------------------------------------------
---------------------------------------------------------------------------------
Start Handling Custom Attributes
---------------------------------------------------------------------------------
---------------------------------------------------------------------------------
Finished Handling Custom Attributes : Time (s): cpu = 00:00:19 ; elapsed = 00:00:21 . Memory (MB): peak = 1987.023 ; gain = 1105.227
---------------------------------------------------------------------------------
---------------------------------------------------------------------------------
Start Renaming Generated Nets
---------------------------------------------------------------------------------
---------------------------------------------------------------------------------
Finished Renaming Generated Nets : Time (s): cpu = 00:00:19 ; elapsed = 00:00:21 . Memory (MB): peak = 1987.023 ; gain = 1105.227
---------------------------------------------------------------------------------
---------------------------------------------------------------------------------
Start Writing Synthesis Report
---------------------------------------------------------------------------------

Report BlackBoxes: 
+------+------------------------------------------+----------+
|      |BlackBox name                             |Instances |
+------+------------------------------------------+----------+
|1     |cadc_system_axi_interconnect_0_imp_xbar_0 |         1|
|2     |cadc_system_axi_gpio_analog_0             |         1|
|3     |cadc_system_axi_gpio_digital_0            |         1|
|4     |cadc_system_axi_gpio_ps_0                 |         1|
|5     |cadc_system_axi_gpio_qc_0                 |         1|
|6     |cadc_system_axi_gpio_tat_0                |         1|
|7     |cadc_system_cadc_top_0_0                  |         1|
|8     |cadc_system_clk_wiz_0_0                   |         1|
|9     |cadc_system_clock_divider_0_0             |         1|
|10    |cadc_system_ila_0_0                       |         1|
|11    |cadc_system_jtag_axi_0_0                  |         1|
|12    |cadc_system_proc_sys_reset_0_0            |         1|
|13    |cadc_system_util_vector_logic_0_0         |         1|
+------+------------------------------------------+----------+

Report Cell Usage: 
+------+-----------------------------------------------+------+
|      |Cell                                           |Count |
+------+-----------------------------------------------+------+
|1     |cadc_system_axi_gpio_analog_0_bbox             |     1|
|2     |cadc_system_axi_gpio_digital_0_bbox            |     1|
|3     |cadc_system_axi_gpio_ps_0_bbox                 |     1|
|4     |cadc_system_axi_gpio_qc_0_bbox                 |     1|
|5     |cadc_system_axi_gpio_tat_0_bbox                |     1|
|6     |cadc_system_axi_interconnect_0_imp_xbar_0_bbox |     1|
|7     |cadc_system_cadc_top_0_0_bbox                  |     1|
|8     |cadc_system_clk_wiz_0_0_bbox                   |     1|
|9     |cadc_system_clock_divider_0_0_bbox             |     1|
|10    |cadc_system_ila_0_0_bbox                       |     1|
|11    |cadc_system_jtag_axi_0_0_bbox                  |     1|
|12    |cadc_system_proc_sys_reset_0_0_bbox            |     1|
|13    |cadc_system_util_vector_logic_0_0_bbox         |     1|
|14    |LUT1                                           |   143|
|15    |IBUF                                           |     1|
+------+-----------------------------------------------+------+
---------------------------------------------------------------------------------
Finished Writing Synthesis Report : Time (s): cpu = 00:00:19 ; elapsed = 00:00:21 . Memory (MB): peak = 1987.023 ; gain = 1105.227
---------------------------------------------------------------------------------
Synthesis finished with 0 errors, 0 critical warnings and 12 warnings.
Synthesis Optimization Runtime : Time (s): cpu = 00:00:12 ; elapsed = 00:00:19 . Memory (MB): peak = 1987.023 ; gain = 1048.336
Synthesis Optimization Complete : Time (s): cpu = 00:00:19 ; elapsed = 00:00:21 . Memory (MB): peak = 1987.023 ; gain = 1105.227
INFO: [Project 1-571] Translating synthesized netlist
Netlist sorting complete. Time (s): cpu = 00:00:00 ; elapsed = 00:00:00.008 . Memory (MB): peak = 1987.023 ; gain = 0.000
INFO: [Project 1-570] Preparing netlist for logic optimization
INFO: [Opt 31-138] Pushed 0 inverter(s) to 0 load pin(s).
Netlist sorting complete. Time (s): cpu = 00:00:00 ; elapsed = 00:00:00.001 . Memory (MB): peak = 1992.934 ; gain = 0.000
INFO: [Project 1-111] Unisim Transformation Summary:
No Unisim elements were transformed.

Synth Design complete | Checksum: 2793ec6f
INFO: [Common 17-83] Releasing license: Synthesis
62 Infos, 38 Warnings, 0 Critical Warnings and 0 Errors encountered.
synth_design completed successfully
synth_design: Time (s): cpu = 00:00:22 ; elapsed = 00:00:28 . Memory (MB): peak = 1992.934 ; gain = 1276.062
Write ShapeDB Complete: Time (s): cpu = 00:00:00 ; elapsed = 00:00:00.004 . Memory (MB): peak = 1992.934 ; gain = 0.000
WARNING: [Runs 36-115] Could not delete directory 'C:/Users/aptay/Dropbox/adiuvo/f14-CADC/implementation/vivado_proj_artys7/cadc_artys7.runs/synth_1/.Xil/Vivado-23600-Adiuvo_Adam/dcp0'.
INFO: [Common 17-1381] The checkpoint 'C:/Users/aptay/Dropbox/adiuvo/f14-CADC/implementation/vivado_proj_artys7/cadc_artys7.runs/synth_1/cadc_system_wrapper.dcp' has been generated.
INFO: [Vivado 12-24828] Executing command : report_utilization -file cadc_system_wrapper_utilization_synth.rpt -pb cadc_system_wrapper_utilization_synth.pb
INFO: [Common 17-206] Exiting Vivado at Wed Mar 18 14:46:42 2026...
[Wed Mar 18 14:46:46 2026] synth_1 finished
wait_on_runs: Time (s): cpu = 00:00:00 ; elapsed = 00:01:27 . Memory (MB): peak = 737.387 ; gain = 0.000
# puts "Synth status: [get_property STATUS [get_runs synth_1]]"
Synth status: synth_design Complete!
# launch_runs impl_1 -jobs 8
[Wed Mar 18 14:46:46 2026] Launched impl_1...
Run output will be captured here: C:/Users/aptay/Dropbox/adiuvo/f14-CADC/implementation/vivado_proj_artys7/cadc_artys7.runs/impl_1/runme.log
# wait_on_run impl_1
[Wed Mar 18 14:46:46 2026] Waiting for impl_1 to finish...

*** Running vivado
    with args -log cadc_system_wrapper.vdi -applog -m64 -product Vivado -messageDb vivado.pb -mode batch -source cadc_system_wrapper.tcl -notrace



****** Vivado v2025.2 (64-bit)
  **** SW Build 6299465 on Fri Nov 14 19:35:11 GMT 2025
  **** IP Build 6300035 on Fri Nov 14 10:48:45 MST 2025
  **** SharedData Build 6298862 on Thu Nov 13 04:50:51 MST 2025
  **** Start of session at: Wed Mar 18 14:46:53 2026
    ** Copyright 1986-2022 Xilinx, Inc. All Rights Reserved.
    ** Copyright 2022-2025 Advanced Micro Devices, Inc. All Rights Reserved.

source cadc_system_wrapper.tcl -notrace
create_project: Time (s): cpu = 00:00:06 ; elapsed = 00:00:05 . Memory (MB): peak = 662.715 ; gain = 220.551
INFO: [IP_Flow 19-234] Refreshing IP repositories
INFO: [IP_Flow 19-1704] No user IP repositories specified
INFO: [IP_Flow 19-2313] Loaded Vivado IP repository 'C:/AMDDesignTools/2025.2/Vivado/data/ip'.
Command: link_design -top cadc_system_wrapper -part xc7s50csga324-1
Design is defaulting to srcset: sources_1
Design is defaulting to constrset: constrs_1
INFO: [Device 21-403] Loading part xc7s50csga324-1
INFO: [Project 1-5699] Read binary netlist with skipMacroContent - 1
INFO: [Project 1-454] Reading design checkpoint 'c:/Users/aptay/Dropbox/adiuvo/f14-CADC/implementation/vivado_proj_artys7/cadc_artys7.gen/sources_1/bd/cadc_system/ip/cadc_system_axi_gpio_analog_0/cadc_system_axi_gpio_analog_0.dcp' for cell 'cadc_system_i/axi_gpio_analog'
INFO: [Project 1-454] Reading design checkpoint 'c:/Users/aptay/Dropbox/adiuvo/f14-CADC/implementation/vivado_proj_artys7/cadc_artys7.gen/sources_1/bd/cadc_system/ip/cadc_system_axi_gpio_digital_0/cadc_system_axi_gpio_digital_0.dcp' for cell 'cadc_system_i/axi_gpio_digital'
INFO: [Project 1-454] Reading design checkpoint 'c:/Users/aptay/Dropbox/adiuvo/f14-CADC/implementation/vivado_proj_artys7/cadc_artys7.gen/sources_1/bd/cadc_system/ip/cadc_system_axi_gpio_ps_0/cadc_system_axi_gpio_ps_0.dcp' for cell 'cadc_system_i/axi_gpio_ps'
INFO: [Project 1-454] Reading design checkpoint 'c:/Users/aptay/Dropbox/adiuvo/f14-CADC/implementation/vivado_proj_artys7/cadc_artys7.gen/sources_1/bd/cadc_system/ip/cadc_system_axi_gpio_qc_0/cadc_system_axi_gpio_qc_0.dcp' for cell 'cadc_system_i/axi_gpio_qc'
INFO: [Project 1-454] Reading design checkpoint 'c:/Users/aptay/Dropbox/adiuvo/f14-CADC/implementation/vivado_proj_artys7/cadc_artys7.gen/sources_1/bd/cadc_system/ip/cadc_system_axi_gpio_tat_0/cadc_system_axi_gpio_tat_0.dcp' for cell 'cadc_system_i/axi_gpio_tat'
INFO: [Project 1-454] Reading design checkpoint 'c:/Users/aptay/Dropbox/adiuvo/f14-CADC/implementation/vivado_proj_artys7/cadc_artys7.gen/sources_1/bd/cadc_system/ip/cadc_system_cadc_top_0_0/cadc_system_cadc_top_0_0.dcp' for cell 'cadc_system_i/cadc_top_0'
INFO: [Project 1-454] Reading design checkpoint 'c:/Users/aptay/Dropbox/adiuvo/f14-CADC/implementation/vivado_proj_artys7/cadc_artys7.gen/sources_1/bd/cadc_system/ip/cadc_system_clk_wiz_0_0/cadc_system_clk_wiz_0_0.dcp' for cell 'cadc_system_i/clk_wiz_0'
INFO: [Project 1-454] Reading design checkpoint 'c:/Users/aptay/Dropbox/adiuvo/f14-CADC/implementation/vivado_proj_artys7/cadc_artys7.gen/sources_1/bd/cadc_system/ip/cadc_system_clock_divider_0_0/cadc_system_clock_divider_0_0.dcp' for cell 'cadc_system_i/clock_divider_0'
INFO: [Project 1-454] Reading design checkpoint 'c:/Users/aptay/Dropbox/adiuvo/f14-CADC/implementation/vivado_proj_artys7/cadc_artys7.gen/sources_1/bd/cadc_system/ip/cadc_system_ila_0_0/cadc_system_ila_0_0.dcp' for cell 'cadc_system_i/ila_0'
INFO: [Project 1-454] Reading design checkpoint 'c:/Users/aptay/Dropbox/adiuvo/f14-CADC/implementation/vivado_proj_artys7/cadc_artys7.gen/sources_1/bd/cadc_system/ip/cadc_system_jtag_axi_0_0/cadc_system_jtag_axi_0_0.dcp' for cell 'cadc_system_i/jtag_axi_0'
INFO: [Project 1-454] Reading design checkpoint 'c:/Users/aptay/Dropbox/adiuvo/f14-CADC/implementation/vivado_proj_artys7/cadc_artys7.gen/sources_1/bd/cadc_system/ip/cadc_system_proc_sys_reset_0_0/cadc_system_proc_sys_reset_0_0.dcp' for cell 'cadc_system_i/proc_sys_reset_0'
INFO: [Project 1-454] Reading design checkpoint 'c:/Users/aptay/Dropbox/adiuvo/f14-CADC/implementation/vivado_proj_artys7/cadc_artys7.gen/sources_1/bd/cadc_system/ip/cadc_system_util_vector_logic_0_0/cadc_system_util_vector_logic_0_0.dcp' for cell 'cadc_system_i/util_vector_logic_0'
INFO: [Project 1-454] Reading design checkpoint 'c:/Users/aptay/Dropbox/adiuvo/f14-CADC/implementation/vivado_proj_artys7/cadc_artys7.gen/sources_1/bd/cadc_system/ip/cadc_system_axi_interconnect_0_imp_xbar_0/cadc_system_axi_interconnect_0_imp_xbar_0.dcp' for cell 'cadc_system_i/axi_interconnect_0/xbar'
Netlist sorting complete. Time (s): cpu = 00:00:00 ; elapsed = 00:00:00.152 . Memory (MB): peak = 961.816 ; gain = 0.000
INFO: [Netlist 29-17] Analyzing 1219 Unisim elements for replacement
INFO: [Netlist 29-28] Unisim Transformation completed in 0 CPU seconds
INFO: [Project 1-479] Netlist was created with Vivado 2025.2
INFO: [Project 1-570] Preparing netlist for logic optimization
INFO: [Chipscope 16-324] Core: cadc_system_i/ila_0 UUID: 0db618dc-0418-5b71-a31c-efb33ce943dc 
INFO: [Chipscope 16-324] Core: cadc_system_i/jtag_axi_0 UUID: a8c18bd9-7f2d-5494-8d87-ebe263600276 
Parsing XDC File [c:/Users/aptay/Dropbox/adiuvo/f14-CADC/implementation/vivado_proj_artys7/cadc_artys7.gen/sources_1/bd/cadc_system/ip/cadc_system_clk_wiz_0_0/cadc_system_clk_wiz_0_0_board.xdc] for cell 'cadc_system_i/clk_wiz_0/inst'
Finished Parsing XDC File [c:/Users/aptay/Dropbox/adiuvo/f14-CADC/implementation/vivado_proj_artys7/cadc_artys7.gen/sources_1/bd/cadc_system/ip/cadc_system_clk_wiz_0_0/cadc_system_clk_wiz_0_0_board.xdc] for cell 'cadc_system_i/clk_wiz_0/inst'
Parsing XDC File [c:/Users/aptay/Dropbox/adiuvo/f14-CADC/implementation/vivado_proj_artys7/cadc_artys7.gen/sources_1/bd/cadc_system/ip/cadc_system_clk_wiz_0_0/cadc_system_clk_wiz_0_0.xdc] for cell 'cadc_system_i/clk_wiz_0/inst'
INFO: [Timing 38-35] Done setting XDC timing constraints. [c:/Users/aptay/Dropbox/adiuvo/f14-CADC/implementation/vivado_proj_artys7/cadc_artys7.gen/sources_1/bd/cadc_system/ip/cadc_system_clk_wiz_0_0/cadc_system_clk_wiz_0_0.xdc:54]
INFO: [Timing 38-2] Deriving generated clocks [c:/Users/aptay/Dropbox/adiuvo/f14-CADC/implementation/vivado_proj_artys7/cadc_artys7.gen/sources_1/bd/cadc_system/ip/cadc_system_clk_wiz_0_0/cadc_system_clk_wiz_0_0.xdc:54]
Finished Parsing XDC File [c:/Users/aptay/Dropbox/adiuvo/f14-CADC/implementation/vivado_proj_artys7/cadc_artys7.gen/sources_1/bd/cadc_system/ip/cadc_system_clk_wiz_0_0/cadc_system_clk_wiz_0_0.xdc] for cell 'cadc_system_i/clk_wiz_0/inst'
Parsing XDC File [c:/Users/aptay/Dropbox/adiuvo/f14-CADC/implementation/vivado_proj_artys7/cadc_artys7.gen/sources_1/bd/cadc_system/ip/cadc_system_proc_sys_reset_0_0/cadc_system_proc_sys_reset_0_0_board.xdc] for cell 'cadc_system_i/proc_sys_reset_0/U0'
Finished Parsing XDC File [c:/Users/aptay/Dropbox/adiuvo/f14-CADC/implementation/vivado_proj_artys7/cadc_artys7.gen/sources_1/bd/cadc_system/ip/cadc_system_proc_sys_reset_0_0/cadc_system_proc_sys_reset_0_0_board.xdc] for cell 'cadc_system_i/proc_sys_reset_0/U0'
Parsing XDC File [c:/Users/aptay/Dropbox/adiuvo/f14-CADC/implementation/vivado_proj_artys7/cadc_artys7.gen/sources_1/bd/cadc_system/ip/cadc_system_jtag_axi_0_0/constraints/jtag_axi.xdc] for cell 'cadc_system_i/jtag_axi_0/U0'
Finished Parsing XDC File [c:/Users/aptay/Dropbox/adiuvo/f14-CADC/implementation/vivado_proj_artys7/cadc_artys7.gen/sources_1/bd/cadc_system/ip/cadc_system_jtag_axi_0_0/constraints/jtag_axi.xdc] for cell 'cadc_system_i/jtag_axi_0/U0'
Parsing XDC File [c:/Users/aptay/Dropbox/adiuvo/f14-CADC/implementation/vivado_proj_artys7/cadc_artys7.gen/sources_1/bd/cadc_system/ip/cadc_system_axi_gpio_ps_0/cadc_system_axi_gpio_ps_0_board.xdc] for cell 'cadc_system_i/axi_gpio_ps/U0'
Finished Parsing XDC File [c:/Users/aptay/Dropbox/adiuvo/f14-CADC/implementation/vivado_proj_artys7/cadc_artys7.gen/sources_1/bd/cadc_system/ip/cadc_system_axi_gpio_ps_0/cadc_system_axi_gpio_ps_0_board.xdc] for cell 'cadc_system_i/axi_gpio_ps/U0'
Parsing XDC File [c:/Users/aptay/Dropbox/adiuvo/f14-CADC/implementation/vivado_proj_artys7/cadc_artys7.gen/sources_1/bd/cadc_system/ip/cadc_system_axi_gpio_qc_0/cadc_system_axi_gpio_qc_0_board.xdc] for cell 'cadc_system_i/axi_gpio_qc/U0'
Finished Parsing XDC File [c:/Users/aptay/Dropbox/adiuvo/f14-CADC/implementation/vivado_proj_artys7/cadc_artys7.gen/sources_1/bd/cadc_system/ip/cadc_system_axi_gpio_qc_0/cadc_system_axi_gpio_qc_0_board.xdc] for cell 'cadc_system_i/axi_gpio_qc/U0'
Parsing XDC File [c:/Users/aptay/Dropbox/adiuvo/f14-CADC/implementation/vivado_proj_artys7/cadc_artys7.gen/sources_1/bd/cadc_system/ip/cadc_system_axi_gpio_tat_0/cadc_system_axi_gpio_tat_0_board.xdc] for cell 'cadc_system_i/axi_gpio_tat/U0'
Finished Parsing XDC File [c:/Users/aptay/Dropbox/adiuvo/f14-CADC/implementation/vivado_proj_artys7/cadc_artys7.gen/sources_1/bd/cadc_system/ip/cadc_system_axi_gpio_tat_0/cadc_system_axi_gpio_tat_0_board.xdc] for cell 'cadc_system_i/axi_gpio_tat/U0'
Parsing XDC File [c:/Users/aptay/Dropbox/adiuvo/f14-CADC/implementation/vivado_proj_artys7/cadc_artys7.gen/sources_1/bd/cadc_system/ip/cadc_system_axi_gpio_analog_0/cadc_system_axi_gpio_analog_0_board.xdc] for cell 'cadc_system_i/axi_gpio_analog/U0'
Finished Parsing XDC File [c:/Users/aptay/Dropbox/adiuvo/f14-CADC/implementation/vivado_proj_artys7/cadc_artys7.gen/sources_1/bd/cadc_system/ip/cadc_system_axi_gpio_analog_0/cadc_system_axi_gpio_analog_0_board.xdc] for cell 'cadc_system_i/axi_gpio_analog/U0'
Parsing XDC File [c:/Users/aptay/Dropbox/adiuvo/f14-CADC/implementation/vivado_proj_artys7/cadc_artys7.gen/sources_1/bd/cadc_system/ip/cadc_system_axi_gpio_digital_0/cadc_system_axi_gpio_digital_0_board.xdc] for cell 'cadc_system_i/axi_gpio_digital/U0'
Finished Parsing XDC File [c:/Users/aptay/Dropbox/adiuvo/f14-CADC/implementation/vivado_proj_artys7/cadc_artys7.gen/sources_1/bd/cadc_system/ip/cadc_system_axi_gpio_digital_0/cadc_system_axi_gpio_digital_0_board.xdc] for cell 'cadc_system_i/axi_gpio_digital/U0'
Parsing XDC File [c:/Users/aptay/Dropbox/adiuvo/f14-CADC/implementation/vivado_proj_artys7/cadc_artys7.gen/sources_1/bd/cadc_system/ip/cadc_system_ila_0_0/ila_v6_2/constraints/ila_impl.xdc] for cell 'cadc_system_i/ila_0/U0'
WARNING: [Vivado_Tcl 4-921] Waiver ID 'CDC-10' -to list should not be empty. [c:/Users/aptay/Dropbox/adiuvo/f14-CADC/implementation/vivado_proj_artys7/cadc_artys7.gen/sources_1/bd/cadc_system/ip/cadc_system_ila_0_0/ila_v6_2/constraints/ila_impl.xdc:31]
Finished Parsing XDC File [c:/Users/aptay/Dropbox/adiuvo/f14-CADC/implementation/vivado_proj_artys7/cadc_artys7.gen/sources_1/bd/cadc_system/ip/cadc_system_ila_0_0/ila_v6_2/constraints/ila_impl.xdc] for cell 'cadc_system_i/ila_0/U0'
Parsing XDC File [c:/Users/aptay/Dropbox/adiuvo/f14-CADC/implementation/vivado_proj_artys7/cadc_artys7.gen/sources_1/bd/cadc_system/ip/cadc_system_ila_0_0/ila_v6_2/constraints/ila.xdc] for cell 'cadc_system_i/ila_0/U0'
WARNING: [Vivado_Tcl 4-921] Waiver ID 'CDC-10' -to list should not be empty. [c:/Users/aptay/Dropbox/adiuvo/f14-CADC/implementation/vivado_proj_artys7/cadc_artys7.gen/sources_1/bd/cadc_system/ip/cadc_system_ila_0_0/ila_v6_2/constraints/ila.xdc:108]
Finished Parsing XDC File [c:/Users/aptay/Dropbox/adiuvo/f14-CADC/implementation/vivado_proj_artys7/cadc_artys7.gen/sources_1/bd/cadc_system/ip/cadc_system_ila_0_0/ila_v6_2/constraints/ila.xdc] for cell 'cadc_system_i/ila_0/U0'
Parsing XDC File [C:/Users/aptay/Dropbox/adiuvo/f14-CADC/implementation/constraints/cadc_artys7.xdc]
WARNING: [Vivado 12-508] No pins matched 'cadc_system_i/clock_divider_0/inst/clk_reg_reg/Q'. [C:/Users/aptay/Dropbox/adiuvo/f14-CADC/implementation/constraints/cadc_artys7.xdc:30]
CRITICAL WARNING: [Vivado 12-4739] create_generated_clock:No valid object(s) found for '-objects [get_pins cadc_system_i/clock_divider_0/inst/clk_reg_reg/Q]'. [C:/Users/aptay/Dropbox/adiuvo/f14-CADC/implementation/constraints/cadc_artys7.xdc:30]
Resolution: Check if the specified object(s) exists in the current design. If it does, ensure that the correct design hierarchy was specified for the object. If you are working with clocks, make sure create_clock was used to create the clock object before it is referenced.
Finished Parsing XDC File [C:/Users/aptay/Dropbox/adiuvo/f14-CADC/implementation/constraints/cadc_artys7.xdc]
INFO: [Project 1-1714] 16 XPM XDC files have been applied to the design.
INFO: [Opt 31-138] Pushed 0 inverter(s) to 0 load pin(s).
INFO: [Project 1-1687] 2 scoped IP constraints or related sub-commands were skipped due to synthesis logic optimizations usually triggered by constant connectivity or unconnected output pins. To review the skipped constraints and messages, run the command 'set_param netlist.IPMsgFiltering false' before opening the design.
Netlist sorting complete. Time (s): cpu = 00:00:00 ; elapsed = 00:00:00.011 . Memory (MB): peak = 1559.828 ; gain = 0.000
INFO: [Project 1-111] Unisim Transformation Summary:
  A total of 604 instances were transformed.
  CFGLUT5 => CFGLUT5 (SRL16E, SRLC32E): 560 instances
  RAM64M => RAM64M (RAMD64E(x4)): 44 instances

30 Infos, 3 Warnings, 1 Critical Warnings and 0 Errors encountered.
link_design completed successfully
link_design: Time (s): cpu = 00:00:44 ; elapsed = 00:00:47 . Memory (MB): peak = 1559.828 ; gain = 841.762
Command: opt_design
Attempting to get a license for feature 'Implementation' and/or device 'xc7s50'
INFO: [Common 17-349] Got license for feature 'Implementation' and/or device 'xc7s50'
Running DRC as a precondition to command opt_design

Starting DRC Task
INFO: [DRC 23-27] Running DRC with 2 threads
INFO: [Project 1-461] DRC finished with 0 Errors
INFO: [Project 1-462] Please refer to the DRC report (report_drc) for more information.

Time (s): cpu = 00:00:01 ; elapsed = 00:00:00.727 . Memory (MB): peak = 1559.828 ; gain = 0.000

Starting Cache Timing Information Task
INFO: [Timing 38-35] Done setting XDC timing constraints.
Ending Cache Timing Information Task | Checksum: 223640cb3

Time (s): cpu = 00:00:01 ; elapsed = 00:00:00.517 . Memory (MB): peak = 1559.828 ; gain = 0.000

Starting Logic Optimization Task

Phase 1 Initialization

Phase 1.1 Core Generation And Design Setup

Phase 1.1.1 Generate And Synthesize Debug Cores
INFO: [Chipscope 16-329] Generating Script for core instance : dbg_hub 
INFO: [IP_Flow 19-3806] Processing IP xilinx.com:ip:xsdbm:3.0 for cell dbg_hub_CV.
[Wed Mar 18 14:48:20 2026] Internal Interrupt received
wait_on_runs: Time (s): cpu = 00:00:01 ; elapsed = 00:01:34 . Memory (MB): peak = 737.387 ; gain = 0.000
# puts "Impl status: [get_property STATUS [get_runs impl_1]]"
Impl status: Running opt_design...
# launch_runs impl_1 -to_step write_bitstream -jobs 8
ERROR: [Common 17-69] Command failed:  Run'impl_1' is already running and cannot be relaunched.
INFO: [Common 17-206] Exiting Vivado at Wed Mar 18 14:48:20 2026...
