Reading pref.tcl

# 2025.3

# ** Note: (vsim-220) 'C:/questa_base64_2025.3/win64/../modelsim.ini' is used as the ini file.
# vsim -c -do "run -all; quit -f" work.sl_tb 
# Start time: 12:04:38 on Feb 21,2026
# ** Note: (vsim-3812) Design is being optimized...
# ** Note: (vopt-220) 'C:/questa_base64_2025.3/win64/../modelsim.ini' is used as the ini file.
# ** Warning: (vopt-133) Unable to remove directory "C:/Users/aptay/Dropbox/adiuvo/f14-CADC/sim/work/@_opt1/_data".
# ** Warning: (vopt-133) Unable to remove directory "C:/Users/aptay/Dropbox/adiuvo/f14-CADC/sim/work/@_opt1".
# The process cannot access the file because it is being used by another process. (GetLastError() = 32)
# ** Note: (vsim-12126) Error and warning message counts have been restored: Errors=0, Warnings=2.
# //  QuestaSim Base Edition-64
# //  Version 2025.3 win64 Sep 15 2025
# //
# // Unpublished work. Copyright 2025 Siemens
# //
# // This material contains trade secrets or otherwise confidential information
# // owned by Siemens Industry Software Inc. or its affiliates (collectively,
# // "SISW"), or its licensors. Access to and use of this information is strictly
# // limited as set forth in the Customer's applicable agreements with SISW.
# //
# // This material may not be copied, distributed, or otherwise disclosed outside
# // of the Customer's facilities without the express written permission of SISW,
# // and may not be used in any way not expressly authorized by SISW.
# //
# Loading std.standard
# Loading std.textio(body)
# Loading ieee.std_logic_1164(body)
# Loading ieee.numeric_std(body)
# Loading work.sl_tb(bench)#1
# run -all
# ** Note: SL-T-001: RAS -> ACC PASSED
#    Time: 9 ns  Iteration: 0  Instance: /sl_tb
# ** Note: SL-T-002: PMU -> ACC PASSED
#    Time: 13 ns  Iteration: 0  Instance: /sl_tb
# ** Note: SL-T-003: PDU_Q -> ACC PASSED
#    Time: 17 ns  Iteration: 0  Instance: /sl_tb
# ** Note: SL-T-004: PDU_R -> ACC PASSED
#    Time: 21 ns  Iteration: 0  Instance: /sl_tb
# ** Note: SL-T-005: IO -> ACC PASSED
#    Time: 25 ns  Iteration: 0  Instance: /sl_tb
# ** Note: SL-T-006: CONST -> ACC PASSED
#    Time: 29 ns  Iteration: 0  Instance: /sl_tb
# ** Note: SL-T-007: TMP -> ACC PASSED
#    Time: 33 ns  Iteration: 0  Instance: /sl_tb
# ** Note: SL-T-008: Reserved -> 0 PASSED
#    Time: 37 ns  Iteration: 0  Instance: /sl_tb
# ** Note: SL-T-010: ACC -> RAS PASSED
#    Time: 41 ns  Iteration: 0  Instance: /sl_tb
# ** Note: SL-T-011: PMU -> RAS PASSED
#    Time: 45 ns  Iteration: 0  Instance: /sl_tb
# ** Note: SL-T-012: PDU_Q -> RAS PASSED
#    Time: 49 ns  Iteration: 0  Instance: /sl_tb
# ** Note: SL-T-013: IO -> RAS PASSED
#    Time: 53 ns  Iteration: 0  Instance: /sl_tb
# ** Note: SL-T-020: ACC -> IO PASSED
#    Time: 57 ns  Iteration: 0  Instance: /sl_tb
# ** Note: SL-T-021: RAS -> IO PASSED
#    Time: 61 ns  Iteration: 0  Instance: /sl_tb
# ** Note: SL-T-022: PMU -> IO PASSED
#    Time: 65 ns  Iteration: 0  Instance: /sl_tb
# ** Note: SL-T-023: PDU_Q -> IO PASSED
#    Time: 69 ns  Iteration: 0  Instance: /sl_tb
# ** Note: SL-T-030a: ACC=RAS PASSED
#    Time: 73 ns  Iteration: 0  Instance: /sl_tb
# ** Note: SL-T-030b: RAS=PMU PASSED
#    Time: 75 ns  Iteration: 0  Instance: /sl_tb
# ** Note: SL-T-030c: IO=PDU_Q PASSED
#    Time: 77 ns  Iteration: 0  Instance: /sl_tb
# ** Note: SL-T-031a: ACC=PMU PASSED
#    Time: 81 ns  Iteration: 0  Instance: /sl_tb
# ** Note: SL-T-031b: RAS=PMU PASSED
#    Time: 83 ns  Iteration: 0  Instance: /sl_tb
# ** Note: SL-T-031c: IO=PMU PASSED
#    Time: 85 ns  Iteration: 0  Instance: /sl_tb
# ** Note: SL-T-032a: ACC changed PASSED
#    Time: 91 ns  Iteration: 0  Instance: /sl_tb
# ** Note: SL-T-032b: RAS stable PASSED
#    Time: 93 ns  Iteration: 0  Instance: /sl_tb
# ** Note: SL-T-032c: IO stable PASSED
#    Time: 95 ns  Iteration: 0  Instance: /sl_tb
# ** Note: SL-T-040a: zeros ACC PASSED
#    Time: 99 ns  Iteration: 0  Instance: /sl_tb
# ** Note: SL-T-040b: zeros RAS PASSED
#    Time: 101 ns  Iteration: 0  Instance: /sl_tb
# ** Note: SL-T-040c: zeros IO PASSED
#    Time: 103 ns  Iteration: 0  Instance: /sl_tb
# ** Note: SL-T-041a: ones ACC PASSED
#    Time: 107 ns  Iteration: 0  Instance: /sl_tb
# ** Note: SL-T-041b: ones RAS PASSED
#    Time: 109 ns  Iteration: 0  Instance: /sl_tb
# ** Note: SL-T-041c: ones IO PASSED
#    Time: 111 ns  Iteration: 0  Instance: /sl_tb
# ** Note: SL-T-042a: unique ACC PASSED
#    Time: 115 ns  Iteration: 0  Instance: /sl_tb
# ** Note: SL-T-042b: unique RAS PASSED
#    Time: 117 ns  Iteration: 0  Instance: /sl_tb
# ** Note: SL-T-042c: unique IO PASSED
#    Time: 119 ns  Iteration: 0  Instance: /sl_tb
# ** Note: SL-T-043a: bit 0 PASSED
#    Time: 123 ns  Iteration: 0  Instance: /sl_tb
# ** Note: SL-T-043b: bit 19 PASSED
#    Time: 127 ns  Iteration: 0  Instance: /sl_tb
# ** Note: ======================================
#    Time: 137 ns  Iteration: 0  Instance: /sl_tb
# ** Note: SL Testbench Complete
#    Time: 137 ns  Iteration: 0  Instance: /sl_tb
# ** Note: Tests run: 36
#    Time: 137 ns  Iteration: 0  Instance: /sl_tb
# ** Note: Failures:  0
#    Time: 137 ns  Iteration: 0  Instance: /sl_tb
# ** Note: ======================================
#    Time: 137 ns  Iteration: 0  Instance: /sl_tb
#  quit -f
# End time: 12:04:40 on Feb 21,2026, Elapsed time: 0:00:02
# Errors: 0, Warnings: 2
