
*** Running vivado
    with args -log cadc_system_wrapper.vds -m64 -product Vivado -mode batch -messageDb vivado.pb -notrace -source cadc_system_wrapper.tcl



****** Vivado v2025.2 (64-bit)
  **** SW Build 6299465 on Fri Nov 14 19:35:11 GMT 2025
  **** IP Build 6300035 on Fri Nov 14 10:48:45 MST 2025
  **** SharedData Build 6298862 on Thu Nov 13 04:50:51 MST 2025
  **** Start of session at: Wed Mar 18 15:07:03 2026
    ** Copyright 1986-2022 Xilinx, Inc. All Rights Reserved.
    ** Copyright 2022-2025 Advanced Micro Devices, Inc. All Rights Reserved.

source cadc_system_wrapper.tcl -notrace
create_project: Time (s): cpu = 00:00:08 ; elapsed = 00:00:06 . Memory (MB): peak = 663.367 ; gain = 221.758
INFO: [IP_Flow 19-234] Refreshing IP repositories
INFO: [IP_Flow 19-1704] No user IP repositories specified
INFO: [IP_Flow 19-2313] Loaded Vivado IP repository 'C:/AMDDesignTools/2025.2/Vivado/data/ip'.
INFO: [Project 1-5698] Found the below utility IPs instantiated in block design C:/Users/aptay/Dropbox/adiuvo/f14-CADC/implementation/vivado_proj_artys7/cadc_artys7.srcs/sources_1/bd/cadc_system/cadc_system.bd which have equivalent inline hdl with improved performance and reduced diskspace.
It is recommended to migrate these utility IPs to inline hdl  using the command upgrade_project -migrate_to_inline_hdl.  The utility IPs may be deprecated in future releases.
More information on inline hdl is available in UG994.
Utility IP Component Instances:
 cadc_system_util_vector_logic_0_0
Command: read_checkpoint -auto_incremental -incremental C:/Users/aptay/Dropbox/adiuvo/f14-CADC/implementation/vivado_proj_artys7/cadc_artys7.srcs/utils_1/imports/synth_1/cadc_system_wrapper.dcp
INFO: [Vivado 12-5825] Read reference checkpoint from C:/Users/aptay/Dropbox/adiuvo/f14-CADC/implementation/vivado_proj_artys7/cadc_artys7.srcs/utils_1/imports/synth_1/cadc_system_wrapper.dcp for incremental synthesis
INFO: [Vivado 12-7989] Please ensure there are no constraint changes
Command: synth_design -top cadc_system_wrapper -part xc7s50csga324-1
Starting synth_design
Attempting to get a license for feature 'Synthesis' and/or device 'xc7s50'
INFO: [Common 17-349] Got license for feature 'Synthesis' and/or device 'xc7s50'
INFO: [Device 21-403] Loading part xc7s50csga324-1
INFO: [Designutils 20-5440] No compile time benefit to using incremental synthesis; A full resynthesis will be run
INFO: [Designutils 20-4379] Flow is switching to default flow due to incremental criteria not met. If you would like to alter this behaviour and have the flow terminate instead, please set the following parameter config_implementation {autoIncr.Synth.RejectBehavior Terminate}
INFO: [Synth 8-7079] Multithreading enabled for synth_design using a maximum of 2 processes.
INFO: [Synth 8-7078] Launching helper process for spawning children vivado processes
INFO: [Synth 8-7075] Helper process launched with PID 44824
---------------------------------------------------------------------------------
Starting RTL Elaboration : Time (s): cpu = 00:00:04 ; elapsed = 00:00:05 . Memory (MB): peak = 1423.895 ; gain = 542.367
---------------------------------------------------------------------------------
INFO: [Synth 8-638] synthesizing module 'cadc_system_wrapper' [C:/Users/aptay/Dropbox/adiuvo/f14-CADC/implementation/vivado_proj_artys7/cadc_artys7.gen/sources_1/bd/cadc_system/hdl/cadc_system_wrapper.vhd:22]
INFO: [Synth 8-3491] module 'cadc_system' declared at 'c:/Users/aptay/Dropbox/adiuvo/f14-CADC/implementation/vivado_proj_artys7/cadc_artys7.gen/sources_1/bd/cadc_system/synth/cadc_system.vhd:1272' bound to instance 'cadc_system_i' of component 'cadc_system' [C:/Users/aptay/Dropbox/adiuvo/f14-CADC/implementation/vivado_proj_artys7/cadc_artys7.gen/sources_1/bd/cadc_system/hdl/cadc_system_wrapper.vhd:30]
INFO: [Synth 8-638] synthesizing module 'cadc_system' [c:/Users/aptay/Dropbox/adiuvo/f14-CADC/implementation/vivado_proj_artys7/cadc_artys7.gen/sources_1/bd/cadc_system/synth/cadc_system.vhd:1283]
INFO: [Synth 8-3491] module 'cadc_system_axi_gpio_analog_0' declared at 'C:/Users/aptay/Dropbox/adiuvo/f14-CADC/implementation/vivado_proj_artys7/cadc_artys7.runs/synth_1/.Xil/Vivado-24804-Adiuvo_Adam/realtime/cadc_system_axi_gpio_analog_0_stub.vhdl:6' bound to instance 'axi_gpio_analog' of component 'cadc_system_axi_gpio_analog_0' [c:/Users/aptay/Dropbox/adiuvo/f14-CADC/implementation/vivado_proj_artys7/cadc_artys7.gen/sources_1/bd/cadc_system/synth/cadc_system.vhd:1672]
INFO: [Synth 8-638] synthesizing module 'cadc_system_axi_gpio_analog_0' [C:/Users/aptay/Dropbox/adiuvo/f14-CADC/implementation/vivado_proj_artys7/cadc_artys7.runs/synth_1/.Xil/Vivado-24804-Adiuvo_Adam/realtime/cadc_system_axi_gpio_analog_0_stub.vhdl:38]
INFO: [Synth 8-3491] module 'cadc_system_axi_gpio_digital_0' declared at 'C:/Users/aptay/Dropbox/adiuvo/f14-CADC/implementation/vivado_proj_artys7/cadc_artys7.runs/synth_1/.Xil/Vivado-24804-Adiuvo_Adam/realtime/cadc_system_axi_gpio_digital_0_stub.vhdl:6' bound to instance 'axi_gpio_digital' of component 'cadc_system_axi_gpio_digital_0' [c:/Users/aptay/Dropbox/adiuvo/f14-CADC/implementation/vivado_proj_artys7/cadc_artys7.gen/sources_1/bd/cadc_system/synth/cadc_system.vhd:1695]
INFO: [Synth 8-638] synthesizing module 'cadc_system_axi_gpio_digital_0' [C:/Users/aptay/Dropbox/adiuvo/f14-CADC/implementation/vivado_proj_artys7/cadc_artys7.runs/synth_1/.Xil/Vivado-24804-Adiuvo_Adam/realtime/cadc_system_axi_gpio_digital_0_stub.vhdl:39]
INFO: [Synth 8-3491] module 'cadc_system_axi_gpio_ps_0' declared at 'C:/Users/aptay/Dropbox/adiuvo/f14-CADC/implementation/vivado_proj_artys7/cadc_artys7.runs/synth_1/.Xil/Vivado-24804-Adiuvo_Adam/realtime/cadc_system_axi_gpio_ps_0_stub.vhdl:6' bound to instance 'axi_gpio_ps' of component 'cadc_system_axi_gpio_ps_0' [c:/Users/aptay/Dropbox/adiuvo/f14-CADC/implementation/vivado_proj_artys7/cadc_artys7.gen/sources_1/bd/cadc_system/synth/cadc_system.vhd:1719]
INFO: [Synth 8-638] synthesizing module 'cadc_system_axi_gpio_ps_0' [C:/Users/aptay/Dropbox/adiuvo/f14-CADC/implementation/vivado_proj_artys7/cadc_artys7.runs/synth_1/.Xil/Vivado-24804-Adiuvo_Adam/realtime/cadc_system_axi_gpio_ps_0_stub.vhdl:38]
INFO: [Synth 8-3491] module 'cadc_system_axi_gpio_qc_0' declared at 'C:/Users/aptay/Dropbox/adiuvo/f14-CADC/implementation/vivado_proj_artys7/cadc_artys7.runs/synth_1/.Xil/Vivado-24804-Adiuvo_Adam/realtime/cadc_system_axi_gpio_qc_0_stub.vhdl:6' bound to instance 'axi_gpio_qc' of component 'cadc_system_axi_gpio_qc_0' [c:/Users/aptay/Dropbox/adiuvo/f14-CADC/implementation/vivado_proj_artys7/cadc_artys7.gen/sources_1/bd/cadc_system/synth/cadc_system.vhd:1742]
INFO: [Synth 8-638] synthesizing module 'cadc_system_axi_gpio_qc_0' [C:/Users/aptay/Dropbox/adiuvo/f14-CADC/implementation/vivado_proj_artys7/cadc_artys7.runs/synth_1/.Xil/Vivado-24804-Adiuvo_Adam/realtime/cadc_system_axi_gpio_qc_0_stub.vhdl:38]
INFO: [Synth 8-3491] module 'cadc_system_axi_gpio_tat_0' declared at 'C:/Users/aptay/Dropbox/adiuvo/f14-CADC/implementation/vivado_proj_artys7/cadc_artys7.runs/synth_1/.Xil/Vivado-24804-Adiuvo_Adam/realtime/cadc_system_axi_gpio_tat_0_stub.vhdl:6' bound to instance 'axi_gpio_tat' of component 'cadc_system_axi_gpio_tat_0' [c:/Users/aptay/Dropbox/adiuvo/f14-CADC/implementation/vivado_proj_artys7/cadc_artys7.gen/sources_1/bd/cadc_system/synth/cadc_system.vhd:1765]
INFO: [Synth 8-638] synthesizing module 'cadc_system_axi_gpio_tat_0' [C:/Users/aptay/Dropbox/adiuvo/f14-CADC/implementation/vivado_proj_artys7/cadc_artys7.runs/synth_1/.Xil/Vivado-24804-Adiuvo_Adam/realtime/cadc_system_axi_gpio_tat_0_stub.vhdl:38]
INFO: [Synth 8-638] synthesizing module 'cadc_system_axi_interconnect_0_0' [c:/Users/aptay/Dropbox/adiuvo/f14-CADC/implementation/vivado_proj_artys7/cadc_artys7.gen/sources_1/bd/cadc_system/synth/cadc_system.vhd:754]
INFO: [Synth 8-638] synthesizing module 'm00_couplers_imp_1D76A4Z' [c:/Users/aptay/Dropbox/adiuvo/f14-CADC/implementation/vivado_proj_artys7/cadc_artys7.gen/sources_1/bd/cadc_system/synth/cadc_system.vhd:58]
INFO: [Synth 8-256] done synthesizing module 'm00_couplers_imp_1D76A4Z' (0#1) [c:/Users/aptay/Dropbox/adiuvo/f14-CADC/implementation/vivado_proj_artys7/cadc_artys7.gen/sources_1/bd/cadc_system/synth/cadc_system.vhd:58]
INFO: [Synth 8-638] synthesizing module 'm01_couplers_imp_CWXMJ1' [c:/Users/aptay/Dropbox/adiuvo/f14-CADC/implementation/vivado_proj_artys7/cadc_artys7.gen/sources_1/bd/cadc_system/synth/cadc_system.vhd:159]
INFO: [Synth 8-256] done synthesizing module 'm01_couplers_imp_CWXMJ1' (0#1) [c:/Users/aptay/Dropbox/adiuvo/f14-CADC/implementation/vivado_proj_artys7/cadc_artys7.gen/sources_1/bd/cadc_system/synth/cadc_system.vhd:159]
INFO: [Synth 8-638] synthesizing module 'm02_couplers_imp_NQV5BI' [c:/Users/aptay/Dropbox/adiuvo/f14-CADC/implementation/vivado_proj_artys7/cadc_artys7.gen/sources_1/bd/cadc_system/synth/cadc_system.vhd:260]
INFO: [Synth 8-256] done synthesizing module 'm02_couplers_imp_NQV5BI' (0#1) [c:/Users/aptay/Dropbox/adiuvo/f14-CADC/implementation/vivado_proj_artys7/cadc_artys7.gen/sources_1/bd/cadc_system/synth/cadc_system.vhd:260]
INFO: [Synth 8-638] synthesizing module 'm03_couplers_imp_1K4U0C0' [c:/Users/aptay/Dropbox/adiuvo/f14-CADC/implementation/vivado_proj_artys7/cadc_artys7.gen/sources_1/bd/cadc_system/synth/cadc_system.vhd:361]
INFO: [Synth 8-256] done synthesizing module 'm03_couplers_imp_1K4U0C0' (0#1) [c:/Users/aptay/Dropbox/adiuvo/f14-CADC/implementation/vivado_proj_artys7/cadc_artys7.gen/sources_1/bd/cadc_system/synth/cadc_system.vhd:361]
INFO: [Synth 8-638] synthesizing module 'm04_couplers_imp_19EQ6W8' [c:/Users/aptay/Dropbox/adiuvo/f14-CADC/implementation/vivado_proj_artys7/cadc_artys7.gen/sources_1/bd/cadc_system/synth/cadc_system.vhd:462]
INFO: [Synth 8-256] done synthesizing module 'm04_couplers_imp_19EQ6W8' (0#1) [c:/Users/aptay/Dropbox/adiuvo/f14-CADC/implementation/vivado_proj_artys7/cadc_artys7.gen/sources_1/bd/cadc_system/synth/cadc_system.vhd:462]
INFO: [Synth 8-638] synthesizing module 's00_couplers_imp_PW3YDF' [c:/Users/aptay/Dropbox/adiuvo/f14-CADC/implementation/vivado_proj_artys7/cadc_artys7.gen/sources_1/bd/cadc_system/synth/cadc_system.vhd:567]
INFO: [Synth 8-256] done synthesizing module 's00_couplers_imp_PW3YDF' (0#1) [c:/Users/aptay/Dropbox/adiuvo/f14-CADC/implementation/vivado_proj_artys7/cadc_artys7.gen/sources_1/bd/cadc_system/synth/cadc_system.vhd:567]
INFO: [Synth 8-3491] module 'cadc_system_axi_interconnect_0_imp_xbar_0' declared at 'C:/Users/aptay/Dropbox/adiuvo/f14-CADC/implementation/vivado_proj_artys7/cadc_artys7.runs/synth_1/.Xil/Vivado-24804-Adiuvo_Adam/realtime/cadc_system_axi_interconnect_0_imp_xbar_0_stub.vhdl:6' bound to instance 'xbar' of component 'cadc_system_axi_interconnect_0_imp_xbar_0' [c:/Users/aptay/Dropbox/adiuvo/f14-CADC/implementation/vivado_proj_artys7/cadc_artys7.gen/sources_1/bd/cadc_system/synth/cadc_system.vhd:1156]
INFO: [Synth 8-638] synthesizing module 'cadc_system_axi_interconnect_0_imp_xbar_0' [C:/Users/aptay/Dropbox/adiuvo/f14-CADC/implementation/vivado_proj_artys7/cadc_artys7.runs/synth_1/.Xil/Vivado-24804-Adiuvo_Adam/realtime/cadc_system_axi_interconnect_0_imp_xbar_0_stub.vhdl:58]
INFO: [Synth 8-256] done synthesizing module 'cadc_system_axi_interconnect_0_0' (0#1) [c:/Users/aptay/Dropbox/adiuvo/f14-CADC/implementation/vivado_proj_artys7/cadc_artys7.gen/sources_1/bd/cadc_system/synth/cadc_system.vhd:754]
INFO: [Synth 8-3491] module 'cadc_system_cadc_top_0_0' declared at 'C:/Users/aptay/Dropbox/adiuvo/f14-CADC/implementation/vivado_proj_artys7/cadc_artys7.runs/synth_1/.Xil/Vivado-24804-Adiuvo_Adam/realtime/cadc_system_cadc_top_0_0_stub.vhdl:6' bound to instance 'cadc_top_0' of component 'cadc_system_cadc_top_0_0' [c:/Users/aptay/Dropbox/adiuvo/f14-CADC/implementation/vivado_proj_artys7/cadc_artys7.gen/sources_1/bd/cadc_system/synth/cadc_system.vhd:1909]
INFO: [Synth 8-638] synthesizing module 'cadc_system_cadc_top_0_0' [C:/Users/aptay/Dropbox/adiuvo/f14-CADC/implementation/vivado_proj_artys7/cadc_artys7.runs/synth_1/.Xil/Vivado-24804-Adiuvo_Adam/realtime/cadc_system_cadc_top_0_0_stub.vhdl:37]
INFO: [Synth 8-3491] module 'cadc_system_clk_wiz_0_0' declared at 'C:/Users/aptay/Dropbox/adiuvo/f14-CADC/implementation/vivado_proj_artys7/cadc_artys7.runs/synth_1/.Xil/Vivado-24804-Adiuvo_Adam/realtime/cadc_system_clk_wiz_0_0_stub.vhdl:6' bound to instance 'clk_wiz_0' of component 'cadc_system_clk_wiz_0_0' [c:/Users/aptay/Dropbox/adiuvo/f14-CADC/implementation/vivado_proj_artys7/cadc_artys7.gen/sources_1/bd/cadc_system/synth/cadc_system.vhd:1929]
INFO: [Synth 8-638] synthesizing module 'cadc_system_clk_wiz_0_0' [C:/Users/aptay/Dropbox/adiuvo/f14-CADC/implementation/vivado_proj_artys7/cadc_artys7.runs/synth_1/.Xil/Vivado-24804-Adiuvo_Adam/realtime/cadc_system_clk_wiz_0_0_stub.vhdl:19]
INFO: [Synth 8-3491] module 'cadc_system_clock_divider_0_0' declared at 'C:/Users/aptay/Dropbox/adiuvo/f14-CADC/implementation/vivado_proj_artys7/cadc_artys7.runs/synth_1/.Xil/Vivado-24804-Adiuvo_Adam/realtime/cadc_system_clock_divider_0_0_stub.vhdl:6' bound to instance 'clock_divider_0' of component 'cadc_system_clock_divider_0_0' [c:/Users/aptay/Dropbox/adiuvo/f14-CADC/implementation/vivado_proj_artys7/cadc_artys7.gen/sources_1/bd/cadc_system/synth/cadc_system.vhd:1937]
INFO: [Synth 8-638] synthesizing module 'cadc_system_clock_divider_0_0' [C:/Users/aptay/Dropbox/adiuvo/f14-CADC/implementation/vivado_proj_artys7/cadc_artys7.runs/synth_1/.Xil/Vivado-24804-Adiuvo_Adam/realtime/cadc_system_clock_divider_0_0_stub.vhdl:23]
INFO: [Synth 8-3491] module 'cadc_system_ila_0_0' declared at 'C:/Users/aptay/Dropbox/adiuvo/f14-CADC/implementation/vivado_proj_artys7/cadc_artys7.runs/synth_1/.Xil/Vivado-24804-Adiuvo_Adam/realtime/cadc_system_ila_0_0_stub.vhdl:6' bound to instance 'ila_0' of component 'cadc_system_ila_0_0' [c:/Users/aptay/Dropbox/adiuvo/f14-CADC/implementation/vivado_proj_artys7/cadc_artys7.gen/sources_1/bd/cadc_system/synth/cadc_system.vhd:1943]
INFO: [Synth 8-638] synthesizing module 'cadc_system_ila_0_0' [C:/Users/aptay/Dropbox/adiuvo/f14-CADC/implementation/vivado_proj_artys7/cadc_artys7.runs/synth_1/.Xil/Vivado-24804-Adiuvo_Adam/realtime/cadc_system_ila_0_0_stub.vhdl:63]
INFO: [Synth 8-3491] module 'cadc_system_jtag_axi_0_0' declared at 'C:/Users/aptay/Dropbox/adiuvo/f14-CADC/implementation/vivado_proj_artys7/cadc_artys7.runs/synth_1/.Xil/Vivado-24804-Adiuvo_Adam/realtime/cadc_system_jtag_axi_0_0_stub.vhdl:6' bound to instance 'jtag_axi_0' of component 'cadc_system_jtag_axi_0_0' [c:/Users/aptay/Dropbox/adiuvo/f14-CADC/implementation/vivado_proj_artys7/cadc_artys7.gen/sources_1/bd/cadc_system/synth/cadc_system.vhd:1993]
INFO: [Synth 8-638] synthesizing module 'cadc_system_jtag_axi_0_0' [C:/Users/aptay/Dropbox/adiuvo/f14-CADC/implementation/vivado_proj_artys7/cadc_artys7.runs/synth_1/.Xil/Vivado-24804-Adiuvo_Adam/realtime/cadc_system_jtag_axi_0_0_stub.vhdl:39]
INFO: [Synth 8-3491] module 'cadc_system_proc_sys_reset_0_0' declared at 'C:/Users/aptay/Dropbox/adiuvo/f14-CADC/implementation/vivado_proj_artys7/cadc_artys7.runs/synth_1/.Xil/Vivado-24804-Adiuvo_Adam/realtime/cadc_system_proc_sys_reset_0_0_stub.vhdl:6' bound to instance 'proc_sys_reset_0' of component 'cadc_system_proc_sys_reset_0_0' [c:/Users/aptay/Dropbox/adiuvo/f14-CADC/implementation/vivado_proj_artys7/cadc_artys7.gen/sources_1/bd/cadc_system/synth/cadc_system.vhd:2017]
INFO: [Synth 8-638] synthesizing module 'cadc_system_proc_sys_reset_0_0' [C:/Users/aptay/Dropbox/adiuvo/f14-CADC/implementation/vivado_proj_artys7/cadc_artys7.runs/synth_1/.Xil/Vivado-24804-Adiuvo_Adam/realtime/cadc_system_proc_sys_reset_0_0_stub.vhdl:28]
INFO: [Synth 8-3491] module 'cadc_system_util_vector_logic_0_0' declared at 'C:/Users/aptay/Dropbox/adiuvo/f14-CADC/implementation/vivado_proj_artys7/cadc_artys7.runs/synth_1/.Xil/Vivado-24804-Adiuvo_Adam/realtime/cadc_system_util_vector_logic_0_0_stub.vhdl:6' bound to instance 'util_vector_logic_0' of component 'cadc_system_util_vector_logic_0_0' [c:/Users/aptay/Dropbox/adiuvo/f14-CADC/implementation/vivado_proj_artys7/cadc_artys7.gen/sources_1/bd/cadc_system/synth/cadc_system.vhd:2030]
INFO: [Synth 8-638] synthesizing module 'cadc_system_util_vector_logic_0_0' [C:/Users/aptay/Dropbox/adiuvo/f14-CADC/implementation/vivado_proj_artys7/cadc_artys7.runs/synth_1/.Xil/Vivado-24804-Adiuvo_Adam/realtime/cadc_system_util_vector_logic_0_0_stub.vhdl:20]
INFO: [Synth 8-256] done synthesizing module 'cadc_system' (0#1) [c:/Users/aptay/Dropbox/adiuvo/f14-CADC/implementation/vivado_proj_artys7/cadc_artys7.gen/sources_1/bd/cadc_system/synth/cadc_system.vhd:1283]
INFO: [Synth 8-256] done synthesizing module 'cadc_system_wrapper' (0#1) [C:/Users/aptay/Dropbox/adiuvo/f14-CADC/implementation/vivado_proj_artys7/cadc_artys7.gen/sources_1/bd/cadc_system/hdl/cadc_system_wrapper.vhd:22]
WARNING: [Synth 8-7129] Port M_ACLK in module s00_couplers_imp_PW3YDF is either unconnected or has no load
WARNING: [Synth 8-7129] Port M_ARESETN in module s00_couplers_imp_PW3YDF is either unconnected or has no load
WARNING: [Synth 8-7129] Port S_ACLK in module s00_couplers_imp_PW3YDF is either unconnected or has no load
WARNING: [Synth 8-7129] Port S_ARESETN in module s00_couplers_imp_PW3YDF is either unconnected or has no load
WARNING: [Synth 8-7129] Port M_ACLK in module m04_couplers_imp_19EQ6W8 is either unconnected or has no load
WARNING: [Synth 8-7129] Port M_ARESETN in module m04_couplers_imp_19EQ6W8 is either unconnected or has no load
WARNING: [Synth 8-7129] Port S_ACLK in module m04_couplers_imp_19EQ6W8 is either unconnected or has no load
WARNING: [Synth 8-7129] Port S_ARESETN in module m04_couplers_imp_19EQ6W8 is either unconnected or has no load
WARNING: [Synth 8-7129] Port M_ACLK in module m03_couplers_imp_1K4U0C0 is either unconnected or has no load
WARNING: [Synth 8-7129] Port M_ARESETN in module m03_couplers_imp_1K4U0C0 is either unconnected or has no load
WARNING: [Synth 8-7129] Port S_ACLK in module m03_couplers_imp_1K4U0C0 is either unconnected or has no load
WARNING: [Synth 8-7129] Port S_ARESETN in module m03_couplers_imp_1K4U0C0 is either unconnected or has no load
WARNING: [Synth 8-7129] Port M_ACLK in module m02_couplers_imp_NQV5BI is either unconnected or has no load
WARNING: [Synth 8-7129] Port M_ARESETN in module m02_couplers_imp_NQV5BI is either unconnected or has no load
WARNING: [Synth 8-7129] Port S_ACLK in module m02_couplers_imp_NQV5BI is either unconnected or has no load
WARNING: [Synth 8-7129] Port S_ARESETN in module m02_couplers_imp_NQV5BI is either unconnected or has no load
WARNING: [Synth 8-7129] Port M_ACLK in module m01_couplers_imp_CWXMJ1 is either unconnected or has no load
WARNING: [Synth 8-7129] Port M_ARESETN in module m01_couplers_imp_CWXMJ1 is either unconnected or has no load
WARNING: [Synth 8-7129] Port S_ACLK in module m01_couplers_imp_CWXMJ1 is either unconnected or has no load
WARNING: [Synth 8-7129] Port S_ARESETN in module m01_couplers_imp_CWXMJ1 is either unconnected or has no load
WARNING: [Synth 8-7129] Port M_ACLK in module m00_couplers_imp_1D76A4Z is either unconnected or has no load
WARNING: [Synth 8-7129] Port M_ARESETN in module m00_couplers_imp_1D76A4Z is either unconnected or has no load
WARNING: [Synth 8-7129] Port S_ACLK in module m00_couplers_imp_1D76A4Z is either unconnected or has no load
WARNING: [Synth 8-7129] Port S_ARESETN in module m00_couplers_imp_1D76A4Z is either unconnected or has no load
---------------------------------------------------------------------------------
Finished RTL Elaboration : Time (s): cpu = 00:00:06 ; elapsed = 00:00:08 . Memory (MB): peak = 1555.809 ; gain = 674.281
---------------------------------------------------------------------------------
---------------------------------------------------------------------------------
Start Handling Custom Attributes
---------------------------------------------------------------------------------
---------------------------------------------------------------------------------
Finished Handling Custom Attributes : Time (s): cpu = 00:00:06 ; elapsed = 00:00:08 . Memory (MB): peak = 1555.809 ; gain = 674.281
---------------------------------------------------------------------------------
---------------------------------------------------------------------------------
Finished RTL Optimization Phase 1 : Time (s): cpu = 00:00:06 ; elapsed = 00:00:08 . Memory (MB): peak = 1555.809 ; gain = 674.281
---------------------------------------------------------------------------------
Netlist sorting complete. Time (s): cpu = 00:00:00 ; elapsed = 00:00:00.019 . Memory (MB): peak = 1555.809 ; gain = 0.000
INFO: [Project 1-570] Preparing netlist for logic optimization

Processing XDC Constraints
Initializing timing engine
Parsing XDC File [c:/Users/aptay/Dropbox/adiuvo/f14-CADC/implementation/vivado_proj_artys7/cadc_artys7.gen/sources_1/bd/cadc_system/ip/cadc_system_clk_wiz_0_0/cadc_system_clk_wiz_0_0/cadc_system_clk_wiz_0_0_in_context.xdc] for cell 'cadc_system_i/clk_wiz_0'
Finished Parsing XDC File [c:/Users/aptay/Dropbox/adiuvo/f14-CADC/implementation/vivado_proj_artys7/cadc_artys7.gen/sources_1/bd/cadc_system/ip/cadc_system_clk_wiz_0_0/cadc_system_clk_wiz_0_0/cadc_system_clk_wiz_0_0_in_context.xdc] for cell 'cadc_system_i/clk_wiz_0'
Parsing XDC File [c:/Users/aptay/Dropbox/adiuvo/f14-CADC/implementation/vivado_proj_artys7/cadc_artys7.gen/sources_1/bd/cadc_system/ip/cadc_system_proc_sys_reset_0_0/cadc_system_proc_sys_reset_0_0/cadc_system_proc_sys_reset_0_0_in_context.xdc] for cell 'cadc_system_i/proc_sys_reset_0'
Finished Parsing XDC File [c:/Users/aptay/Dropbox/adiuvo/f14-CADC/implementation/vivado_proj_artys7/cadc_artys7.gen/sources_1/bd/cadc_system/ip/cadc_system_proc_sys_reset_0_0/cadc_system_proc_sys_reset_0_0/cadc_system_proc_sys_reset_0_0_in_context.xdc] for cell 'cadc_system_i/proc_sys_reset_0'
Parsing XDC File [c:/Users/aptay/Dropbox/adiuvo/f14-CADC/implementation/vivado_proj_artys7/cadc_artys7.gen/sources_1/bd/cadc_system/ip/cadc_system_jtag_axi_0_0/cadc_system_jtag_axi_0_0/cadc_system_jtag_axi_0_0_in_context.xdc] for cell 'cadc_system_i/jtag_axi_0'
Finished Parsing XDC File [c:/Users/aptay/Dropbox/adiuvo/f14-CADC/implementation/vivado_proj_artys7/cadc_artys7.gen/sources_1/bd/cadc_system/ip/cadc_system_jtag_axi_0_0/cadc_system_jtag_axi_0_0/cadc_system_jtag_axi_0_0_in_context.xdc] for cell 'cadc_system_i/jtag_axi_0'
Parsing XDC File [c:/Users/aptay/Dropbox/adiuvo/f14-CADC/implementation/vivado_proj_artys7/cadc_artys7.gen/sources_1/bd/cadc_system/ip/cadc_system_axi_interconnect_0_imp_xbar_0/cadc_system_axi_interconnect_0_imp_xbar_0/cadc_system_axi_interconnect_0_imp_xbar_0_in_context.xdc] for cell 'cadc_system_i/axi_interconnect_0/xbar'
Finished Parsing XDC File [c:/Users/aptay/Dropbox/adiuvo/f14-CADC/implementation/vivado_proj_artys7/cadc_artys7.gen/sources_1/bd/cadc_system/ip/cadc_system_axi_interconnect_0_imp_xbar_0/cadc_system_axi_interconnect_0_imp_xbar_0/cadc_system_axi_interconnect_0_imp_xbar_0_in_context.xdc] for cell 'cadc_system_i/axi_interconnect_0/xbar'
Parsing XDC File [c:/Users/aptay/Dropbox/adiuvo/f14-CADC/implementation/vivado_proj_artys7/cadc_artys7.gen/sources_1/bd/cadc_system/ip/cadc_system_axi_gpio_ps_0/cadc_system_axi_gpio_ps_0/cadc_system_axi_gpio_ps_0_in_context.xdc] for cell 'cadc_system_i/axi_gpio_ps'
Finished Parsing XDC File [c:/Users/aptay/Dropbox/adiuvo/f14-CADC/implementation/vivado_proj_artys7/cadc_artys7.gen/sources_1/bd/cadc_system/ip/cadc_system_axi_gpio_ps_0/cadc_system_axi_gpio_ps_0/cadc_system_axi_gpio_ps_0_in_context.xdc] for cell 'cadc_system_i/axi_gpio_ps'
Parsing XDC File [c:/Users/aptay/Dropbox/adiuvo/f14-CADC/implementation/vivado_proj_artys7/cadc_artys7.gen/sources_1/bd/cadc_system/ip/cadc_system_axi_gpio_qc_0/cadc_system_axi_gpio_qc_0/cadc_system_axi_gpio_ps_0_in_context.xdc] for cell 'cadc_system_i/axi_gpio_qc'
Finished Parsing XDC File [c:/Users/aptay/Dropbox/adiuvo/f14-CADC/implementation/vivado_proj_artys7/cadc_artys7.gen/sources_1/bd/cadc_system/ip/cadc_system_axi_gpio_qc_0/cadc_system_axi_gpio_qc_0/cadc_system_axi_gpio_ps_0_in_context.xdc] for cell 'cadc_system_i/axi_gpio_qc'
Parsing XDC File [c:/Users/aptay/Dropbox/adiuvo/f14-CADC/implementation/vivado_proj_artys7/cadc_artys7.gen/sources_1/bd/cadc_system/ip/cadc_system_axi_gpio_tat_0/cadc_system_axi_gpio_tat_0/cadc_system_axi_gpio_ps_0_in_context.xdc] for cell 'cadc_system_i/axi_gpio_tat'
Finished Parsing XDC File [c:/Users/aptay/Dropbox/adiuvo/f14-CADC/implementation/vivado_proj_artys7/cadc_artys7.gen/sources_1/bd/cadc_system/ip/cadc_system_axi_gpio_tat_0/cadc_system_axi_gpio_tat_0/cadc_system_axi_gpio_ps_0_in_context.xdc] for cell 'cadc_system_i/axi_gpio_tat'
Parsing XDC File [c:/Users/aptay/Dropbox/adiuvo/f14-CADC/implementation/vivado_proj_artys7/cadc_artys7.gen/sources_1/bd/cadc_system/ip/cadc_system_axi_gpio_analog_0/cadc_system_axi_gpio_analog_0/cadc_system_axi_gpio_ps_0_in_context.xdc] for cell 'cadc_system_i/axi_gpio_analog'
Finished Parsing XDC File [c:/Users/aptay/Dropbox/adiuvo/f14-CADC/implementation/vivado_proj_artys7/cadc_artys7.gen/sources_1/bd/cadc_system/ip/cadc_system_axi_gpio_analog_0/cadc_system_axi_gpio_analog_0/cadc_system_axi_gpio_ps_0_in_context.xdc] for cell 'cadc_system_i/axi_gpio_analog'
Parsing XDC File [c:/Users/aptay/Dropbox/adiuvo/f14-CADC/implementation/vivado_proj_artys7/cadc_artys7.gen/sources_1/bd/cadc_system/ip/cadc_system_axi_gpio_digital_0/cadc_system_axi_gpio_digital_0/cadc_system_axi_gpio_digital_0_in_context.xdc] for cell 'cadc_system_i/axi_gpio_digital'
Finished Parsing XDC File [c:/Users/aptay/Dropbox/adiuvo/f14-CADC/implementation/vivado_proj_artys7/cadc_artys7.gen/sources_1/bd/cadc_system/ip/cadc_system_axi_gpio_digital_0/cadc_system_axi_gpio_digital_0/cadc_system_axi_gpio_digital_0_in_context.xdc] for cell 'cadc_system_i/axi_gpio_digital'
Parsing XDC File [c:/Users/aptay/Dropbox/adiuvo/f14-CADC/implementation/vivado_proj_artys7/cadc_artys7.gen/sources_1/bd/cadc_system/ip/cadc_system_clock_divider_0_0/cadc_system_clock_divider_0_0/cadc_system_clock_divider_0_0_in_context.xdc] for cell 'cadc_system_i/clock_divider_0'
Finished Parsing XDC File [c:/Users/aptay/Dropbox/adiuvo/f14-CADC/implementation/vivado_proj_artys7/cadc_artys7.gen/sources_1/bd/cadc_system/ip/cadc_system_clock_divider_0_0/cadc_system_clock_divider_0_0/cadc_system_clock_divider_0_0_in_context.xdc] for cell 'cadc_system_i/clock_divider_0'
Parsing XDC File [c:/Users/aptay/Dropbox/adiuvo/f14-CADC/implementation/vivado_proj_artys7/cadc_artys7.gen/sources_1/bd/cadc_system/ip/cadc_system_cadc_top_0_0/cadc_system_cadc_top_0_0/cadc_system_cadc_top_0_0_in_context.xdc] for cell 'cadc_system_i/cadc_top_0'
Finished Parsing XDC File [c:/Users/aptay/Dropbox/adiuvo/f14-CADC/implementation/vivado_proj_artys7/cadc_artys7.gen/sources_1/bd/cadc_system/ip/cadc_system_cadc_top_0_0/cadc_system_cadc_top_0_0/cadc_system_cadc_top_0_0_in_context.xdc] for cell 'cadc_system_i/cadc_top_0'
Parsing XDC File [c:/Users/aptay/Dropbox/adiuvo/f14-CADC/implementation/vivado_proj_artys7/cadc_artys7.gen/sources_1/bd/cadc_system/ip/cadc_system_ila_0_0/cadc_system_ila_0_0/cadc_system_ila_0_0_in_context.xdc] for cell 'cadc_system_i/ila_0'
Finished Parsing XDC File [c:/Users/aptay/Dropbox/adiuvo/f14-CADC/implementation/vivado_proj_artys7/cadc_artys7.gen/sources_1/bd/cadc_system/ip/cadc_system_ila_0_0/cadc_system_ila_0_0/cadc_system_ila_0_0_in_context.xdc] for cell 'cadc_system_i/ila_0'
Parsing XDC File [c:/Users/aptay/Dropbox/adiuvo/f14-CADC/implementation/vivado_proj_artys7/cadc_artys7.gen/sources_1/bd/cadc_system/ip/cadc_system_util_vector_logic_0_0/cadc_system_util_vector_logic_0_0/cadc_system_util_vector_logic_0_0_in_context.xdc] for cell 'cadc_system_i/util_vector_logic_0'
Finished Parsing XDC File [c:/Users/aptay/Dropbox/adiuvo/f14-CADC/implementation/vivado_proj_artys7/cadc_artys7.gen/sources_1/bd/cadc_system/ip/cadc_system_util_vector_logic_0_0/cadc_system_util_vector_logic_0_0/cadc_system_util_vector_logic_0_0_in_context.xdc] for cell 'cadc_system_i/util_vector_logic_0'
Parsing XDC File [C:/Users/aptay/Dropbox/adiuvo/f14-CADC/implementation/constraints/cadc_artys7.xdc]
WARNING: [Vivado 12-508] No pins matched 'cadc_system_i/clock_divider_0/U0/clk_reg_reg/Q'. [C:/Users/aptay/Dropbox/adiuvo/f14-CADC/implementation/constraints/cadc_artys7.xdc:30]
CRITICAL WARNING: [Vivado 12-4739] set_clock_groups:No valid object(s) found for '-group [get_clocks -quiet clk_out1_cadc_system_clk_wiz_0_0]'. [C:/Users/aptay/Dropbox/adiuvo/f14-CADC/implementation/constraints/cadc_artys7.xdc:37]
Resolution: Check if the specified object(s) exists in the current design. If it does, ensure that the correct design hierarchy was specified for the object. If you are working with clocks, make sure create_clock was used to create the clock object before it is referenced.
CRITICAL WARNING: [Vivado 12-4739] set_clock_groups:No valid object(s) found for '-group '. [C:/Users/aptay/Dropbox/adiuvo/f14-CADC/implementation/constraints/cadc_artys7.xdc:37]
Resolution: Check if the specified object(s) exists in the current design. If it does, ensure that the correct design hierarchy was specified for the object. If you are working with clocks, make sure create_clock was used to create the clock object before it is referenced.
CRITICAL WARNING: [Vivado 12-4739] set_clock_groups:No valid object(s) found for '-group [get_clocks -quiet clk_out1_cadc_system_clk_wiz_0_0_1]'. [C:/Users/aptay/Dropbox/adiuvo/f14-CADC/implementation/constraints/cadc_artys7.xdc:37]
Resolution: Check if the specified object(s) exists in the current design. If it does, ensure that the correct design hierarchy was specified for the object. If you are working with clocks, make sure create_clock was used to create the clock object before it is referenced.
CRITICAL WARNING: [Vivado 12-4739] set_clock_groups:No valid object(s) found for '-group '. [C:/Users/aptay/Dropbox/adiuvo/f14-CADC/implementation/constraints/cadc_artys7.xdc:37]
Resolution: Check if the specified object(s) exists in the current design. If it does, ensure that the correct design hierarchy was specified for the object. If you are working with clocks, make sure create_clock was used to create the clock object before it is referenced.
CRITICAL WARNING: [Vivado 12-4739] set_clock_groups:No valid object(s) found for '-group [get_clocks -quiet clk_out2_cadc_system_clk_wiz_0_0]'. [C:/Users/aptay/Dropbox/adiuvo/f14-CADC/implementation/constraints/cadc_artys7.xdc:40]
Resolution: Check if the specified object(s) exists in the current design. If it does, ensure that the correct design hierarchy was specified for the object. If you are working with clocks, make sure create_clock was used to create the clock object before it is referenced.
CRITICAL WARNING: [Vivado 12-4739] set_clock_groups:No valid object(s) found for '-group '. [C:/Users/aptay/Dropbox/adiuvo/f14-CADC/implementation/constraints/cadc_artys7.xdc:40]
Resolution: Check if the specified object(s) exists in the current design. If it does, ensure that the correct design hierarchy was specified for the object. If you are working with clocks, make sure create_clock was used to create the clock object before it is referenced.
CRITICAL WARNING: [Vivado 12-4739] set_clock_groups:No valid object(s) found for '-group [get_clocks -quiet clk_out2_cadc_system_clk_wiz_0_0_1]'. [C:/Users/aptay/Dropbox/adiuvo/f14-CADC/implementation/constraints/cadc_artys7.xdc:40]
Resolution: Check if the specified object(s) exists in the current design. If it does, ensure that the correct design hierarchy was specified for the object. If you are working with clocks, make sure create_clock was used to create the clock object before it is referenced.
CRITICAL WARNING: [Vivado 12-4739] set_clock_groups:No valid object(s) found for '-group '. [C:/Users/aptay/Dropbox/adiuvo/f14-CADC/implementation/constraints/cadc_artys7.xdc:40]
Resolution: Check if the specified object(s) exists in the current design. If it does, ensure that the correct design hierarchy was specified for the object. If you are working with clocks, make sure create_clock was used to create the clock object before it is referenced.
Finished Parsing XDC File [C:/Users/aptay/Dropbox/adiuvo/f14-CADC/implementation/constraints/cadc_artys7.xdc]
WARNING: [Project 1-498] One or more constraints failed evaluation while reading constraint file [C:/Users/aptay/Dropbox/adiuvo/f14-CADC/implementation/constraints/cadc_artys7.xdc] and the design contains unresolved black boxes. These constraints will be read post-synthesis (as long as their source constraint file is marked as used_in_implementation) and should be applied correctly then. You should review the constraints listed in the file [.Xil/cadc_system_wrapper_propImpl.xdc] and check the run log file to verify that these constraints were correctly applied.
INFO: [Project 1-236] Implementation specific constraints were found while reading constraint file [C:/Users/aptay/Dropbox/adiuvo/f14-CADC/implementation/constraints/cadc_artys7.xdc]. These constraints will be ignored for synthesis but will be used in implementation. Impacted constraints are listed in the file [.Xil/cadc_system_wrapper_propImpl.xdc].
Resolution: To avoid this warning, move constraints listed in [.Xil/cadc_system_wrapper_propImpl.xdc] to another XDC file and exclude this new file from synthesis with the used_in_synthesis property (File Properties dialog in GUI) and re-run elaboration/synthesis.
Parsing XDC File [C:/Users/aptay/Dropbox/adiuvo/f14-CADC/implementation/vivado_proj_artys7/cadc_artys7.runs/synth_1/dont_touch.xdc]
Finished Parsing XDC File [C:/Users/aptay/Dropbox/adiuvo/f14-CADC/implementation/vivado_proj_artys7/cadc_artys7.runs/synth_1/dont_touch.xdc]
Completed Processing XDC Constraints

Netlist sorting complete. Time (s): cpu = 00:00:00 ; elapsed = 00:00:00 . Memory (MB): peak = 1577.738 ; gain = 0.000
INFO: [Project 1-111] Unisim Transformation Summary:
No Unisim elements were transformed.

Constraint Validation Runtime : Time (s): cpu = 00:00:00 ; elapsed = 00:00:00.008 . Memory (MB): peak = 1577.738 ; gain = 0.000
INFO: [Designutils 20-5440] No compile time benefit to using incremental synthesis; A full resynthesis will be run
INFO: [Designutils 20-4379] Flow is switching to default flow due to incremental criteria not met. If you would like to alter this behaviour and have the flow terminate instead, please set the following parameter config_implementation {autoIncr.Synth.RejectBehavior Terminate}
---------------------------------------------------------------------------------
Finished Constraint Validation : Time (s): cpu = 00:00:15 ; elapsed = 00:00:17 . Memory (MB): peak = 1577.738 ; gain = 696.211
---------------------------------------------------------------------------------
---------------------------------------------------------------------------------
Start Loading Part and Timing Information
---------------------------------------------------------------------------------
Loading part: xc7s50csga324-1
---------------------------------------------------------------------------------
Finished Loading Part and Timing Information : Time (s): cpu = 00:00:15 ; elapsed = 00:00:17 . Memory (MB): peak = 1577.738 ; gain = 696.211
---------------------------------------------------------------------------------
---------------------------------------------------------------------------------
Start Applying 'set_property' XDC Constraints
---------------------------------------------------------------------------------
---------------------------------------------------------------------------------
Finished applying 'set_property' XDC Constraints : Time (s): cpu = 00:00:15 ; elapsed = 00:00:17 . Memory (MB): peak = 1577.738 ; gain = 696.211
---------------------------------------------------------------------------------
---------------------------------------------------------------------------------
Finished RTL Optimization Phase 2 : Time (s): cpu = 00:00:15 ; elapsed = 00:00:17 . Memory (MB): peak = 1577.738 ; gain = 696.211
---------------------------------------------------------------------------------
---------------------------------------------------------------------------------
Start RTL Component Statistics 
---------------------------------------------------------------------------------
Detailed RTL Component Info : 
---------------------------------------------------------------------------------
Finished RTL Component Statistics 
---------------------------------------------------------------------------------
---------------------------------------------------------------------------------
Start Part Resource Summary
---------------------------------------------------------------------------------
Part Resources:
DSPs: 120 (col length:60)
BRAMs: 150 (col length: RAMB18 60 RAMB36 30)
---------------------------------------------------------------------------------
Finished Part Resource Summary
---------------------------------------------------------------------------------
---------------------------------------------------------------------------------
Start Cross Boundary and Area Optimization
---------------------------------------------------------------------------------
WARNING: [Synth 8-7129] Port M00_ACLK in module cadc_system_axi_interconnect_0_0 is either unconnected or has no load
WARNING: [Synth 8-7129] Port M00_ARESETN in module cadc_system_axi_interconnect_0_0 is either unconnected or has no load
WARNING: [Synth 8-7129] Port M01_ACLK in module cadc_system_axi_interconnect_0_0 is either unconnected or has no load
WARNING: [Synth 8-7129] Port M01_ARESETN in module cadc_system_axi_interconnect_0_0 is either unconnected or has no load
WARNING: [Synth 8-7129] Port M02_ACLK in module cadc_system_axi_interconnect_0_0 is either unconnected or has no load
WARNING: [Synth 8-7129] Port M02_ARESETN in module cadc_system_axi_interconnect_0_0 is either unconnected or has no load
WARNING: [Synth 8-7129] Port M03_ACLK in module cadc_system_axi_interconnect_0_0 is either unconnected or has no load
WARNING: [Synth 8-7129] Port M03_ARESETN in module cadc_system_axi_interconnect_0_0 is either unconnected or has no load
WARNING: [Synth 8-7129] Port M04_ACLK in module cadc_system_axi_interconnect_0_0 is either unconnected or has no load
WARNING: [Synth 8-7129] Port M04_ARESETN in module cadc_system_axi_interconnect_0_0 is either unconnected or has no load
WARNING: [Synth 8-7129] Port S00_ACLK in module cadc_system_axi_interconnect_0_0 is either unconnected or has no load
WARNING: [Synth 8-7129] Port S00_ARESETN in module cadc_system_axi_interconnect_0_0 is either unconnected or has no load
---------------------------------------------------------------------------------
Finished Cross Boundary and Area Optimization : Time (s): cpu = 00:00:17 ; elapsed = 00:00:19 . Memory (MB): peak = 1577.738 ; gain = 696.211
---------------------------------------------------------------------------------
---------------------------------------------------------------------------------
Start Applying XDC Timing Constraints
---------------------------------------------------------------------------------
---------------------------------------------------------------------------------
Finished Applying XDC Timing Constraints : Time (s): cpu = 00:00:21 ; elapsed = 00:00:24 . Memory (MB): peak = 1727.910 ; gain = 846.383
---------------------------------------------------------------------------------
---------------------------------------------------------------------------------
Start Timing Optimization
---------------------------------------------------------------------------------
---------------------------------------------------------------------------------
Finished Timing Optimization : Time (s): cpu = 00:00:21 ; elapsed = 00:00:24 . Memory (MB): peak = 1727.910 ; gain = 846.383
---------------------------------------------------------------------------------
---------------------------------------------------------------------------------
Start Technology Mapping
---------------------------------------------------------------------------------
---------------------------------------------------------------------------------
Finished Technology Mapping : Time (s): cpu = 00:00:21 ; elapsed = 00:00:24 . Memory (MB): peak = 1738.754 ; gain = 857.227
---------------------------------------------------------------------------------
---------------------------------------------------------------------------------
Start IO Insertion
---------------------------------------------------------------------------------
---------------------------------------------------------------------------------
Start Flattening Before IO Insertion
---------------------------------------------------------------------------------
---------------------------------------------------------------------------------
Finished Flattening Before IO Insertion
---------------------------------------------------------------------------------
---------------------------------------------------------------------------------
Start Final Netlist Cleanup
---------------------------------------------------------------------------------
---------------------------------------------------------------------------------
Finished Final Netlist Cleanup
---------------------------------------------------------------------------------
---------------------------------------------------------------------------------
Finished IO Insertion : Time (s): cpu = 00:00:25 ; elapsed = 00:00:27 . Memory (MB): peak = 1987.609 ; gain = 1106.082
---------------------------------------------------------------------------------
---------------------------------------------------------------------------------
Start Renaming Generated Instances
---------------------------------------------------------------------------------
---------------------------------------------------------------------------------
Finished Renaming Generated Instances : Time (s): cpu = 00:00:25 ; elapsed = 00:00:27 . Memory (MB): peak = 1987.609 ; gain = 1106.082
---------------------------------------------------------------------------------
---------------------------------------------------------------------------------
Start Rebuilding User Hierarchy
---------------------------------------------------------------------------------
---------------------------------------------------------------------------------
Finished Rebuilding User Hierarchy : Time (s): cpu = 00:00:25 ; elapsed = 00:00:27 . Memory (MB): peak = 1987.609 ; gain = 1106.082
---------------------------------------------------------------------------------
---------------------------------------------------------------------------------
Start Renaming Generated Ports
---------------------------------------------------------------------------------
---------------------------------------------------------------------------------
Finished Renaming Generated Ports : Time (s): cpu = 00:00:25 ; elapsed = 00:00:27 . Memory (MB): peak = 1987.609 ; gain = 1106.082
---------------------------------------------------------------------------------
---------------------------------------------------------------------------------
Start Handling Custom Attributes
---------------------------------------------------------------------------------
---------------------------------------------------------------------------------
Finished Handling Custom Attributes : Time (s): cpu = 00:00:25 ; elapsed = 00:00:27 . Memory (MB): peak = 1987.609 ; gain = 1106.082
---------------------------------------------------------------------------------
---------------------------------------------------------------------------------
Start Renaming Generated Nets
---------------------------------------------------------------------------------
---------------------------------------------------------------------------------
Finished Renaming Generated Nets : Time (s): cpu = 00:00:25 ; elapsed = 00:00:27 . Memory (MB): peak = 1987.609 ; gain = 1106.082
---------------------------------------------------------------------------------
---------------------------------------------------------------------------------
Start Writing Synthesis Report
---------------------------------------------------------------------------------

Report BlackBoxes: 
+------+------------------------------------------+----------+
|      |BlackBox name                             |Instances |
+------+------------------------------------------+----------+
|1     |cadc_system_axi_interconnect_0_imp_xbar_0 |         1|
|2     |cadc_system_axi_gpio_analog_0             |         1|
|3     |cadc_system_axi_gpio_digital_0            |         1|
|4     |cadc_system_axi_gpio_ps_0                 |         1|
|5     |cadc_system_axi_gpio_qc_0                 |         1|
|6     |cadc_system_axi_gpio_tat_0                |         1|
|7     |cadc_system_cadc_top_0_0                  |         1|
|8     |cadc_system_clk_wiz_0_0                   |         1|
|9     |cadc_system_clock_divider_0_0             |         1|
|10    |cadc_system_ila_0_0                       |         1|
|11    |cadc_system_jtag_axi_0_0                  |         1|
|12    |cadc_system_proc_sys_reset_0_0            |         1|
|13    |cadc_system_util_vector_logic_0_0         |         1|
+------+------------------------------------------+----------+

Report Cell Usage: 
+------+-----------------------------------------------+------+
|      |Cell                                           |Count |
+------+-----------------------------------------------+------+
|1     |cadc_system_axi_gpio_analog_0_bbox             |     1|
|2     |cadc_system_axi_gpio_digital_0_bbox            |     1|
|3     |cadc_system_axi_gpio_ps_0_bbox                 |     1|
|4     |cadc_system_axi_gpio_qc_0_bbox                 |     1|
|5     |cadc_system_axi_gpio_tat_0_bbox                |     1|
|6     |cadc_system_axi_interconnect_0_imp_xbar_0_bbox |     1|
|7     |cadc_system_cadc_top_0_0_bbox                  |     1|
|8     |cadc_system_clk_wiz_0_0_bbox                   |     1|
|9     |cadc_system_clock_divider_0_0_bbox             |     1|
|10    |cadc_system_ila_0_0_bbox                       |     1|
|11    |cadc_system_jtag_axi_0_0_bbox                  |     1|
|12    |cadc_system_proc_sys_reset_0_0_bbox            |     1|
|13    |cadc_system_util_vector_logic_0_0_bbox         |     1|
|14    |LUT1                                           |   143|
|15    |IBUF                                           |     1|
+------+-----------------------------------------------+------+
---------------------------------------------------------------------------------
Finished Writing Synthesis Report : Time (s): cpu = 00:00:25 ; elapsed = 00:00:28 . Memory (MB): peak = 1987.609 ; gain = 1106.082
---------------------------------------------------------------------------------
Synthesis finished with 0 errors, 0 critical warnings and 12 warnings.
Synthesis Optimization Runtime : Time (s): cpu = 00:00:17 ; elapsed = 00:00:25 . Memory (MB): peak = 1987.609 ; gain = 1084.152
Synthesis Optimization Complete : Time (s): cpu = 00:00:25 ; elapsed = 00:00:28 . Memory (MB): peak = 1987.609 ; gain = 1106.082
INFO: [Project 1-571] Translating synthesized netlist
Netlist sorting complete. Time (s): cpu = 00:00:00 ; elapsed = 00:00:00.007 . Memory (MB): peak = 1987.609 ; gain = 0.000
INFO: [Project 1-570] Preparing netlist for logic optimization
INFO: [Opt 31-138] Pushed 0 inverter(s) to 0 load pin(s).
Netlist sorting complete. Time (s): cpu = 00:00:00 ; elapsed = 00:00:00.001 . Memory (MB): peak = 2000.469 ; gain = 0.000
INFO: [Project 1-111] Unisim Transformation Summary:
No Unisim elements were transformed.

Synth Design complete | Checksum: 2793ec6f
INFO: [Common 17-83] Releasing license: Synthesis
68 Infos, 38 Warnings, 8 Critical Warnings and 0 Errors encountered.
synth_design completed successfully
synth_design: Time (s): cpu = 00:00:29 ; elapsed = 00:00:35 . Memory (MB): peak = 2000.469 ; gain = 1284.637
INFO: [runtcl-6] Synthesis results are not added to the cache due to CRITICAL_WARNING
Write ShapeDB Complete: Time (s): cpu = 00:00:00 ; elapsed = 00:00:00.006 . Memory (MB): peak = 2000.469 ; gain = 0.000
WARNING: [Runs 36-115] Could not delete directory 'C:/Users/aptay/Dropbox/adiuvo/f14-CADC/implementation/vivado_proj_artys7/cadc_artys7.runs/synth_1/.Xil/Vivado-24804-Adiuvo_Adam/dcp0'.
INFO: [Common 17-1381] The checkpoint 'C:/Users/aptay/Dropbox/adiuvo/f14-CADC/implementation/vivado_proj_artys7/cadc_artys7.runs/synth_1/cadc_system_wrapper.dcp' has been generated.
INFO: [Vivado 12-24828] Executing command : report_utilization -file cadc_system_wrapper_utilization_synth.rpt -pb cadc_system_wrapper_utilization_synth.pb
INFO: [Common 17-206] Exiting Vivado at Wed Mar 18 15:07:53 2026...
