
*** Running vivado
    with args -log cadc_system_cadc_top_0_0.vds -m64 -product Vivado -mode batch -messageDb vivado.pb -notrace -source cadc_system_cadc_top_0_0.tcl



****** Vivado v2025.2 (64-bit)
  **** SW Build 6299465 on Fri Nov 14 19:35:11 GMT 2025
  **** IP Build 6300035 on Fri Nov 14 10:48:45 MST 2025
  **** SharedData Build 6298862 on Thu Nov 13 04:50:51 MST 2025
  **** Start of session at: Wed Mar 18 14:53:52 2026
    ** Copyright 1986-2022 Xilinx, Inc. All Rights Reserved.
    ** Copyright 2022-2025 Advanced Micro Devices, Inc. All Rights Reserved.

source cadc_system_cadc_top_0_0.tcl -notrace
create_project: Time (s): cpu = 00:00:07 ; elapsed = 00:00:12 . Memory (MB): peak = 662.531 ; gain = 220.148
INFO: [IP_Flow 19-234] Refreshing IP repositories
INFO: [IP_Flow 19-1704] No user IP repositories specified
INFO: [IP_Flow 19-2313] Loaded Vivado IP repository 'C:/AMDDesignTools/2025.2/Vivado/data/ip'.
WARNING: [IP_Flow 19-4995] The host OS only allows 260 characters in a normal path. The IP cache path is more than 80 characters. If you experience issues with IP caching, please consider changing the IP cache to a location with a shorter path. Alternately consider using the OS subst command to map part of the path to a drive letter. 
Current IP cache path is c:/Users/aptay/Dropbox/adiuvo/f14-CADC/implementation/vivado_proj_artys7/cadc_artys7.cache/ip 
Command: synth_design -top cadc_system_cadc_top_0_0 -part xc7s50csga324-1 -incremental_mode off -mode out_of_context
Starting synth_design
Attempting to get a license for feature 'Synthesis' and/or device 'xc7s50'
INFO: [Common 17-349] Got license for feature 'Synthesis' and/or device 'xc7s50'
INFO: [Device 21-403] Loading part xc7s50csga324-1
INFO: [Synth 8-7079] Multithreading enabled for synth_design using a maximum of 2 processes.
INFO: [Synth 8-7078] Launching helper process for spawning children vivado processes
INFO: [Synth 8-7075] Helper process launched with PID 34600
---------------------------------------------------------------------------------
Starting RTL Elaboration : Time (s): cpu = 00:00:05 ; elapsed = 00:00:08 . Memory (MB): peak = 1384.848 ; gain = 541.695
---------------------------------------------------------------------------------
INFO: [Synth 8-638] synthesizing module 'cadc_system_cadc_top_0_0' [c:/Users/aptay/Dropbox/adiuvo/f14-CADC/implementation/vivado_proj_artys7/cadc_artys7.gen/sources_1/bd/cadc_system/ip/cadc_system_cadc_top_0_0/synth/cadc_system_cadc_top_0_0.vhd:78]
INFO: [Synth 8-3491] module 'cadc_wrapper' declared at 'C:/Users/aptay/Dropbox/adiuvo/f14-CADC/hdl/cadc_wrapper.vhd:12' bound to instance 'U0' of component 'cadc_wrapper' [c:/Users/aptay/Dropbox/adiuvo/f14-CADC/implementation/vivado_proj_artys7/cadc_artys7.gen/sources_1/bd/cadc_system/ip/cadc_system_cadc_top_0_0/synth/cadc_system_cadc_top_0_0.vhd:117]
INFO: [Synth 8-638] synthesizing module 'cadc_wrapper' [C:/Users/aptay/Dropbox/adiuvo/f14-CADC/hdl/cadc_wrapper.vhd:37]
INFO: [Synth 8-3491] module 'cadc_top' declared at 'C:/Users/aptay/Dropbox/adiuvo/f14-CADC/hdl/cadc_top.vhd:13' bound to instance 'u_cadc_top' of component 'cadc_top' [C:/Users/aptay/Dropbox/adiuvo/f14-CADC/hdl/cadc_wrapper.vhd:63]
INFO: [Synth 8-638] synthesizing module 'cadc_top' [C:/Users/aptay/Dropbox/adiuvo/f14-CADC/hdl/cadc_top.vhd:36]
INFO: [Synth 8-638] synthesizing module 'timing_generator' [C:/Users/aptay/Dropbox/adiuvo/f14-CADC/hdl/timing_generator.vhd:41]
INFO: [Synth 8-226] default block is never used [C:/Users/aptay/Dropbox/adiuvo/f14-CADC/hdl/timing_generator.vhd:95]
INFO: [Synth 8-256] done synthesizing module 'timing_generator' (0#1) [C:/Users/aptay/Dropbox/adiuvo/f14-CADC/hdl/timing_generator.vhd:41]
INFO: [Synth 8-638] synthesizing module 'control_rom_sequencer' [C:/Users/aptay/Dropbox/adiuvo/f14-CADC/hdl/control_rom_sequencer.vhd:45]
INFO: [Synth 8-256] done synthesizing module 'control_rom_sequencer' (0#1) [C:/Users/aptay/Dropbox/adiuvo/f14-CADC/hdl/control_rom_sequencer.vhd:45]
INFO: [Synth 8-638] synthesizing module 'slf' [C:/Users/aptay/Dropbox/adiuvo/f14-CADC/hdl/slf.vhd:37]
INFO: [Synth 8-226] default block is never used [C:/Users/aptay/Dropbox/adiuvo/f14-CADC/hdl/slf.vhd:205]
INFO: [Synth 8-256] done synthesizing module 'slf' (0#1) [C:/Users/aptay/Dropbox/adiuvo/f14-CADC/hdl/slf.vhd:37]
INFO: [Synth 8-638] synthesizing module 'pmu' [C:/Users/aptay/Dropbox/adiuvo/f14-CADC/hdl/pmu.vhd:34]
INFO: [Synth 8-256] done synthesizing module 'pmu' (0#1) [C:/Users/aptay/Dropbox/adiuvo/f14-CADC/hdl/pmu.vhd:34]
INFO: [Synth 8-638] synthesizing module 'pdu' [C:/Users/aptay/Dropbox/adiuvo/f14-CADC/hdl/pdu.vhd:38]
INFO: [Synth 8-256] done synthesizing module 'pdu' (0#1) [C:/Users/aptay/Dropbox/adiuvo/f14-CADC/hdl/pdu.vhd:38]
INFO: [Synth 8-638] synthesizing module 'ras' [C:/Users/aptay/Dropbox/adiuvo/f14-CADC/hdl/ras.vhd:43]
INFO: [Synth 8-256] done synthesizing module 'ras' (0#1) [C:/Users/aptay/Dropbox/adiuvo/f14-CADC/hdl/ras.vhd:43]
INFO: [Synth 8-638] synthesizing module 'sl' [C:/Users/aptay/Dropbox/adiuvo/f14-CADC/hdl/sl.vhd:48]
INFO: [Synth 8-226] default block is never used [C:/Users/aptay/Dropbox/adiuvo/f14-CADC/hdl/sl.vhd:92]
INFO: [Synth 8-226] default block is never used [C:/Users/aptay/Dropbox/adiuvo/f14-CADC/hdl/sl.vhd:111]
INFO: [Synth 8-226] default block is never used [C:/Users/aptay/Dropbox/adiuvo/f14-CADC/hdl/sl.vhd:126]
INFO: [Synth 8-256] done synthesizing module 'sl' (0#1) [C:/Users/aptay/Dropbox/adiuvo/f14-CADC/hdl/sl.vhd:48]
INFO: [Synth 8-638] synthesizing module 'io_bridge' [C:/Users/aptay/Dropbox/adiuvo/f14-CADC/hdl/io_bridge.vhd:38]
INFO: [Synth 8-256] done synthesizing module 'io_bridge' (0#1) [C:/Users/aptay/Dropbox/adiuvo/f14-CADC/hdl/io_bridge.vhd:38]
INFO: [Synth 8-256] done synthesizing module 'cadc_top' (0#1) [C:/Users/aptay/Dropbox/adiuvo/f14-CADC/hdl/cadc_top.vhd:36]
INFO: [Synth 8-256] done synthesizing module 'cadc_wrapper' (0#1) [C:/Users/aptay/Dropbox/adiuvo/f14-CADC/hdl/cadc_wrapper.vhd:37]
INFO: [Synth 8-256] done synthesizing module 'cadc_system_cadc_top_0_0' (0#1) [c:/Users/aptay/Dropbox/adiuvo/f14-CADC/implementation/vivado_proj_artys7/cadc_artys7.gen/sources_1/bd/cadc_system/ip/cadc_system_cadc_top_0_0/synth/cadc_system_cadc_top_0_0.vhd:78]
WARNING: [Synth 8-6014] Unused sequential element s_data_addr_reg was removed.  [C:/Users/aptay/Dropbox/adiuvo/f14-CADC/hdl/control_rom_sequencer.vhd:259]
WARNING: [Synth 8-6014] Unused sequential element s_div_reg_reg was removed.  [C:/Users/aptay/Dropbox/adiuvo/f14-CADC/hdl/pdu.vhd:121]
WARNING: [Synth 8-6014] Unused sequential element s_bit_cnt_reg was removed.  [C:/Users/aptay/Dropbox/adiuvo/f14-CADC/hdl/pdu.vhd:123]
WARNING: [Synth 8-6014] Unused sequential element s_dividend_neg_reg was removed.  [C:/Users/aptay/Dropbox/adiuvo/f14-CADC/hdl/pdu.vhd:141]
WARNING: [Synth 8-6014] Unused sequential element s_divisor_neg_reg was removed.  [C:/Users/aptay/Dropbox/adiuvo/f14-CADC/hdl/pdu.vhd:142]
WARNING: [Synth 8-6014] Unused sequential element s_rd_sr_reg was removed.  [C:/Users/aptay/Dropbox/adiuvo/f14-CADC/hdl/ras.vhd:113]
INFO: [Synth 8-7129] Port i_t19 in module sl is either unconnected or has no load
INFO: [Synth 8-7129] Port i_clk in module ras is either unconnected or has no load
---------------------------------------------------------------------------------
Finished RTL Elaboration : Time (s): cpu = 00:00:07 ; elapsed = 00:00:12 . Memory (MB): peak = 1528.633 ; gain = 685.480
---------------------------------------------------------------------------------
---------------------------------------------------------------------------------
Start Handling Custom Attributes
---------------------------------------------------------------------------------
---------------------------------------------------------------------------------
Finished Handling Custom Attributes : Time (s): cpu = 00:00:07 ; elapsed = 00:00:12 . Memory (MB): peak = 1528.633 ; gain = 685.480
---------------------------------------------------------------------------------
---------------------------------------------------------------------------------
Finished RTL Optimization Phase 1 : Time (s): cpu = 00:00:07 ; elapsed = 00:00:12 . Memory (MB): peak = 1528.633 ; gain = 685.480
---------------------------------------------------------------------------------
Netlist sorting complete. Time (s): cpu = 00:00:00 ; elapsed = 00:00:00.043 . Memory (MB): peak = 1528.633 ; gain = 0.000
INFO: [Project 1-570] Preparing netlist for logic optimization

Processing XDC Constraints
Initializing timing engine
Completed Processing XDC Constraints

Netlist sorting complete. Time (s): cpu = 00:00:00 ; elapsed = 00:00:00.002 . Memory (MB): peak = 1576.086 ; gain = 0.000
INFO: [Project 1-111] Unisim Transformation Summary:
No Unisim elements were transformed.

Constraint Validation Runtime : Time (s): cpu = 00:00:00 ; elapsed = 00:00:00.096 . Memory (MB): peak = 1576.086 ; gain = 0.000
INFO: [Designutils 20-5008] Incremental synthesis strategy off
---------------------------------------------------------------------------------
Finished Constraint Validation : Time (s): cpu = 00:00:16 ; elapsed = 00:00:23 . Memory (MB): peak = 1576.086 ; gain = 732.934
---------------------------------------------------------------------------------
---------------------------------------------------------------------------------
Start Loading Part and Timing Information
---------------------------------------------------------------------------------
Loading part: xc7s50csga324-1
---------------------------------------------------------------------------------
Finished Loading Part and Timing Information : Time (s): cpu = 00:00:16 ; elapsed = 00:00:23 . Memory (MB): peak = 1576.086 ; gain = 732.934
---------------------------------------------------------------------------------
---------------------------------------------------------------------------------
Start Applying 'set_property' XDC Constraints
---------------------------------------------------------------------------------
---------------------------------------------------------------------------------
Finished applying 'set_property' XDC Constraints : Time (s): cpu = 00:00:16 ; elapsed = 00:00:23 . Memory (MB): peak = 1576.086 ; gain = 732.934
---------------------------------------------------------------------------------
INFO: [Synth 8-802] inferred FSM for state register 's_phase_cnt_reg' in module 'timing_generator'
WARNING: [Synth 8-6040] Register s_micro_pc_reg_rep driving address of a ROM cannot be packed in BRAM/URAM because of presence of initial value.
INFO: [Synth 8-802] inferred FSM for state register 's_state_reg' in module 'pdu'
---------------------------------------------------------------------------------------------------
                   State |                     New Encoding |                Previous Encoding 
---------------------------------------------------------------------------------------------------
                    "00" |                             0001 |                               00
                    "01" |                             0010 |                               01
                    "10" |                             0100 |                               10
                    "11" |                             1000 |                               11
---------------------------------------------------------------------------------------------------
INFO: [Synth 8-3354] encoded FSM with state register 's_phase_cnt_reg' using encoding 'one-hot' in module 'timing_generator'
---------------------------------------------------------------------------------------------------
                   State |                     New Encoding |                Previous Encoding 
---------------------------------------------------------------------------------------------------
                    idle |                              001 |                              000
                   setup |                              010 |                              001
                    done |                              100 |                              100
---------------------------------------------------------------------------------------------------
INFO: [Synth 8-3354] encoded FSM with state register 's_state_reg' using encoding 'one-hot' in module 'pdu'
---------------------------------------------------------------------------------
Finished RTL Optimization Phase 2 : Time (s): cpu = 00:00:17 ; elapsed = 00:00:24 . Memory (MB): peak = 1576.086 ; gain = 732.934
---------------------------------------------------------------------------------
No constraint files found.
---------------------------------------------------------------------------------
Start RTL Component Statistics 
---------------------------------------------------------------------------------
Detailed RTL Component Info : 
+---Adders : 
	   2 Input   21 Bit       Adders := 1     
	   3 Input   21 Bit       Adders := 1     
	   2 Input   20 Bit       Adders := 3     
	   2 Input   10 Bit       Adders := 2     
	   2 Input    5 Bit       Adders := 2     
	   2 Input    2 Bit       Adders := 1     
+---XORs : 
	   2 Input     20 Bit         XORs := 1     
	   2 Input      1 Bit         XORs := 38    
+---Registers : 
	               48 Bit    Registers := 1     
	               21 Bit    Registers := 1     
	               20 Bit    Registers := 97    
	               18 Bit    Registers := 1     
	               10 Bit    Registers := 7     
	                8 Bit    Registers := 1     
	                6 Bit    Registers := 2     
	                5 Bit    Registers := 2     
	                4 Bit    Registers := 3     
	                3 Bit    Registers := 2     
	                2 Bit    Registers := 1     
	                1 Bit    Registers := 25    
+---Muxes : 
	   2 Input   47 Bit        Muxes := 1     
	  17 Input   20 Bit        Muxes := 1     
	   2 Input   20 Bit        Muxes := 19    
	   3 Input   20 Bit        Muxes := 1     
	   2 Input   10 Bit        Muxes := 8     
	   4 Input   10 Bit        Muxes := 1     
	   2 Input    8 Bit        Muxes := 5     
	   2 Input    5 Bit        Muxes := 2     
	   2 Input    4 Bit        Muxes := 1     
	   2 Input    1 Bit        Muxes := 90    
	   4 Input    1 Bit        Muxes := 4     
	   3 Input    1 Bit        Muxes := 8     
	  16 Input    1 Bit        Muxes := 1     
	  15 Input    1 Bit        Muxes := 10    
---------------------------------------------------------------------------------
Finished RTL Component Statistics 
---------------------------------------------------------------------------------
---------------------------------------------------------------------------------
Start Part Resource Summary
---------------------------------------------------------------------------------
Part Resources:
DSPs: 120 (col length:60)
BRAMs: 150 (col length: RAMB18 60 RAMB36 30)
---------------------------------------------------------------------------------
Finished Part Resource Summary
---------------------------------------------------------------------------------
No constraint files found.
---------------------------------------------------------------------------------
Start Cross Boundary and Area Optimization
---------------------------------------------------------------------------------
WARNING: [Synth 8-6040] Register s_micro_pc_reg_rep_rep driving address of a ROM cannot be packed in BRAM/URAM because of presence of initial value.
DSP Report: Generating DSP main_proc.v_product_201, operation Mode is: A2*B''.
DSP Report: register main_proc.v_product_201 is absorbed into DSP main_proc.v_product_201.
DSP Report: register main_proc.v_product_201 is absorbed into DSP main_proc.v_product_201.
DSP Report: register s_mplier_lat_reg is absorbed into DSP main_proc.v_product_201.
DSP Report: operator main_proc.v_product_201 is absorbed into DSP main_proc.v_product_201.
DSP Report: operator main_proc.v_product_201 is absorbed into DSP main_proc.v_product_201.
INFO: [Synth 8-7129] Port i_t19 in module sl is either unconnected or has no load
INFO: [Synth 8-7129] Port i_clk in module ras is either unconnected or has no load
---------------------------------------------------------------------------------
Finished Cross Boundary and Area Optimization : Time (s): cpu = 00:00:24 ; elapsed = 00:00:35 . Memory (MB): peak = 1589.520 ; gain = 746.367
---------------------------------------------------------------------------------
 Sort Area is  main_proc.v_product_201_0 : 0 0 : 2932 2932 : Used 1 time 0
---------------------------------------------------------------------------------
Start ROM, RAM, DSP, Shift Register and Retiming Reporting
---------------------------------------------------------------------------------

ROM: Preliminary Mapping Report
+----------------------+---------------+---------------+----------------+
|Module Name           | RTL Object    | Depth x Width | Implemented As | 
+----------------------+---------------+---------------+----------------+
|control_rom_sequencer | s_ctrl_rom[0] | 1024x19       | LUT            | 
|control_rom_sequencer | s_ctrl_rom[0] | 1024x19       | LUT            | 
|control_rom_sequencer | s_ctrl_rom[0] | 1024x19       | LUT            | 
|control_rom_sequencer | s_ctrl_rom[0] | 1024x19       | LUT            | 
+----------------------+---------------+---------------+----------------+


DSP: Preliminary Mapping Report (see note below. The ' indicates corresponding REG is set)
+------------+-------------+--------+--------+--------+--------+--------+------+------+------+------+-------+------+------+
|Module Name | DSP Mapping | A Size | B Size | C Size | D Size | P Size | AREG | BREG | CREG | DREG | ADREG | MREG | PREG | 
+------------+-------------+--------+--------+--------+--------+--------+------+------+------+------+-------+------+------+
|pmu         | A2*B''      | 20     | 18     | -      | -      | 48     | 1    | 2    | -    | -    | -     | 0    | 0    | 
+------------+-------------+--------+--------+--------+--------+--------+------+------+------+------+-------+------+------+

Note: The table above is a preliminary report that shows the DSPs inferred at the current stage of the synthesis flow. Some DSP may be reimplemented as non DSP primitives later in the synthesis flow. Multiple instantiated DSPs are reported only once.
---------------------------------------------------------------------------------
Finished ROM, RAM, DSP, Shift Register and Retiming Reporting
---------------------------------------------------------------------------------
No constraint files found.
---------------------------------------------------------------------------------
Start Timing Optimization
---------------------------------------------------------------------------------
---------------------------------------------------------------------------------
Finished Timing Optimization : Time (s): cpu = 00:00:24 ; elapsed = 00:00:35 . Memory (MB): peak = 1589.520 ; gain = 746.367
---------------------------------------------------------------------------------
---------------------------------------------------------------------------------
Start Technology Mapping
---------------------------------------------------------------------------------
---------------------------------------------------------------------------------
Finished Technology Mapping : Time (s): cpu = 00:00:25 ; elapsed = 00:00:36 . Memory (MB): peak = 1589.520 ; gain = 746.367
---------------------------------------------------------------------------------
---------------------------------------------------------------------------------
Start IO Insertion
---------------------------------------------------------------------------------
---------------------------------------------------------------------------------
Start Flattening Before IO Insertion
---------------------------------------------------------------------------------
---------------------------------------------------------------------------------
Finished Flattening Before IO Insertion
---------------------------------------------------------------------------------
---------------------------------------------------------------------------------
Start Final Netlist Cleanup
---------------------------------------------------------------------------------
---------------------------------------------------------------------------------
Finished Final Netlist Cleanup
---------------------------------------------------------------------------------
---------------------------------------------------------------------------------
Finished IO Insertion : Time (s): cpu = 00:00:29 ; elapsed = 00:00:41 . Memory (MB): peak = 1805.035 ; gain = 961.883
---------------------------------------------------------------------------------
---------------------------------------------------------------------------------
Start Renaming Generated Instances
---------------------------------------------------------------------------------
---------------------------------------------------------------------------------
Finished Renaming Generated Instances : Time (s): cpu = 00:00:29 ; elapsed = 00:00:41 . Memory (MB): peak = 1805.035 ; gain = 961.883
---------------------------------------------------------------------------------
---------------------------------------------------------------------------------
Start Rebuilding User Hierarchy
---------------------------------------------------------------------------------
---------------------------------------------------------------------------------
Finished Rebuilding User Hierarchy : Time (s): cpu = 00:00:29 ; elapsed = 00:00:42 . Memory (MB): peak = 1805.035 ; gain = 961.883
---------------------------------------------------------------------------------
---------------------------------------------------------------------------------
Start Renaming Generated Ports
---------------------------------------------------------------------------------
---------------------------------------------------------------------------------
Finished Renaming Generated Ports : Time (s): cpu = 00:00:29 ; elapsed = 00:00:42 . Memory (MB): peak = 1805.035 ; gain = 961.883
---------------------------------------------------------------------------------
---------------------------------------------------------------------------------
Start Handling Custom Attributes
---------------------------------------------------------------------------------
---------------------------------------------------------------------------------
Finished Handling Custom Attributes : Time (s): cpu = 00:00:29 ; elapsed = 00:00:42 . Memory (MB): peak = 1805.035 ; gain = 961.883
---------------------------------------------------------------------------------
---------------------------------------------------------------------------------
Start Renaming Generated Nets
---------------------------------------------------------------------------------
---------------------------------------------------------------------------------
Finished Renaming Generated Nets : Time (s): cpu = 00:00:29 ; elapsed = 00:00:42 . Memory (MB): peak = 1805.035 ; gain = 961.883
---------------------------------------------------------------------------------
---------------------------------------------------------------------------------
Start Writing Synthesis Report
---------------------------------------------------------------------------------

DSP Final Report (the ' indicates corresponding REG is set)
+------------+-------------+--------+--------+--------+--------+--------+------+------+------+------+-------+------+------+
|Module Name | DSP Mapping | A Size | B Size | C Size | D Size | P Size | AREG | BREG | CREG | DREG | ADREG | MREG | PREG | 
+------------+-------------+--------+--------+--------+--------+--------+------+------+------+------+-------+------+------+
|pmu         | A'*B''      | 30     | 17     | -      | -      | 48     | 1    | 2    | -    | -    | -     | 0    | 0    | 
+------------+-------------+--------+--------+--------+--------+--------+------+------+------+------+-------+------+------+


Report BlackBoxes: 
+-+--------------+----------+
| |BlackBox name |Instances |
+-+--------------+----------+
+-+--------------+----------+

Report Cell Usage: 
+------+--------+------+
|      |Cell    |Count |
+------+--------+------+
|1     |CARRY4  |    34|
|2     |DSP48E1 |     1|
|3     |LUT1    |    23|
|4     |LUT2    |   313|
|5     |LUT3    |   106|
|6     |LUT4    |    85|
|7     |LUT5    |   100|
|8     |LUT6    |   263|
|9     |FDRE    |   585|
|10    |FDSE    |     5|
+------+--------+------+
---------------------------------------------------------------------------------
Finished Writing Synthesis Report : Time (s): cpu = 00:00:29 ; elapsed = 00:00:42 . Memory (MB): peak = 1805.035 ; gain = 961.883
---------------------------------------------------------------------------------
Synthesis finished with 0 errors, 0 critical warnings and 2 warnings.
Synthesis Optimization Runtime : Time (s): cpu = 00:00:19 ; elapsed = 00:00:39 . Memory (MB): peak = 1805.035 ; gain = 914.430
Synthesis Optimization Complete : Time (s): cpu = 00:00:29 ; elapsed = 00:00:42 . Memory (MB): peak = 1805.035 ; gain = 961.883
INFO: [Project 1-571] Translating synthesized netlist
Netlist sorting complete. Time (s): cpu = 00:00:00 ; elapsed = 00:00:00.023 . Memory (MB): peak = 1817.082 ; gain = 0.000
INFO: [Netlist 29-17] Analyzing 35 Unisim elements for replacement
INFO: [Netlist 29-28] Unisim Transformation completed in 1 CPU seconds
INFO: [Project 1-570] Preparing netlist for logic optimization
INFO: [Opt 31-138] Pushed 0 inverter(s) to 0 load pin(s).
Netlist sorting complete. Time (s): cpu = 00:00:00 ; elapsed = 00:00:00.001 . Memory (MB): peak = 1914.984 ; gain = 0.000
INFO: [Project 1-111] Unisim Transformation Summary:
No Unisim elements were transformed.

Synth Design complete | Checksum: 8674e34
INFO: [Common 17-83] Releasing license: Synthesis
55 Infos, 9 Warnings, 0 Critical Warnings and 0 Errors encountered.
synth_design completed successfully
synth_design: Time (s): cpu = 00:00:33 ; elapsed = 00:00:49 . Memory (MB): peak = 1914.984 ; gain = 1234.609
INFO: [Coretcl 2-1174] Renamed 9 cell refs.
Write ShapeDB Complete: Time (s): cpu = 00:00:00 ; elapsed = 00:00:00.002 . Memory (MB): peak = 1914.984 ; gain = 0.000
INFO: [Common 17-1381] The checkpoint 'C:/Users/aptay/Dropbox/adiuvo/f14-CADC/implementation/vivado_proj_artys7/cadc_artys7.runs/cadc_system_cadc_top_0_0_synth_1/cadc_system_cadc_top_0_0.dcp' has been generated.
INFO: [Vivado 12-24828] Executing command : report_utilization -file cadc_system_cadc_top_0_0_utilization_synth.rpt -pb cadc_system_cadc_top_0_0_utilization_synth.pb
INFO: [Common 17-206] Exiting Vivado at Wed Mar 18 14:55:00 2026...
