Copyright 1986-2022 Xilinx, Inc. All Rights Reserved. Copyright 2022-2025 Advanced Micro Devices, Inc. All Rights Reserved.
-------------------------------------------------------------------------------------------------------------------------------------------------------------------------------
| Tool Version     : Vivado v.2025.2 (win64) Build 6299465 Fri Nov 14 19:35:11 GMT 2025
| Date             : Wed Mar 18 15:28:12 2026
| Host             : Adiuvo_Adam running 64-bit major release  (build 9200)
| Command          : report_power -file cadc_system_wrapper_power_routed.rpt -pb cadc_system_wrapper_power_summary_routed.pb -rpx cadc_system_wrapper_power_routed.rpx
| Design           : cadc_system_wrapper
| Device           : xc7s50csga324-1
| Design State     : routed
| Grade            : commercial
| Process          : typical
| Characterization : Production
-------------------------------------------------------------------------------------------------------------------------------------------------------------------------------

Power Report

Table of Contents
-----------------
1. Summary
1.1 On-Chip Components
1.2 Power Supply Summary
1.3 Confidence Level
2. Settings
2.1 Environment
2.2 Clock Constraints
3. Detailed Reports
3.1 By Hierarchy

1. Summary
----------

+--------------------------+--------------+
| Total On-Chip Power (W)  | 0.241        |
| Design Power Budget (W)  | Unspecified* |
| Power Budget Margin (W)  | NA           |
| Dynamic (W)              | 0.171        |
| Device Static (W)        | 0.070        |
| Effective TJA (C/W)      | 4.9          |
| Max Ambient (C)          | 83.8         |
| Junction Temperature (C) | 26.2         |
| Confidence Level         | Medium       |
| Setting File             | ---          |
| Simulation Activity File | ---          |
| Design Nets Matched      | NA           |
+--------------------------+--------------+
* Specify Design Power Budget using, set_operating_conditions -design_power_budget <value in Watts>


1.1 On-Chip Components
----------------------

+--------------------------+-----------+----------+-----------+-----------------+
| On-Chip                  | Power (W) | Used     | Available | Utilization (%) |
+--------------------------+-----------+----------+-----------+-----------------+
| Clocks                   |     0.039 |       12 |       --- |             --- |
| Slice Logic              |     0.008 |    20765 |       --- |             --- |
|   LUT as Logic           |     0.007 |     5632 |     32600 |           17.28 |
|   Register               |    <0.001 |    10098 |     65200 |           15.49 |
|   CARRY4                 |    <0.001 |      288 |      8150 |            3.53 |
|   LUT as Distributed RAM |    <0.001 |      200 |      9600 |            2.08 |
|   LUT as Shift Register  |    <0.001 |      794 |      9600 |            8.27 |
|   F7/F8 Muxes            |    <0.001 |      310 |     32600 |            0.95 |
|   Others                 |     0.000 |     1404 |       --- |             --- |
| Signals                  |     0.007 |    13925 |       --- |             --- |
| Block RAM                |     0.012 |     26.5 |        75 |           35.33 |
| MMCM                     |     0.104 |        1 |         5 |           20.00 |
| DSPs                     |    <0.001 |        1 |       120 |            0.83 |
| I/O                      |    <0.001 |        2 |       210 |            0.95 |
| Static Power             |     0.070 |          |           |                 |
| Total                    |     0.241 |          |           |                 |
+--------------------------+-----------+----------+-----------+-----------------+


1.2 Power Supply Summary
------------------------

+-----------+-------------+-----------+-------------+------------+-------------+-------------+------------+
| Source    | Voltage (V) | Total (A) | Dynamic (A) | Static (A) | Powerup (A) | Budget (A)  | Margin (A) |
+-----------+-------------+-----------+-------------+------------+-------------+-------------+------------+
| Vccint    |       1.000 |     0.076 |       0.066 |      0.010 |       NA    | Unspecified | NA         |
| Vccaux    |       1.800 |     0.070 |       0.058 |      0.013 |       NA    | Unspecified | NA         |
| Vcco33    |       3.300 |     0.000 |       0.000 |      0.000 |       NA    | Unspecified | NA         |
| Vcco25    |       2.500 |     0.000 |       0.000 |      0.000 |       NA    | Unspecified | NA         |
| Vcco18    |       1.800 |     0.000 |       0.000 |      0.000 |       NA    | Unspecified | NA         |
| Vcco15    |       1.500 |     0.000 |       0.000 |      0.000 |       NA    | Unspecified | NA         |
| Vcco135   |       1.350 |     0.000 |       0.000 |      0.000 |       NA    | Unspecified | NA         |
| Vcco12    |       1.200 |     0.000 |       0.000 |      0.000 |       NA    | Unspecified | NA         |
| Vccaux_io |       1.800 |     0.000 |       0.000 |      0.000 |       NA    | Unspecified | NA         |
| Vccbram   |       1.000 |     0.002 |       0.001 |      0.001 |       NA    | Unspecified | NA         |
| Vccadc    |       1.800 |     0.020 |       0.000 |      0.020 |       NA    | Unspecified | NA         |
+-----------+-------------+-----------+-------------+------------+-------------+-------------+------------+


1.3 Confidence Level
--------------------

+-----------------------------+------------+-------------------------------------------------------+------------------------------------------------------------------------------------------------------------+
| User Input Data             | Confidence | Details                                               | Action                                                                                                     |
+-----------------------------+------------+-------------------------------------------------------+------------------------------------------------------------------------------------------------------------+
| Design implementation state | High       | Design is routed                                      |                                                                                                            |
| Clock nodes activity        | High       | User specified more than 95% of clocks                |                                                                                                            |
| I/O nodes activity          | Medium     | More than 5% of inputs are missing user specification | Provide missing input activity with simulation results or by editing the "By Resource Type -> I/Os" view   |
| Internal nodes activity     | Medium     | User specified less than 25% of internal nodes        | Provide missing internal nodes activity with simulation results or by editing the "By Resource Type" views |
| Device models               | High       | Device models are Production                          |                                                                                                            |
|                             |            |                                                       |                                                                                                            |
| Overall confidence level    | Medium     |                                                       |                                                                                                            |
+-----------------------------+------------+-------------------------------------------------------+------------------------------------------------------------------------------------------------------------+


2. Settings
-----------

2.1 Environment
---------------

+-----------------------+--------------------------+
| Ambient Temp (C)      | 25.0                     |
| ThetaJA (C/W)         | 4.9                      |
| Airflow (LFM)         | 250                      |
| Heat Sink             | medium (Medium Profile)  |
| ThetaSA (C/W)         | 4.6                      |
| Board Selection       | medium (10"x10")         |
| # of Board Layers     | 12to15 (12 to 15 Layers) |
| Board Temperature (C) | 25.0                     |
+-----------------------+--------------------------+


2.2 Clock Constraints
---------------------

+--------------------------------------------------------------------------------------------+-------------------------------------------------------------------+-----------------+
| Clock                                                                                      | Domain                                                            | Constraint (ns) |
+--------------------------------------------------------------------------------------------+-------------------------------------------------------------------+-----------------+
| clk_cadc_1p5mhz                                                                            | cadc_system_i/clock_divider_0/U0/o_clk_div                        |           666.7 |
| clk_out1_cadc_system_clk_wiz_0_0                                                           | cadc_system_i/clk_wiz_0/inst/clk_out1_cadc_system_clk_wiz_0_0     |            10.0 |
| clk_out1_cadc_system_clk_wiz_0_0_1                                                         | cadc_system_i/clk_wiz_0/inst/clk_out1_cadc_system_clk_wiz_0_0     |            10.0 |
| clk_out2_cadc_system_clk_wiz_0_0                                                           | cadc_system_i/clk_wiz_0/inst/clk_out2_cadc_system_clk_wiz_0_0     |           166.7 |
| clk_out2_cadc_system_clk_wiz_0_0_1                                                         | cadc_system_i/clk_wiz_0/inst/clk_out2_cadc_system_clk_wiz_0_0     |           166.7 |
| clkfbout_cadc_system_clk_wiz_0_0                                                           | cadc_system_i/clk_wiz_0/inst/clkfbout_cadc_system_clk_wiz_0_0     |            83.3 |
| clkfbout_cadc_system_clk_wiz_0_0_1                                                         | cadc_system_i/clk_wiz_0/inst/clkfbout_cadc_system_clk_wiz_0_0     |            83.3 |
| dbg_hub/inst/BSCANID.u_xsdbm_id/SWITCH_N_EXT_BSCAN.bscan_inst/SERIES7_BSCAN.bscan_inst/TCK | dbg_hub/inst/BSCANID.u_xsdbm_id/SWITCH_N_EXT_BSCAN.bscan_inst/TCK |            33.0 |
| sys_clk                                                                                    | sys_clk                                                           |            83.3 |
| sys_clk_pin                                                                                | sys_clk                                                           |            83.3 |
+--------------------------------------------------------------------------------------------+-------------------------------------------------------------------+-----------------+


3. Detailed Reports
-------------------

3.1 By Hierarchy
----------------

+--------------------------+-----------+
| Name                     | Power (W) |
+--------------------------+-----------+
| cadc_system_wrapper      |     0.171 |
|   cadc_system_i          |     0.168 |
|     clk_wiz_0            |     0.104 |
|       inst               |     0.104 |
|     ila_0                |     0.052 |
|       U0                 |     0.052 |
|     jtag_axi_0           |     0.008 |
|       U0                 |     0.008 |
|   dbg_hub                |     0.003 |
|     inst                 |     0.003 |
|       BSCANID.u_xsdbm_id |     0.003 |
+--------------------------+-----------+


